[30m2022-09-24 09:37:30,173[0;39m [31mWARN [0;39m [[34mHikariPool-1 housekeeper[0;39m] [32mcom.zaxxer.hikari.pool.HikariPool$HouseKeeper[0;39m: HikariPool-1 - Thread starvation or clock leap detected (housekeeper delta=21h13m12s83ms644µs400ns).
[30m2022-09-24 09:37:58,777[0;39m [34mINFO [0;39m [[34mSpringContextShutdownHook[0;39m] [32morg.springframework.orm.jpa.AbstractEntityManagerFactoryBean[0;39m: Closing JPA EntityManagerFactory for persistence unit 'default'
[30m2022-09-24 09:37:59,011[0;39m [34mINFO [0;39m [[34mSpringContextShutdownHook[0;39m] [32morg.springframework.scheduling.concurrent.ExecutorConfigurationSupport[0;39m: Shutting down ExecutorService 'applicationTaskExecutor'
[30m2022-09-24 09:37:59,105[0;39m [34mINFO [0;39m [[34mSpringContextShutdownHook[0;39m] [32mcom.zaxxer.hikari.HikariDataSource[0;39m: HikariPool-1 - Shutdown initiated...
[30m2022-09-24 09:37:59,199[0;39m [34mINFO [0;39m [[34mSpringContextShutdownHook[0;39m] [32mcom.zaxxer.hikari.HikariDataSource[0;39m: HikariPool-1 - Shutdown completed.
[30m2022-09-24 09:43:13,674[0;39m [34mINFO [0;39m [[34mbackground-preinit[0;39m] [32morg.hibernate.validator.internal.util.Version[0;39m: HV000001: Hibernate Validator 6.1.5.Final
[30m2022-09-24 09:43:13,769[0;39m [34mINFO [0;39m [[34mrestartedMain[0;39m] [32morg.springframework.boot.StartupInfoLogger[0;39m: Starting ExamserverApplication on DESKTOP-MS58NDA with PID 11312 (C:\Users\Priyanka\OneDrive\Desktop\Quizzical\quizzical-backend\target\classes started by Priyanka in C:\Users\Priyanka\OneDrive\Desktop\Quizzical\quizzical-backend)
[30m2022-09-24 09:43:13,771[0;39m [39mDEBUG[0;39m [[34mrestartedMain[0;39m] [32morg.springframework.boot.StartupInfoLogger[0;39m: Running with Spring Boot v2.3.3.RELEASE, Spring v5.2.8.RELEASE
[30m2022-09-24 09:43:13,772[0;39m [34mINFO [0;39m [[34mrestartedMain[0;39m] [32morg.springframework.boot.SpringApplication[0;39m: The following profiles are active: dev
[30m2022-09-24 09:43:13,908[0;39m [34mINFO [0;39m [[34mrestartedMain[0;39m] [32morg.springframework.boot.logging.DeferredLog[0;39m: Devtools property defaults active! Set 'spring.devtools.add-properties' to 'false' to disable
[30m2022-09-24 09:43:13,910[0;39m [34mINFO [0;39m [[34mrestartedMain[0;39m] [32morg.springframework.boot.logging.DeferredLog[0;39m: For additional web related logging consider setting the 'logging.level.web' property to 'DEBUG'
[30m2022-09-24 09:43:16,791[0;39m [34mINFO [0;39m [[34mrestartedMain[0;39m] [32morg.springframework.data.repository.config.RepositoryConfigurationDelegate[0;39m: Bootstrapping Spring Data JPA repositories in DEFERRED mode.
[30m2022-09-24 09:43:17,091[0;39m [34mINFO [0;39m [[34mrestartedMain[0;39m] [32morg.springframework.data.repository.config.RepositoryConfigurationDelegate[0;39m: Finished Spring Data repository scanning in 275ms. Found 6 JPA repository interfaces.
[30m2022-09-24 09:43:18,077[0;39m [34mINFO [0;39m [[34mrestartedMain[0;39m] [32morg.springframework.context.support.PostProcessorRegistrationDelegate$BeanPostProcessorChecker[0;39m: Bean 'org.springframework.security.access.expression.method.DefaultMethodSecurityExpressionHandler@2f6332e6' of type [org.springframework.security.access.expression.method.DefaultMethodSecurityExpressionHandler] is not eligible for getting processed by all BeanPostProcessors (for example: not eligible for auto-proxying)
[30m2022-09-24 09:43:18,105[0;39m [34mINFO [0;39m [[34mrestartedMain[0;39m] [32morg.springframework.context.support.PostProcessorRegistrationDelegate$BeanPostProcessorChecker[0;39m: Bean 'methodSecurityMetadataSource' of type [org.springframework.security.access.method.DelegatingMethodSecurityMetadataSource] is not eligible for getting processed by all BeanPostProcessors (for example: not eligible for auto-proxying)
[30m2022-09-24 09:43:19,351[0;39m [34mINFO [0;39m [[34mrestartedMain[0;39m] [32morg.springframework.boot.web.embedded.tomcat.TomcatWebServer[0;39m: Tomcat initialized with port(s): 8081 (http)
[30m2022-09-24 09:43:19,384[0;39m [34mINFO [0;39m [[34mrestartedMain[0;39m] [32morg.apache.juli.logging.DirectJDKLog[0;39m: Initializing ProtocolHandler ["http-nio-8081"]
[30m2022-09-24 09:43:19,386[0;39m [34mINFO [0;39m [[34mrestartedMain[0;39m] [32morg.apache.juli.logging.DirectJDKLog[0;39m: Starting service [Tomcat]
[30m2022-09-24 09:43:19,388[0;39m [34mINFO [0;39m [[34mrestartedMain[0;39m] [32morg.apache.juli.logging.DirectJDKLog[0;39m: Starting Servlet engine: [Apache Tomcat/9.0.37]
[30m2022-09-24 09:43:19,683[0;39m [34mINFO [0;39m [[34mrestartedMain[0;39m] [32morg.apache.juli.logging.DirectJDKLog[0;39m: Initializing Spring embedded WebApplicationContext
[30m2022-09-24 09:43:19,683[0;39m [34mINFO [0;39m [[34mrestartedMain[0;39m] [32morg.springframework.boot.web.servlet.context.ServletWebServerApplicationContext[0;39m: Root WebApplicationContext: initialization completed in 5772 ms
[30m2022-09-24 09:43:20,130[0;39m [39mDEBUG[0;39m [[34mrestartedMain[0;39m] [32morg.springframework.web.filter.GenericFilterBean[0;39m: Filter 'jwtAuthenticationFilter' configured for use
[30m2022-09-24 09:43:20,404[0;39m [34mINFO [0;39m [[34mrestartedMain[0;39m] [32morg.springframework.scheduling.concurrent.ExecutorConfigurationSupport[0;39m: Initializing ExecutorService 'applicationTaskExecutor'
[30m2022-09-24 09:43:20,537[0;39m [34mINFO [0;39m [[34mtask-1[0;39m] [32morg.hibernate.jpa.internal.util.LogHelper[0;39m: HHH000204: Processing PersistenceUnitInfo [name: default]
[30m2022-09-24 09:43:20,705[0;39m [31mWARN [0;39m [[34mrestartedMain[0;39m] [32morg.springframework.boot.autoconfigure.orm.jpa.JpaBaseConfiguration$JpaWebConfiguration[0;39m: spring.jpa.open-in-view is enabled by default. Therefore, database queries may be performed during view rendering. Explicitly configure spring.jpa.open-in-view to disable this warning
[30m2022-09-24 09:43:20,816[0;39m [34mINFO [0;39m [[34mtask-1[0;39m] [32morg.hibernate.Version[0;39m: HHH000412: Hibernate ORM core version 5.4.20.Final
[30m2022-09-24 09:43:21,504[0;39m [34mINFO [0;39m [[34mtask-1[0;39m] [32morg.hibernate.annotations.common.reflection.java.JavaReflectionManager[0;39m: HCANN000001: Hibernate Commons Annotations {5.1.0.Final}
[30m2022-09-24 09:43:21,514[0;39m [34mINFO [0;39m [[34mrestartedMain[0;39m] [32morg.springframework.security.web.DefaultSecurityFilterChain[0;39m: Creating filter chain: any request, [org.springframework.security.web.context.request.async.WebAsyncManagerIntegrationFilter@2ab92899, org.springframework.security.web.context.SecurityContextPersistenceFilter@1ff0ce7f, org.springframework.security.web.header.HeaderWriterFilter@173be493, org.springframework.security.web.authentication.logout.LogoutFilter@4df8ed2, com.exam.config.JwtAuthenticationFilter@388b09a1, org.springframework.security.web.savedrequest.RequestCacheAwareFilter@75fac94a, org.springframework.security.web.servletapi.SecurityContextHolderAwareRequestFilter@6b2b6ceb, org.springframework.security.web.authentication.AnonymousAuthenticationFilter@424a9928, org.springframework.security.web.session.SessionManagementFilter@1696cd3e, org.springframework.security.web.access.ExceptionTranslationFilter@67fdc157, org.springframework.security.web.access.intercept.FilterSecurityInterceptor@cb01ffd]
[30m2022-09-24 09:43:21,967[0;39m [34mINFO [0;39m [[34mtask-1[0;39m] [32mcom.zaxxer.hikari.HikariDataSource[0;39m: HikariPool-1 - Starting...
[30m2022-09-24 09:43:23,777[0;39m [34mINFO [0;39m [[34mtask-1[0;39m] [32mcom.zaxxer.hikari.HikariDataSource[0;39m: HikariPool-1 - Start completed.
[30m2022-09-24 09:43:23,837[0;39m [34mINFO [0;39m [[34mtask-1[0;39m] [32morg.hibernate.dialect.Dialect[0;39m: HHH000400: Using dialect: org.hibernate.dialect.MySQL8Dialect
[30m2022-09-24 09:43:27,024[0;39m [34mINFO [0;39m [[34mtask-1[0;39m] [32morg.hibernate.engine.transaction.jta.platform.internal.JtaPlatformInitiator[0;39m: HHH000490: Using JtaPlatform implementation: [org.hibernate.engine.transaction.jta.platform.internal.NoJtaPlatform]
[30m2022-09-24 09:43:27,033[0;39m [34mINFO [0;39m [[34mtask-1[0;39m] [32morg.springframework.orm.jpa.AbstractEntityManagerFactoryBean[0;39m: Initialized JPA EntityManagerFactory for persistence unit 'default'
[30m2022-09-24 09:43:27,071[0;39m [34mINFO [0;39m [[34mtask-2[0;39m] [32morg.springframework.boot.devtools.autoconfigure.OptionalLiveReloadServer[0;39m: LiveReload server is running on port 35729
[30m2022-09-24 09:43:27,194[0;39m [34mINFO [0;39m [[34mrestartedMain[0;39m] [32morg.apache.juli.logging.DirectJDKLog[0;39m: Starting ProtocolHandler ["http-nio-8081"]
[30m2022-09-24 09:43:27,250[0;39m [34mINFO [0;39m [[34mrestartedMain[0;39m] [32morg.springframework.boot.web.embedded.tomcat.TomcatWebServer[0;39m: Tomcat started on port(s): 8081 (http) with context path ''
[30m2022-09-24 09:43:27,464[0;39m [34mINFO [0;39m [[34mrestartedMain[0;39m] [32morg.springframework.boot.web.embedded.tomcat.TomcatWebServer[0;39m: Tomcat initialized with port(s): 8082 (http)
[30m2022-09-24 09:43:27,473[0;39m [34mINFO [0;39m [[34mrestartedMain[0;39m] [32morg.apache.juli.logging.DirectJDKLog[0;39m: Initializing ProtocolHandler ["http-nio-8082"]
[30m2022-09-24 09:43:27,474[0;39m [34mINFO [0;39m [[34mrestartedMain[0;39m] [32morg.apache.juli.logging.DirectJDKLog[0;39m: Starting service [Tomcat]
[30m2022-09-24 09:43:27,475[0;39m [34mINFO [0;39m [[34mrestartedMain[0;39m] [32morg.apache.juli.logging.DirectJDKLog[0;39m: Starting Servlet engine: [Apache Tomcat/9.0.37]
[30m2022-09-24 09:43:27,527[0;39m [34mINFO [0;39m [[34mrestartedMain[0;39m] [32morg.apache.juli.logging.DirectJDKLog[0;39m: Initializing Spring embedded WebApplicationContext
[30m2022-09-24 09:43:27,527[0;39m [34mINFO [0;39m [[34mrestartedMain[0;39m] [32morg.springframework.boot.web.servlet.context.ServletWebServerApplicationContext[0;39m: Root WebApplicationContext: initialization completed in 270 ms
[30m2022-09-24 09:43:27,552[0;39m [34mINFO [0;39m [[34mrestartedMain[0;39m] [32morg.springframework.boot.actuate.endpoint.web.EndpointLinksResolver[0;39m: Exposing 13 endpoint(s) beneath base path '/actuator'
[30m2022-09-24 09:43:27,627[0;39m [34mINFO [0;39m [[34mrestartedMain[0;39m] [32morg.apache.juli.logging.DirectJDKLog[0;39m: Starting ProtocolHandler ["http-nio-8082"]
[30m2022-09-24 09:43:27,640[0;39m [34mINFO [0;39m [[34mrestartedMain[0;39m] [32morg.springframework.boot.web.embedded.tomcat.TomcatWebServer[0;39m: Tomcat started on port(s): 8082 (http) with context path ''
[30m2022-09-24 09:43:27,642[0;39m [34mINFO [0;39m [[34mrestartedMain[0;39m] [32morg.springframework.data.repository.config.DeferredRepositoryInitializationListener[0;39m: Triggering deferred initialization of Spring Data repositories…
[30m2022-09-24 09:43:28,467[0;39m [34mINFO [0;39m [[34mrestartedMain[0;39m] [32morg.springframework.data.repository.config.DeferredRepositoryInitializationListener[0;39m: Spring Data repositories initialized!
[30m2022-09-24 09:43:28,478[0;39m [34mINFO [0;39m [[34mrestartedMain[0;39m] [32morg.springframework.data.repository.config.DeferredRepositoryInitializationListener[0;39m: Triggering deferred initialization of Spring Data repositories…
[30m2022-09-24 09:43:28,479[0;39m [34mINFO [0;39m [[34mrestartedMain[0;39m] [32morg.springframework.data.repository.config.DeferredRepositoryInitializationListener[0;39m: Spring Data repositories initialized!
[30m2022-09-24 09:43:28,496[0;39m [34mINFO [0;39m [[34mrestartedMain[0;39m] [32morg.springframework.boot.StartupInfoLogger[0;39m: Started ExamserverApplication in 15.714 seconds (JVM running for 17.58)
[30m2022-09-24 09:43:46,521[0;39m [34mINFO [0;39m [[34mhttp-nio-8081-exec-1[0;39m] [32morg.apache.juli.logging.DirectJDKLog[0;39m: Initializing Spring DispatcherServlet 'dispatcherServlet'
[30m2022-09-24 09:43:46,522[0;39m [34mINFO [0;39m [[34mhttp-nio-8081-exec-1[0;39m] [32morg.springframework.web.servlet.FrameworkServlet[0;39m: Initializing Servlet 'dispatcherServlet'
[30m2022-09-24 09:43:46,542[0;39m [34mINFO [0;39m [[34mhttp-nio-8081-exec-1[0;39m] [32morg.springframework.web.servlet.FrameworkServlet[0;39m: Completed initialization in 19 ms
[30m2022-09-24 09:43:46,587[0;39m [34mINFO [0;39m [[34mhttp-nio-8081-exec-1[0;39m] [32mcom.exam.config.JwtAuthenticationFilter[0;39m: Invalid Token
[30m2022-09-24 09:43:47,929[0;39m [34mINFO [0;39m [[34mhttp-nio-8081-exec-1[0;39m] [32mcom.exam.controller.AuthenticateController[0;39m: priyanka98 logged in.
[30m2022-09-24 09:44:57,605[0;39m [1;31mERROR[0;39m [[34mhttp-nio-8081-exec-5[0;39m] [32morg.apache.juli.logging.DirectJDKLog[0;39m: Servlet.service() for servlet [dispatcherServlet] in context with path [] threw exception [Request processing failed; nested exception is org.springframework.http.converter.HttpMessageConversionException: Type definition error: [simple type, class org.hibernate.proxy.pojo.bytebuddy.ByteBuddyInterceptor]; nested exception is com.fasterxml.jackson.databind.exc.InvalidDefinitionException: No serializer found for class org.hibernate.proxy.pojo.bytebuddy.ByteBuddyInterceptor and no properties discovered to create BeanSerializer (to avoid exception, disable SerializationFeature.FAIL_ON_EMPTY_BEANS) (through reference chain: java.util.ArrayList[0]->com.exam.model.exam.Result["quiz"]->com.exam.model.exam.Quiz$HibernateProxy$Mi1YDa2b["hibernateLazyInitializer"])] with root cause
com.fasterxml.jackson.databind.exc.InvalidDefinitionException: No serializer found for class org.hibernate.proxy.pojo.bytebuddy.ByteBuddyInterceptor and no properties discovered to create BeanSerializer (to avoid exception, disable SerializationFeature.FAIL_ON_EMPTY_BEANS) (through reference chain: java.util.ArrayList[0]->com.exam.model.exam.Result["quiz"]->com.exam.model.exam.Quiz$HibernateProxy$Mi1YDa2b["hibernateLazyInitializer"])
	at com.fasterxml.jackson.databind.exc.InvalidDefinitionException.from(InvalidDefinitionException.java:77)
	at com.fasterxml.jackson.databind.SerializerProvider.reportBadDefinition(SerializerProvider.java:1277)
	at com.fasterxml.jackson.databind.DatabindContext.reportBadDefinition(DatabindContext.java:400)
	at com.fasterxml.jackson.databind.ser.impl.UnknownSerializer.failForEmpty(UnknownSerializer.java:71)
	at com.fasterxml.jackson.databind.ser.impl.UnknownSerializer.serialize(UnknownSerializer.java:33)
	at com.fasterxml.jackson.databind.ser.BeanPropertyWriter.serializeAsField(BeanPropertyWriter.java:728)
	at com.fasterxml.jackson.databind.ser.std.BeanSerializerBase.serializeFields(BeanSerializerBase.java:755)
	at com.fasterxml.jackson.databind.ser.BeanSerializer.serialize(BeanSerializer.java:178)
	at com.fasterxml.jackson.databind.ser.BeanPropertyWriter.serializeAsField(BeanPropertyWriter.java:728)
	at com.fasterxml.jackson.databind.ser.std.BeanSerializerBase.serializeFields(BeanSerializerBase.java:755)
	at com.fasterxml.jackson.databind.ser.BeanSerializer.serialize(BeanSerializer.java:178)
	at com.fasterxml.jackson.databind.ser.std.CollectionSerializer.serializeContents(CollectionSerializer.java:145)
	at com.fasterxml.jackson.databind.ser.std.CollectionSerializer.serialize(CollectionSerializer.java:107)
	at com.fasterxml.jackson.databind.ser.std.CollectionSerializer.serialize(CollectionSerializer.java:25)
	at com.fasterxml.jackson.databind.ser.DefaultSerializerProvider._serialize(DefaultSerializerProvider.java:480)
	at com.fasterxml.jackson.databind.ser.DefaultSerializerProvider.serializeValue(DefaultSerializerProvider.java:400)
	at com.fasterxml.jackson.databind.ObjectWriter$Prefetch.serialize(ObjectWriter.java:1512)
	at com.fasterxml.jackson.databind.ObjectWriter.writeValue(ObjectWriter.java:1006)
	at org.springframework.http.converter.json.AbstractJackson2HttpMessageConverter.writeInternal(AbstractJackson2HttpMessageConverter.java:335)
	at org.springframework.http.converter.AbstractGenericHttpMessageConverter.write(AbstractGenericHttpMessageConverter.java:104)
	at org.springframework.web.servlet.mvc.method.annotation.AbstractMessageConverterMethodProcessor.writeWithMessageConverters(AbstractMessageConverterMethodProcessor.java:287)
	at org.springframework.web.servlet.mvc.method.annotation.HttpEntityMethodProcessor.handleReturnValue(HttpEntityMethodProcessor.java:219)
	at org.springframework.web.method.support.HandlerMethodReturnValueHandlerComposite.handleReturnValue(HandlerMethodReturnValueHandlerComposite.java:82)
	at org.springframework.web.servlet.mvc.method.annotation.ServletInvocableHandlerMethod.invokeAndHandle(ServletInvocableHandlerMethod.java:123)
	at org.springframework.web.servlet.mvc.method.annotation.RequestMappingHandlerAdapter.invokeHandlerMethod(RequestMappingHandlerAdapter.java:878)
	at org.springframework.web.servlet.mvc.method.annotation.RequestMappingHandlerAdapter.handleInternal(RequestMappingHandlerAdapter.java:792)
	at org.springframework.web.servlet.mvc.method.AbstractHandlerMethodAdapter.handle(AbstractHandlerMethodAdapter.java:87)
	at org.springframework.web.servlet.DispatcherServlet.doDispatch(DispatcherServlet.java:1040)
	at org.springframework.web.servlet.DispatcherServlet.doService(DispatcherServlet.java:943)
	at org.springframework.web.servlet.FrameworkServlet.processRequest(FrameworkServlet.java:1006)
	at org.springframework.web.servlet.FrameworkServlet.doGet(FrameworkServlet.java:898)
	at javax.servlet.http.HttpServlet.service(HttpServlet.java:626)
	at org.springframework.web.servlet.FrameworkServlet.service(FrameworkServlet.java:883)
	at javax.servlet.http.HttpServlet.service(HttpServlet.java:733)
	at org.apache.catalina.core.ApplicationFilterChain.internalDoFilter(ApplicationFilterChain.java:231)
	at org.apache.catalina.core.ApplicationFilterChain.doFilter(ApplicationFilterChain.java:166)
	at org.apache.tomcat.websocket.server.WsFilter.doFilter(WsFilter.java:53)
	at org.apache.catalina.core.ApplicationFilterChain.internalDoFilter(ApplicationFilterChain.java:193)
	at org.apache.catalina.core.ApplicationFilterChain.doFilter(ApplicationFilterChain.java:166)
	at org.springframework.web.filter.OncePerRequestFilter.doFilter(OncePerRequestFilter.java:113)
	at org.apache.catalina.core.ApplicationFilterChain.internalDoFilter(ApplicationFilterChain.java:193)
	at org.apache.catalina.core.ApplicationFilterChain.doFilter(ApplicationFilterChain.java:166)
	at org.springframework.security.web.FilterChainProxy$VirtualFilterChain.doFilter(FilterChainProxy.java:320)
	at org.springframework.security.web.access.intercept.FilterSecurityInterceptor.invoke(FilterSecurityInterceptor.java:126)
	at org.springframework.security.web.access.intercept.FilterSecurityInterceptor.doFilter(FilterSecurityInterceptor.java:90)
	at org.springframework.security.web.FilterChainProxy$VirtualFilterChain.doFilter(FilterChainProxy.java:334)
	at org.springframework.security.web.access.ExceptionTranslationFilter.doFilter(ExceptionTranslationFilter.java:118)
	at org.springframework.security.web.FilterChainProxy$VirtualFilterChain.doFilter(FilterChainProxy.java:334)
	at org.springframework.security.web.session.SessionManagementFilter.doFilter(SessionManagementFilter.java:137)
	at org.springframework.security.web.FilterChainProxy$VirtualFilterChain.doFilter(FilterChainProxy.java:334)
	at org.springframework.security.web.authentication.AnonymousAuthenticationFilter.doFilter(AnonymousAuthenticationFilter.java:111)
	at org.springframework.security.web.FilterChainProxy$VirtualFilterChain.doFilter(FilterChainProxy.java:334)
	at org.springframework.security.web.servletapi.SecurityContextHolderAwareRequestFilter.doFilter(SecurityContextHolderAwareRequestFilter.java:158)
	at org.springframework.security.web.FilterChainProxy$VirtualFilterChain.doFilter(FilterChainProxy.java:334)
	at org.springframework.security.web.savedrequest.RequestCacheAwareFilter.doFilter(RequestCacheAwareFilter.java:63)
	at org.springframework.security.web.FilterChainProxy$VirtualFilterChain.doFilter(FilterChainProxy.java:334)
	at com.exam.config.JwtAuthenticationFilter.doFilterInternal(JwtAuthenticationFilter.java:76)
	at org.springframework.web.filter.OncePerRequestFilter.doFilter(OncePerRequestFilter.java:119)
	at org.springframework.security.web.FilterChainProxy$VirtualFilterChain.doFilter(FilterChainProxy.java:334)
	at org.springframework.security.web.authentication.logout.LogoutFilter.doFilter(LogoutFilter.java:116)
	at org.springframework.security.web.FilterChainProxy$VirtualFilterChain.doFilter(FilterChainProxy.java:334)
	at org.springframework.security.web.header.HeaderWriterFilter.doHeadersAfter(HeaderWriterFilter.java:92)
	at org.springframework.security.web.header.HeaderWriterFilter.doFilterInternal(HeaderWriterFilter.java:77)
	at org.springframework.web.filter.OncePerRequestFilter.doFilter(OncePerRequestFilter.java:119)
	at org.springframework.security.web.FilterChainProxy$VirtualFilterChain.doFilter(FilterChainProxy.java:334)
	at org.springframework.security.web.context.SecurityContextPersistenceFilter.doFilter(SecurityContextPersistenceFilter.java:105)
	at org.springframework.security.web.FilterChainProxy$VirtualFilterChain.doFilter(FilterChainProxy.java:334)
	at org.springframework.security.web.context.request.async.WebAsyncManagerIntegrationFilter.doFilterInternal(WebAsyncManagerIntegrationFilter.java:56)
	at org.springframework.web.filter.OncePerRequestFilter.doFilter(OncePerRequestFilter.java:119)
	at org.springframework.security.web.FilterChainProxy$VirtualFilterChain.doFilter(FilterChainProxy.java:334)
	at org.springframework.security.web.FilterChainProxy.doFilterInternal(FilterChainProxy.java:215)
	at org.springframework.security.web.FilterChainProxy.doFilter(FilterChainProxy.java:178)
	at org.springframework.web.filter.DelegatingFilterProxy.invokeDelegate(DelegatingFilterProxy.java:358)
	at org.springframework.web.filter.DelegatingFilterProxy.doFilter(DelegatingFilterProxy.java:271)
	at org.apache.catalina.core.ApplicationFilterChain.internalDoFilter(ApplicationFilterChain.java:193)
	at org.apache.catalina.core.ApplicationFilterChain.doFilter(ApplicationFilterChain.java:166)
	at org.springframework.web.filter.RequestContextFilter.doFilterInternal(RequestContextFilter.java:100)
	at org.springframework.web.filter.OncePerRequestFilter.doFilter(OncePerRequestFilter.java:119)
	at org.apache.catalina.core.ApplicationFilterChain.internalDoFilter(ApplicationFilterChain.java:193)
	at org.apache.catalina.core.ApplicationFilterChain.doFilter(ApplicationFilterChain.java:166)
	at org.springframework.web.filter.FormContentFilter.doFilterInternal(FormContentFilter.java:93)
	at org.springframework.web.filter.OncePerRequestFilter.doFilter(OncePerRequestFilter.java:119)
	at org.apache.catalina.core.ApplicationFilterChain.internalDoFilter(ApplicationFilterChain.java:193)
	at org.apache.catalina.core.ApplicationFilterChain.doFilter(ApplicationFilterChain.java:166)
	at org.springframework.boot.actuate.metrics.web.servlet.WebMvcMetricsFilter.doFilterInternal(WebMvcMetricsFilter.java:93)
	at org.springframework.web.filter.OncePerRequestFilter.doFilter(OncePerRequestFilter.java:119)
	at org.apache.catalina.core.ApplicationFilterChain.internalDoFilter(ApplicationFilterChain.java:193)
	at org.apache.catalina.core.ApplicationFilterChain.doFilter(ApplicationFilterChain.java:166)
	at org.springframework.web.filter.CharacterEncodingFilter.doFilterInternal(CharacterEncodingFilter.java:201)
	at org.springframework.web.filter.OncePerRequestFilter.doFilter(OncePerRequestFilter.java:119)
	at org.apache.catalina.core.ApplicationFilterChain.internalDoFilter(ApplicationFilterChain.java:193)
	at org.apache.catalina.core.ApplicationFilterChain.doFilter(ApplicationFilterChain.java:166)
	at org.apache.catalina.core.StandardWrapperValve.invoke(StandardWrapperValve.java:202)
	at org.apache.catalina.core.StandardContextValve.invoke(StandardContextValve.java:96)
	at org.apache.catalina.authenticator.AuthenticatorBase.invoke(AuthenticatorBase.java:541)
	at org.apache.catalina.core.StandardHostValve.invoke(StandardHostValve.java:139)
	at org.apache.catalina.valves.ErrorReportValve.invoke(ErrorReportValve.java:92)
	at org.apache.catalina.core.StandardEngineValve.invoke(StandardEngineValve.java:74)
	at org.apache.catalina.connector.CoyoteAdapter.service(CoyoteAdapter.java:343)
	at org.apache.coyote.http11.Http11Processor.service(Http11Processor.java:373)
	at org.apache.coyote.AbstractProcessorLight.process(AbstractProcessorLight.java:65)
	at org.apache.coyote.AbstractProtocol$ConnectionHandler.process(AbstractProtocol.java:868)
	at org.apache.tomcat.util.net.NioEndpoint$SocketProcessor.doRun(NioEndpoint.java:1589)
	at org.apache.tomcat.util.net.SocketProcessorBase.run(SocketProcessorBase.java:49)
	at java.base/java.util.concurrent.ThreadPoolExecutor.runWorker(ThreadPoolExecutor.java:1136)
	at java.base/java.util.concurrent.ThreadPoolExecutor$Worker.run(ThreadPoolExecutor.java:635)
	at org.apache.tomcat.util.threads.TaskThread$WrappingRunnable.run(TaskThread.java:61)
	at java.base/java.lang.Thread.run(Thread.java:833)
[30m2022-09-24 09:47:42,689[0;39m [34mINFO [0;39m [[34mSpringContextShutdownHook[0;39m] [32morg.springframework.orm.jpa.AbstractEntityManagerFactoryBean[0;39m: Closing JPA EntityManagerFactory for persistence unit 'default'
[30m2022-09-24 09:47:42,809[0;39m [34mINFO [0;39m [[34mSpringContextShutdownHook[0;39m] [32morg.springframework.scheduling.concurrent.ExecutorConfigurationSupport[0;39m: Shutting down ExecutorService 'applicationTaskExecutor'
[30m2022-09-24 09:47:42,849[0;39m [34mINFO [0;39m [[34mSpringContextShutdownHook[0;39m] [32mcom.zaxxer.hikari.HikariDataSource[0;39m: HikariPool-1 - Shutdown initiated...
[30m2022-09-24 09:47:43,130[0;39m [34mINFO [0;39m [[34mSpringContextShutdownHook[0;39m] [32mcom.zaxxer.hikari.HikariDataSource[0;39m: HikariPool-1 - Shutdown completed.
[30m2022-09-24 09:48:06,285[0;39m [34mINFO [0;39m [[34mbackground-preinit[0;39m] [32morg.hibernate.validator.internal.util.Version[0;39m: HV000001: Hibernate Validator 6.1.5.Final
[30m2022-09-24 09:48:06,404[0;39m [34mINFO [0;39m [[34mrestartedMain[0;39m] [32morg.springframework.boot.StartupInfoLogger[0;39m: Starting ExamserverApplication on DESKTOP-MS58NDA with PID 8528 (C:\Users\Priyanka\OneDrive\Desktop\Quizzical\quizzical-backend\target\classes started by Priyanka in C:\Users\Priyanka\OneDrive\Desktop\Quizzical\quizzical-backend)
[30m2022-09-24 09:48:06,404[0;39m [39mDEBUG[0;39m [[34mrestartedMain[0;39m] [32morg.springframework.boot.StartupInfoLogger[0;39m: Running with Spring Boot v2.3.3.RELEASE, Spring v5.2.8.RELEASE
[30m2022-09-24 09:48:06,404[0;39m [34mINFO [0;39m [[34mrestartedMain[0;39m] [32morg.springframework.boot.SpringApplication[0;39m: The following profiles are active: dev
[30m2022-09-24 09:48:06,570[0;39m [34mINFO [0;39m [[34mrestartedMain[0;39m] [32morg.springframework.boot.logging.DeferredLog[0;39m: Devtools property defaults active! Set 'spring.devtools.add-properties' to 'false' to disable
[30m2022-09-24 09:48:06,571[0;39m [34mINFO [0;39m [[34mrestartedMain[0;39m] [32morg.springframework.boot.logging.DeferredLog[0;39m: For additional web related logging consider setting the 'logging.level.web' property to 'DEBUG'
[30m2022-09-24 09:48:09,847[0;39m [34mINFO [0;39m [[34mrestartedMain[0;39m] [32morg.springframework.data.repository.config.RepositoryConfigurationDelegate[0;39m: Bootstrapping Spring Data JPA repositories in DEFERRED mode.
[30m2022-09-24 09:48:10,184[0;39m [34mINFO [0;39m [[34mrestartedMain[0;39m] [32morg.springframework.data.repository.config.RepositoryConfigurationDelegate[0;39m: Finished Spring Data repository scanning in 313ms. Found 6 JPA repository interfaces.
[30m2022-09-24 09:48:11,100[0;39m [34mINFO [0;39m [[34mrestartedMain[0;39m] [32morg.springframework.context.support.PostProcessorRegistrationDelegate$BeanPostProcessorChecker[0;39m: Bean 'org.springframework.security.access.expression.method.DefaultMethodSecurityExpressionHandler@5468f9d3' of type [org.springframework.security.access.expression.method.DefaultMethodSecurityExpressionHandler] is not eligible for getting processed by all BeanPostProcessors (for example: not eligible for auto-proxying)
[30m2022-09-24 09:48:11,114[0;39m [34mINFO [0;39m [[34mrestartedMain[0;39m] [32morg.springframework.context.support.PostProcessorRegistrationDelegate$BeanPostProcessorChecker[0;39m: Bean 'methodSecurityMetadataSource' of type [org.springframework.security.access.method.DelegatingMethodSecurityMetadataSource] is not eligible for getting processed by all BeanPostProcessors (for example: not eligible for auto-proxying)
[30m2022-09-24 09:48:12,438[0;39m [34mINFO [0;39m [[34mrestartedMain[0;39m] [32morg.springframework.boot.web.embedded.tomcat.TomcatWebServer[0;39m: Tomcat initialized with port(s): 8081 (http)
[30m2022-09-24 09:48:12,465[0;39m [34mINFO [0;39m [[34mrestartedMain[0;39m] [32morg.apache.juli.logging.DirectJDKLog[0;39m: Initializing ProtocolHandler ["http-nio-8081"]
[30m2022-09-24 09:48:12,467[0;39m [34mINFO [0;39m [[34mrestartedMain[0;39m] [32morg.apache.juli.logging.DirectJDKLog[0;39m: Starting service [Tomcat]
[30m2022-09-24 09:48:12,468[0;39m [34mINFO [0;39m [[34mrestartedMain[0;39m] [32morg.apache.juli.logging.DirectJDKLog[0;39m: Starting Servlet engine: [Apache Tomcat/9.0.37]
[30m2022-09-24 09:48:12,741[0;39m [34mINFO [0;39m [[34mrestartedMain[0;39m] [32morg.apache.juli.logging.DirectJDKLog[0;39m: Initializing Spring embedded WebApplicationContext
[30m2022-09-24 09:48:12,741[0;39m [34mINFO [0;39m [[34mrestartedMain[0;39m] [32morg.springframework.boot.web.servlet.context.ServletWebServerApplicationContext[0;39m: Root WebApplicationContext: initialization completed in 6169 ms
[30m2022-09-24 09:48:13,076[0;39m [39mDEBUG[0;39m [[34mrestartedMain[0;39m] [32morg.springframework.web.filter.GenericFilterBean[0;39m: Filter 'jwtAuthenticationFilter' configured for use
[30m2022-09-24 09:48:13,269[0;39m [34mINFO [0;39m [[34mrestartedMain[0;39m] [32morg.springframework.scheduling.concurrent.ExecutorConfigurationSupport[0;39m: Initializing ExecutorService 'applicationTaskExecutor'
[30m2022-09-24 09:48:13,395[0;39m [34mINFO [0;39m [[34mtask-1[0;39m] [32morg.hibernate.jpa.internal.util.LogHelper[0;39m: HHH000204: Processing PersistenceUnitInfo [name: default]
[30m2022-09-24 09:48:13,513[0;39m [31mWARN [0;39m [[34mrestartedMain[0;39m] [32morg.springframework.boot.autoconfigure.orm.jpa.JpaBaseConfiguration$JpaWebConfiguration[0;39m: spring.jpa.open-in-view is enabled by default. Therefore, database queries may be performed during view rendering. Explicitly configure spring.jpa.open-in-view to disable this warning
[30m2022-09-24 09:48:13,560[0;39m [34mINFO [0;39m [[34mtask-1[0;39m] [32morg.hibernate.Version[0;39m: HHH000412: Hibernate ORM core version 5.4.20.Final
[30m2022-09-24 09:48:14,244[0;39m [34mINFO [0;39m [[34mtask-1[0;39m] [32morg.hibernate.annotations.common.reflection.java.JavaReflectionManager[0;39m: HCANN000001: Hibernate Commons Annotations {5.1.0.Final}
[30m2022-09-24 09:48:14,301[0;39m [34mINFO [0;39m [[34mrestartedMain[0;39m] [32morg.springframework.security.web.DefaultSecurityFilterChain[0;39m: Creating filter chain: any request, [org.springframework.security.web.context.request.async.WebAsyncManagerIntegrationFilter@1c1e7633, org.springframework.security.web.context.SecurityContextPersistenceFilter@7473f9b3, org.springframework.security.web.header.HeaderWriterFilter@47be0f2c, org.springframework.security.web.authentication.logout.LogoutFilter@390b338e, com.exam.config.JwtAuthenticationFilter@4f7f0365, org.springframework.security.web.savedrequest.RequestCacheAwareFilter@704e3757, org.springframework.security.web.servletapi.SecurityContextHolderAwareRequestFilter@41698244, org.springframework.security.web.authentication.AnonymousAuthenticationFilter@4c04c60, org.springframework.security.web.session.SessionManagementFilter@322fd680, org.springframework.security.web.access.ExceptionTranslationFilter@18c8b96b, org.springframework.security.web.access.intercept.FilterSecurityInterceptor@584a2ead]
[30m2022-09-24 09:48:14,562[0;39m [34mINFO [0;39m [[34mtask-1[0;39m] [32mcom.zaxxer.hikari.HikariDataSource[0;39m: HikariPool-1 - Starting...
[30m2022-09-24 09:48:15,817[0;39m [34mINFO [0;39m [[34mtask-1[0;39m] [32mcom.zaxxer.hikari.HikariDataSource[0;39m: HikariPool-1 - Start completed.
[30m2022-09-24 09:48:15,861[0;39m [34mINFO [0;39m [[34mtask-1[0;39m] [32morg.hibernate.dialect.Dialect[0;39m: HHH000400: Using dialect: org.hibernate.dialect.MySQL8Dialect
[30m2022-09-24 09:48:18,769[0;39m [34mINFO [0;39m [[34mtask-1[0;39m] [32morg.hibernate.engine.transaction.jta.platform.internal.JtaPlatformInitiator[0;39m: HHH000490: Using JtaPlatform implementation: [org.hibernate.engine.transaction.jta.platform.internal.NoJtaPlatform]
[30m2022-09-24 09:48:18,784[0;39m [34mINFO [0;39m [[34mtask-1[0;39m] [32morg.springframework.orm.jpa.AbstractEntityManagerFactoryBean[0;39m: Initialized JPA EntityManagerFactory for persistence unit 'default'
[30m2022-09-24 09:48:18,837[0;39m [34mINFO [0;39m [[34mtask-2[0;39m] [32morg.springframework.boot.devtools.autoconfigure.OptionalLiveReloadServer[0;39m: LiveReload server is running on port 35729
[30m2022-09-24 09:48:18,988[0;39m [34mINFO [0;39m [[34mrestartedMain[0;39m] [32morg.apache.juli.logging.DirectJDKLog[0;39m: Starting ProtocolHandler ["http-nio-8081"]
[30m2022-09-24 09:48:19,072[0;39m [34mINFO [0;39m [[34mrestartedMain[0;39m] [32morg.springframework.boot.web.embedded.tomcat.TomcatWebServer[0;39m: Tomcat started on port(s): 8081 (http) with context path ''
[30m2022-09-24 09:48:19,394[0;39m [34mINFO [0;39m [[34mrestartedMain[0;39m] [32morg.springframework.boot.web.embedded.tomcat.TomcatWebServer[0;39m: Tomcat initialized with port(s): 8082 (http)
[30m2022-09-24 09:48:19,397[0;39m [34mINFO [0;39m [[34mrestartedMain[0;39m] [32morg.apache.juli.logging.DirectJDKLog[0;39m: Initializing ProtocolHandler ["http-nio-8082"]
[30m2022-09-24 09:48:19,397[0;39m [34mINFO [0;39m [[34mrestartedMain[0;39m] [32morg.apache.juli.logging.DirectJDKLog[0;39m: Starting service [Tomcat]
[30m2022-09-24 09:48:19,399[0;39m [34mINFO [0;39m [[34mrestartedMain[0;39m] [32morg.apache.juli.logging.DirectJDKLog[0;39m: Starting Servlet engine: [Apache Tomcat/9.0.37]
[30m2022-09-24 09:48:19,448[0;39m [34mINFO [0;39m [[34mrestartedMain[0;39m] [32morg.apache.juli.logging.DirectJDKLog[0;39m: Initializing Spring embedded WebApplicationContext
[30m2022-09-24 09:48:19,448[0;39m [34mINFO [0;39m [[34mrestartedMain[0;39m] [32morg.springframework.boot.web.servlet.context.ServletWebServerApplicationContext[0;39m: Root WebApplicationContext: initialization completed in 371 ms
[30m2022-09-24 09:48:19,480[0;39m [34mINFO [0;39m [[34mrestartedMain[0;39m] [32morg.springframework.boot.actuate.endpoint.web.EndpointLinksResolver[0;39m: Exposing 13 endpoint(s) beneath base path '/actuator'
[30m2022-09-24 09:48:19,546[0;39m [34mINFO [0;39m [[34mrestartedMain[0;39m] [32morg.apache.juli.logging.DirectJDKLog[0;39m: Starting ProtocolHandler ["http-nio-8082"]
[30m2022-09-24 09:48:19,563[0;39m [34mINFO [0;39m [[34mrestartedMain[0;39m] [32morg.springframework.boot.web.embedded.tomcat.TomcatWebServer[0;39m: Tomcat started on port(s): 8082 (http) with context path ''
[30m2022-09-24 09:48:19,566[0;39m [34mINFO [0;39m [[34mrestartedMain[0;39m] [32morg.springframework.data.repository.config.DeferredRepositoryInitializationListener[0;39m: Triggering deferred initialization of Spring Data repositories…
[30m2022-09-24 09:48:20,475[0;39m [34mINFO [0;39m [[34mrestartedMain[0;39m] [32morg.springframework.data.repository.config.DeferredRepositoryInitializationListener[0;39m: Spring Data repositories initialized!
[30m2022-09-24 09:48:20,484[0;39m [34mINFO [0;39m [[34mrestartedMain[0;39m] [32morg.springframework.data.repository.config.DeferredRepositoryInitializationListener[0;39m: Triggering deferred initialization of Spring Data repositories…
[30m2022-09-24 09:48:20,484[0;39m [34mINFO [0;39m [[34mrestartedMain[0;39m] [32morg.springframework.data.repository.config.DeferredRepositoryInitializationListener[0;39m: Spring Data repositories initialized!
[30m2022-09-24 09:48:20,497[0;39m [34mINFO [0;39m [[34mrestartedMain[0;39m] [32morg.springframework.boot.StartupInfoLogger[0;39m: Started ExamserverApplication in 15.212 seconds (JVM running for 18.047)
[30m2022-09-24 09:48:30,429[0;39m [34mINFO [0;39m [[34mhttp-nio-8081-exec-2[0;39m] [32morg.apache.juli.logging.DirectJDKLog[0;39m: Initializing Spring DispatcherServlet 'dispatcherServlet'
[30m2022-09-24 09:48:30,430[0;39m [34mINFO [0;39m [[34mhttp-nio-8081-exec-2[0;39m] [32morg.springframework.web.servlet.FrameworkServlet[0;39m: Initializing Servlet 'dispatcherServlet'
[30m2022-09-24 09:48:30,464[0;39m [34mINFO [0;39m [[34mhttp-nio-8081-exec-2[0;39m] [32morg.springframework.web.servlet.FrameworkServlet[0;39m: Completed initialization in 33 ms
[30m2022-09-24 09:55:26,579[0;39m [34mINFO [0;39m [[34mhttp-nio-8081-exec-4[0;39m] [32mcom.exam.config.JwtAuthenticationFilter[0;39m: Invalid Token
[30m2022-09-24 09:55:28,848[0;39m [31mWARN [0;39m [[34mhttp-nio-8081-exec-5[0;39m] [32mcom.exam.config.JwtAuthenticationFilter[0;39m: eyJhbGciOiJIUzI1NiJ9.eyJzdWIiOiJwcml5YW5rYTk4IiwiZXhwIjoxNjYzOTQ5MDM2LCJpYXQiOjE2NjM5MTMwMzZ9.CnBs2KJuwQLECIhXc7oRJzg9QAp0Dusn4dzpwS_kZhw has expired
[30m2022-09-24 09:57:00,178[0;39m [31mWARN [0;39m [[34mhttp-nio-8081-exec-7[0;39m] [32mcom.exam.config.JwtAuthenticationFilter[0;39m: eyJhbGciOiJIUzI1NiJ9.eyJzdWIiOiJwcml5YW5rYTk4IiwiZXhwIjoxNjYzOTQ5MDM2LCJpYXQiOjE2NjM5MTMwMzZ9.CnBs2KJuwQLECIhXc7oRJzg9QAp0Dusn4dzpwS_kZhw has expired
[30m2022-09-24 09:57:16,959[0;39m [31mWARN [0;39m [[34mhttp-nio-8081-exec-9[0;39m] [32mcom.exam.config.JwtAuthenticationFilter[0;39m: eyJhbGciOiJIUzI1NiJ9.eyJzdWIiOiJwcml5YW5rYTk4IiwiZXhwIjoxNjYzOTQ5MDM2LCJpYXQiOjE2NjM5MTMwMzZ9.CnBs2KJuwQLECIhXc7oRJzg9QAp0Dusn4dzpwS_kZhw has expired
[30m2022-09-24 10:01:27,344[0;39m [31mWARN [0;39m [[34mhttp-nio-8081-exec-1[0;39m] [32mcom.exam.config.JwtAuthenticationFilter[0;39m: eyJhbGciOiJIUzI1NiJ9.eyJzdWIiOiJwcml5YW5rYTk4IiwiZXhwIjoxNjYzOTQ5MDM2LCJpYXQiOjE2NjM5MTMwMzZ9.CnBs2KJuwQLECIhXc7oRJzg9QAp0Dusn4dzpwS_kZhw has expired
[30m2022-09-24 10:01:31,056[0;39m [34mINFO [0;39m [[34mhttp-nio-8081-exec-3[0;39m] [32mcom.exam.config.JwtAuthenticationFilter[0;39m: Invalid Token
[30m2022-09-24 10:01:31,085[0;39m [34mINFO [0;39m [[34mhttp-nio-8081-exec-4[0;39m] [32mcom.exam.config.JwtAuthenticationFilter[0;39m: Invalid Token
[30m2022-09-24 10:01:31,095[0;39m [31mWARN [0;39m [[34mhttp-nio-8081-exec-5[0;39m] [32mcom.exam.config.JwtAuthenticationFilter[0;39m: eyJhbGciOiJIUzI1NiJ9.eyJzdWIiOiJwcml5YW5rYTk4IiwiZXhwIjoxNjYzOTQ5MDM2LCJpYXQiOjE2NjM5MTMwMzZ9.CnBs2KJuwQLECIhXc7oRJzg9QAp0Dusn4dzpwS_kZhw has expired
[30m2022-09-24 10:01:31,205[0;39m [31mWARN [0;39m [[34mhttp-nio-8081-exec-6[0;39m] [32mcom.exam.config.JwtAuthenticationFilter[0;39m: eyJhbGciOiJIUzI1NiJ9.eyJzdWIiOiJwcml5YW5rYTk4IiwiZXhwIjoxNjYzOTQ5MDM2LCJpYXQiOjE2NjM5MTMwMzZ9.CnBs2KJuwQLECIhXc7oRJzg9QAp0Dusn4dzpwS_kZhw has expired
[30m2022-09-24 10:01:31,205[0;39m [31mWARN [0;39m [[34mhttp-nio-8081-exec-7[0;39m] [32mcom.exam.config.JwtAuthenticationFilter[0;39m: eyJhbGciOiJIUzI1NiJ9.eyJzdWIiOiJwcml5YW5rYTk4IiwiZXhwIjoxNjYzOTQ5MDM2LCJpYXQiOjE2NjM5MTMwMzZ9.CnBs2KJuwQLECIhXc7oRJzg9QAp0Dusn4dzpwS_kZhw has expired
[30m2022-09-24 10:02:48,316[0;39m [34mINFO [0;39m [[34mhttp-nio-8081-exec-1[0;39m] [32mcom.exam.config.JwtAuthenticationFilter[0;39m: Invalid Token
[30m2022-09-24 10:02:48,415[0;39m [31mWARN [0;39m [[34mhttp-nio-8081-exec-2[0;39m] [32mcom.exam.config.JwtAuthenticationFilter[0;39m: eyJhbGciOiJIUzI1NiJ9.eyJzdWIiOiJwcml5YW5rYTk4IiwiZXhwIjoxNjYzOTQ5MDM2LCJpYXQiOjE2NjM5MTMwMzZ9.CnBs2KJuwQLECIhXc7oRJzg9QAp0Dusn4dzpwS_kZhw has expired
[30m2022-09-24 10:02:50,692[0;39m [34mINFO [0;39m [[34mhttp-nio-8081-exec-2[0;39m] [32mcom.exam.controller.AuthenticateController[0;39m: priyanka98 logged in.
[30m2022-09-24 10:02:51,008[0;39m [34mINFO [0;39m [[34mhttp-nio-8081-exec-5[0;39m] [32mcom.exam.config.JwtAuthenticationFilter[0;39m: Invalid Token
[30m2022-09-24 10:04:10,141[0;39m [34mINFO [0;39m [[34mhttp-nio-8081-exec-2[0;39m] [32mcom.exam.controller.AuthenticateController[0;39m: priyanka98 logged in.
[30m2022-09-24 10:04:30,622[0;39m [34mINFO [0;39m [[34mhttp-nio-8081-exec-10[0;39m] [32mcom.exam.config.JwtAuthenticationFilter[0;39m: Invalid Token
[30m2022-09-24 10:05:04,178[0;39m [34mINFO [0;39m [[34mhttp-nio-8081-exec-2[0;39m] [32mcom.exam.config.JwtAuthenticationFilter[0;39m: Invalid Token
[30m2022-09-24 10:22:00,781[0;39m [34mINFO [0;39m [[34mhttp-nio-8081-exec-10[0;39m] [32mcom.exam.config.JwtAuthenticationFilter[0;39m: Invalid Token
[30m2022-09-24 10:22:02,827[0;39m [34mINFO [0;39m [[34mhttp-nio-8081-exec-8[0;39m] [32mcom.exam.service.impl.CategoryServiceImpl[0;39m: new category added.
[30m2022-09-24 10:22:24,349[0;39m [34mINFO [0;39m [[34mhttp-nio-8081-exec-9[0;39m] [32mcom.exam.config.JwtAuthenticationFilter[0;39m: Invalid Token
[30m2022-09-24 10:22:33,304[0;39m [34mINFO [0;39m [[34mhttp-nio-8081-exec-8[0;39m] [32mcom.exam.config.JwtAuthenticationFilter[0;39m: Invalid Token
[30m2022-09-24 10:23:23,515[0;39m [34mINFO [0;39m [[34mhttp-nio-8081-exec-4[0;39m] [32mcom.exam.config.JwtAuthenticationFilter[0;39m: Invalid Token
[30m2022-09-24 10:24:08,880[0;39m [34mINFO [0;39m [[34mhttp-nio-8081-exec-3[0;39m] [32mcom.exam.config.JwtAuthenticationFilter[0;39m: Invalid Token
[30m2022-09-24 10:24:14,905[0;39m [34mINFO [0;39m [[34mhttp-nio-8081-exec-1[0;39m] [32mcom.exam.config.JwtAuthenticationFilter[0;39m: Invalid Token
[30m2022-09-24 10:25:24,911[0;39m [31mWARN [0;39m [[34mhttp-nio-8081-exec-8[0;39m] [32mcom.exam.config.JwtAuthenticationFilter[0;39m: invalid jwt
[30m2022-09-24 10:25:25,085[0;39m [34mINFO [0;39m [[34mhttp-nio-8081-exec-8[0;39m] [32mcom.exam.controller.AuthenticateController[0;39m: jeet97 logged in.
[30m2022-09-24 10:25:25,263[0;39m [34mINFO [0;39m [[34mhttp-nio-8081-exec-2[0;39m] [32mcom.exam.config.JwtAuthenticationFilter[0;39m: Invalid Token
[30m2022-09-24 10:26:14,222[0;39m [34mINFO [0;39m [[34mhttp-nio-8081-exec-3[0;39m] [32mcom.exam.config.JwtAuthenticationFilter[0;39m: Invalid Token
[30m2022-09-24 10:26:14,299[0;39m [31mWARN [0;39m [[34mhttp-nio-8081-exec-7[0;39m] [32mcom.exam.config.JwtAuthenticationFilter[0;39m: invalid jwt
[30m2022-09-24 10:26:14,769[0;39m [34mINFO [0;39m [[34mhttp-nio-8081-exec-7[0;39m] [32mcom.exam.service.impl.UserServiceImpl[0;39m: User with kelly101 is registered.
[30m2022-09-24 10:26:27,286[0;39m [31mWARN [0;39m [[34mhttp-nio-8081-exec-8[0;39m] [32mcom.exam.config.JwtAuthenticationFilter[0;39m: invalid jwt
[30m2022-09-24 10:26:27,468[0;39m [34mINFO [0;39m [[34mhttp-nio-8081-exec-8[0;39m] [32mcom.exam.controller.AuthenticateController[0;39m: kelly101 logged in.
[30m2022-09-24 10:26:35,261[0;39m [34mINFO [0;39m [[34mhttp-nio-8081-exec-9[0;39m] [32mcom.exam.config.JwtAuthenticationFilter[0;39m: Invalid Token
[30m2022-09-24 10:26:42,116[0;39m [34mINFO [0;39m [[34mhttp-nio-8081-exec-10[0;39m] [32mcom.exam.config.JwtAuthenticationFilter[0;39m: Invalid Token
[30m2022-09-24 10:26:44,123[0;39m [34mINFO [0;39m [[34mhttp-nio-8081-exec-1[0;39m] [32mcom.exam.config.JwtAuthenticationFilter[0;39m: Invalid Token
[30m2022-09-24 10:26:46,918[0;39m [34mINFO [0;39m [[34mhttp-nio-8081-exec-6[0;39m] [32mcom.exam.config.JwtAuthenticationFilter[0;39m: Invalid Token
[30m2022-09-24 10:26:56,048[0;39m [34mINFO [0;39m [[34mhttp-nio-8081-exec-9[0;39m] [32mcom.exam.config.JwtAuthenticationFilter[0;39m: Invalid Token
[30m2022-09-24 10:27:08,848[0;39m [31mWARN [0;39m [[34mhttp-nio-8081-exec-6[0;39m] [32mcom.exam.config.JwtAuthenticationFilter[0;39m: invalid jwt
[30m2022-09-24 10:27:09,019[0;39m [34mINFO [0;39m [[34mhttp-nio-8081-exec-6[0;39m] [32mcom.exam.controller.AuthenticateController[0;39m: priyanka98 logged in.
[30m2022-09-24 10:32:02,640[0;39m [34mINFO [0;39m [[34mhttp-nio-8081-exec-1[0;39m] [32mcom.exam.config.JwtAuthenticationFilter[0;39m: Invalid Token
[30m2022-09-24 10:32:37,432[0;39m [34mINFO [0;39m [[34mSpringContextShutdownHook[0;39m] [32morg.springframework.orm.jpa.AbstractEntityManagerFactoryBean[0;39m: Closing JPA EntityManagerFactory for persistence unit 'default'
[30m2022-09-24 10:32:37,547[0;39m [34mINFO [0;39m [[34mSpringContextShutdownHook[0;39m] [32morg.springframework.scheduling.concurrent.ExecutorConfigurationSupport[0;39m: Shutting down ExecutorService 'applicationTaskExecutor'
[30m2022-09-24 10:32:37,616[0;39m [34mINFO [0;39m [[34mSpringContextShutdownHook[0;39m] [32mcom.zaxxer.hikari.HikariDataSource[0;39m: HikariPool-1 - Shutdown initiated...
[30m2022-09-24 10:32:37,757[0;39m [34mINFO [0;39m [[34mSpringContextShutdownHook[0;39m] [32mcom.zaxxer.hikari.HikariDataSource[0;39m: HikariPool-1 - Shutdown completed.
