[30m2022-08-29 21:38:40,551[0;39m [34mINFO [0;39m [[34mbackground-preinit[0;39m] [32morg.hibernate.validator.internal.util.Version[0;39m: HV000001: Hibernate Validator 6.1.5.Final
[30m2022-08-29 21:38:40,769[0;39m [34mINFO [0;39m [[34mrestartedMain[0;39m] [32morg.springframework.boot.StartupInfoLogger[0;39m: Starting ExamserverApplication on DESKTOP-MS58NDA with PID 12208 (C:\Users\Priyanka\OneDrive\Desktop\Quizzical\quizzical-backend\target\classes started by Priyanka in C:\Users\Priyanka\OneDrive\Desktop\Quizzical\quizzical-backend)
[30m2022-08-29 21:38:40,778[0;39m [39mDEBUG[0;39m [[34mrestartedMain[0;39m] [32morg.springframework.boot.StartupInfoLogger[0;39m: Running with Spring Boot v2.3.3.RELEASE, Spring v5.2.8.RELEASE
[30m2022-08-29 21:38:40,782[0;39m [34mINFO [0;39m [[34mrestartedMain[0;39m] [32morg.springframework.boot.SpringApplication[0;39m: The following profiles are active: dev
[30m2022-08-29 21:38:41,096[0;39m [34mINFO [0;39m [[34mrestartedMain[0;39m] [32morg.springframework.boot.logging.DeferredLog[0;39m: Devtools property defaults active! Set 'spring.devtools.add-properties' to 'false' to disable
[30m2022-08-29 21:38:41,096[0;39m [34mINFO [0;39m [[34mrestartedMain[0;39m] [32morg.springframework.boot.logging.DeferredLog[0;39m: For additional web related logging consider setting the 'logging.level.web' property to 'DEBUG'
[30m2022-08-29 21:38:44,141[0;39m [34mINFO [0;39m [[34mrestartedMain[0;39m] [32morg.springframework.data.repository.config.RepositoryConfigurationDelegate[0;39m: Bootstrapping Spring Data JPA repositories in DEFERRED mode.
[30m2022-08-29 21:38:44,399[0;39m [34mINFO [0;39m [[34mrestartedMain[0;39m] [32morg.springframework.data.repository.config.RepositoryConfigurationDelegate[0;39m: Finished Spring Data repository scanning in 232ms. Found 5 JPA repository interfaces.
[30m2022-08-29 21:38:45,593[0;39m [34mINFO [0;39m [[34mrestartedMain[0;39m] [32morg.springframework.context.support.PostProcessorRegistrationDelegate$BeanPostProcessorChecker[0;39m: Bean 'org.springframework.security.access.expression.method.DefaultMethodSecurityExpressionHandler@6964d83a' of type [org.springframework.security.access.expression.method.DefaultMethodSecurityExpressionHandler] is not eligible for getting processed by all BeanPostProcessors (for example: not eligible for auto-proxying)
[30m2022-08-29 21:38:45,607[0;39m [34mINFO [0;39m [[34mrestartedMain[0;39m] [32morg.springframework.context.support.PostProcessorRegistrationDelegate$BeanPostProcessorChecker[0;39m: Bean 'methodSecurityMetadataSource' of type [org.springframework.security.access.method.DelegatingMethodSecurityMetadataSource] is not eligible for getting processed by all BeanPostProcessors (for example: not eligible for auto-proxying)
[30m2022-08-29 21:38:47,424[0;39m [34mINFO [0;39m [[34mrestartedMain[0;39m] [32morg.springframework.boot.web.embedded.tomcat.TomcatWebServer[0;39m: Tomcat initialized with port(s): 8081 (http)
[30m2022-08-29 21:38:47,455[0;39m [34mINFO [0;39m [[34mrestartedMain[0;39m] [32morg.apache.juli.logging.DirectJDKLog[0;39m: Initializing ProtocolHandler ["http-nio-8081"]
[30m2022-08-29 21:38:47,463[0;39m [34mINFO [0;39m [[34mrestartedMain[0;39m] [32morg.apache.juli.logging.DirectJDKLog[0;39m: Starting service [Tomcat]
[30m2022-08-29 21:38:47,466[0;39m [34mINFO [0;39m [[34mrestartedMain[0;39m] [32morg.apache.juli.logging.DirectJDKLog[0;39m: Starting Servlet engine: [Apache Tomcat/9.0.37]
[30m2022-08-29 21:38:49,942[0;39m [34mINFO [0;39m [[34mrestartedMain[0;39m] [32morg.apache.juli.logging.DirectJDKLog[0;39m: Initializing Spring embedded WebApplicationContext
[30m2022-08-29 21:38:49,943[0;39m [34mINFO [0;39m [[34mrestartedMain[0;39m] [32morg.springframework.boot.web.servlet.context.ServletWebServerApplicationContext[0;39m: Root WebApplicationContext: initialization completed in 8846 ms
[30m2022-08-29 21:38:50,766[0;39m [39mDEBUG[0;39m [[34mrestartedMain[0;39m] [32morg.springframework.web.filter.GenericFilterBean[0;39m: Filter 'jwtAuthenticationFilter' configured for use
[30m2022-08-29 21:38:51,418[0;39m [34mINFO [0;39m [[34mrestartedMain[0;39m] [32morg.springframework.scheduling.concurrent.ExecutorConfigurationSupport[0;39m: Initializing ExecutorService 'applicationTaskExecutor'
[30m2022-08-29 21:38:51,617[0;39m [34mINFO [0;39m [[34mtask-1[0;39m] [32morg.hibernate.jpa.internal.util.LogHelper[0;39m: HHH000204: Processing PersistenceUnitInfo [name: default]
[30m2022-08-29 21:38:51,749[0;39m [31mWARN [0;39m [[34mrestartedMain[0;39m] [32morg.springframework.boot.autoconfigure.orm.jpa.JpaBaseConfiguration$JpaWebConfiguration[0;39m: spring.jpa.open-in-view is enabled by default. Therefore, database queries may be performed during view rendering. Explicitly configure spring.jpa.open-in-view to disable this warning
[30m2022-08-29 21:38:52,039[0;39m [34mINFO [0;39m [[34mtask-1[0;39m] [32morg.hibernate.Version[0;39m: HHH000412: Hibernate ORM core version 5.4.20.Final
[30m2022-08-29 21:38:52,618[0;39m [34mINFO [0;39m [[34mrestartedMain[0;39m] [32morg.springframework.security.web.DefaultSecurityFilterChain[0;39m: Creating filter chain: any request, [org.springframework.security.web.context.request.async.WebAsyncManagerIntegrationFilter@3f5cd2f0, org.springframework.security.web.context.SecurityContextPersistenceFilter@54ab8033, org.springframework.security.web.header.HeaderWriterFilter@37510100, org.springframework.security.web.authentication.logout.LogoutFilter@3457aea8, com.exam.config.JwtAuthenticationFilter@29f0af13, org.springframework.security.web.savedrequest.RequestCacheAwareFilter@70f6ac65, org.springframework.security.web.servletapi.SecurityContextHolderAwareRequestFilter@645f995a, org.springframework.security.web.authentication.AnonymousAuthenticationFilter@3b82e958, org.springframework.security.web.session.SessionManagementFilter@1d9f56fa, org.springframework.security.web.access.ExceptionTranslationFilter@115c8d13, org.springframework.security.web.access.intercept.FilterSecurityInterceptor@4a79e03d]
[30m2022-08-29 21:38:52,697[0;39m [34mINFO [0;39m [[34mtask-1[0;39m] [32morg.hibernate.annotations.common.reflection.java.JavaReflectionManager[0;39m: HCANN000001: Hibernate Commons Annotations {5.1.0.Final}
[30m2022-08-29 21:38:53,318[0;39m [34mINFO [0;39m [[34mtask-1[0;39m] [32mcom.zaxxer.hikari.HikariDataSource[0;39m: HikariPool-1 - Starting...
[30m2022-08-29 21:38:55,530[0;39m [34mINFO [0;39m [[34mtask-1[0;39m] [32mcom.zaxxer.hikari.HikariDataSource[0;39m: HikariPool-1 - Start completed.
[30m2022-08-29 21:38:55,590[0;39m [34mINFO [0;39m [[34mtask-1[0;39m] [32morg.hibernate.dialect.Dialect[0;39m: HHH000400: Using dialect: org.hibernate.dialect.MySQL8Dialect
[30m2022-08-29 21:38:59,481[0;39m [34mINFO [0;39m [[34mtask-1[0;39m] [32morg.hibernate.engine.transaction.jta.platform.internal.JtaPlatformInitiator[0;39m: HHH000490: Using JtaPlatform implementation: [org.hibernate.engine.transaction.jta.platform.internal.NoJtaPlatform]
[30m2022-08-29 21:38:59,495[0;39m [34mINFO [0;39m [[34mtask-1[0;39m] [32morg.springframework.orm.jpa.AbstractEntityManagerFactoryBean[0;39m: Initialized JPA EntityManagerFactory for persistence unit 'default'
[30m2022-08-29 21:38:59,530[0;39m [34mINFO [0;39m [[34mtask-2[0;39m] [32morg.springframework.boot.devtools.autoconfigure.OptionalLiveReloadServer[0;39m: LiveReload server is running on port 35729
[30m2022-08-29 21:39:00,714[0;39m [34mINFO [0;39m [[34mrestartedMain[0;39m] [32morg.apache.juli.logging.DirectJDKLog[0;39m: Starting ProtocolHandler ["http-nio-8081"]
[30m2022-08-29 21:39:00,953[0;39m [34mINFO [0;39m [[34mrestartedMain[0;39m] [32morg.springframework.boot.web.embedded.tomcat.TomcatWebServer[0;39m: Tomcat started on port(s): 8081 (http) with context path ''
[30m2022-08-29 21:39:01,391[0;39m [34mINFO [0;39m [[34mrestartedMain[0;39m] [32morg.springframework.boot.web.embedded.tomcat.TomcatWebServer[0;39m: Tomcat initialized with port(s): 8082 (http)
[30m2022-08-29 21:39:01,395[0;39m [34mINFO [0;39m [[34mrestartedMain[0;39m] [32morg.apache.juli.logging.DirectJDKLog[0;39m: Initializing ProtocolHandler ["http-nio-8082"]
[30m2022-08-29 21:39:01,398[0;39m [34mINFO [0;39m [[34mrestartedMain[0;39m] [32morg.apache.juli.logging.DirectJDKLog[0;39m: Starting service [Tomcat]
[30m2022-08-29 21:39:01,400[0;39m [34mINFO [0;39m [[34mrestartedMain[0;39m] [32morg.apache.juli.logging.DirectJDKLog[0;39m: Starting Servlet engine: [Apache Tomcat/9.0.37]
[30m2022-08-29 21:39:01,490[0;39m [34mINFO [0;39m [[34mrestartedMain[0;39m] [32morg.apache.juli.logging.DirectJDKLog[0;39m: Initializing Spring embedded WebApplicationContext
[30m2022-08-29 21:39:01,492[0;39m [34mINFO [0;39m [[34mrestartedMain[0;39m] [32morg.springframework.boot.web.servlet.context.ServletWebServerApplicationContext[0;39m: Root WebApplicationContext: initialization completed in 501 ms
[30m2022-08-29 21:39:01,678[0;39m [34mINFO [0;39m [[34mrestartedMain[0;39m] [32morg.springframework.boot.actuate.endpoint.web.EndpointLinksResolver[0;39m: Exposing 13 endpoint(s) beneath base path '/actuator'
[30m2022-08-29 21:39:01,788[0;39m [34mINFO [0;39m [[34mrestartedMain[0;39m] [32morg.apache.juli.logging.DirectJDKLog[0;39m: Starting ProtocolHandler ["http-nio-8082"]
[30m2022-08-29 21:39:01,804[0;39m [34mINFO [0;39m [[34mrestartedMain[0;39m] [32morg.springframework.boot.web.embedded.tomcat.TomcatWebServer[0;39m: Tomcat started on port(s): 8082 (http) with context path ''
[30m2022-08-29 21:39:01,825[0;39m [34mINFO [0;39m [[34mrestartedMain[0;39m] [32morg.springframework.data.repository.config.DeferredRepositoryInitializationListener[0;39m: Triggering deferred initialization of Spring Data repositories…
[30m2022-08-29 21:39:03,825[0;39m [34mINFO [0;39m [[34mrestartedMain[0;39m] [32morg.springframework.data.repository.config.DeferredRepositoryInitializationListener[0;39m: Spring Data repositories initialized!
[30m2022-08-29 21:39:03,838[0;39m [34mINFO [0;39m [[34mrestartedMain[0;39m] [32morg.springframework.data.repository.config.DeferredRepositoryInitializationListener[0;39m: Triggering deferred initialization of Spring Data repositories…
[30m2022-08-29 21:39:03,839[0;39m [34mINFO [0;39m [[34mrestartedMain[0;39m] [32morg.springframework.data.repository.config.DeferredRepositoryInitializationListener[0;39m: Spring Data repositories initialized!
[30m2022-08-29 21:39:03,879[0;39m [34mINFO [0;39m [[34mrestartedMain[0;39m] [32morg.springframework.boot.StartupInfoLogger[0;39m: Started ExamserverApplication in 24.154 seconds (JVM running for 26.999)
[30m2022-08-29 21:41:30,298[0;39m [34mINFO [0;39m [[34mSpringContextShutdownHook[0;39m] [32morg.springframework.orm.jpa.AbstractEntityManagerFactoryBean[0;39m: Closing JPA EntityManagerFactory for persistence unit 'default'
[30m2022-08-29 21:41:30,349[0;39m [34mINFO [0;39m [[34mSpringContextShutdownHook[0;39m] [32morg.springframework.scheduling.concurrent.ExecutorConfigurationSupport[0;39m: Shutting down ExecutorService 'applicationTaskExecutor'
[30m2022-08-29 21:41:30,363[0;39m [34mINFO [0;39m [[34mSpringContextShutdownHook[0;39m] [32mcom.zaxxer.hikari.HikariDataSource[0;39m: HikariPool-1 - Shutdown initiated...
[30m2022-08-29 21:41:30,410[0;39m [34mINFO [0;39m [[34mSpringContextShutdownHook[0;39m] [32mcom.zaxxer.hikari.HikariDataSource[0;39m: HikariPool-1 - Shutdown completed.
[30m2022-08-29 21:44:53,555[0;39m [34mINFO [0;39m [[34mbackground-preinit[0;39m] [32morg.hibernate.validator.internal.util.Version[0;39m: HV000001: Hibernate Validator 6.1.5.Final
[30m2022-08-29 21:44:53,801[0;39m [34mINFO [0;39m [[34mrestartedMain[0;39m] [32morg.springframework.boot.StartupInfoLogger[0;39m: Starting ExamserverApplication on DESKTOP-MS58NDA with PID 14616 (C:\Users\Priyanka\OneDrive\Desktop\Quizzical\quizzical-backend\target\classes started by Priyanka in C:\Users\Priyanka\OneDrive\Desktop\Quizzical\quizzical-backend)
[30m2022-08-29 21:44:53,805[0;39m [39mDEBUG[0;39m [[34mrestartedMain[0;39m] [32morg.springframework.boot.StartupInfoLogger[0;39m: Running with Spring Boot v2.3.3.RELEASE, Spring v5.2.8.RELEASE
[30m2022-08-29 21:44:53,806[0;39m [34mINFO [0;39m [[34mrestartedMain[0;39m] [32morg.springframework.boot.SpringApplication[0;39m: The following profiles are active: dev
[30m2022-08-29 21:44:53,944[0;39m [34mINFO [0;39m [[34mrestartedMain[0;39m] [32morg.springframework.boot.logging.DeferredLog[0;39m: Devtools property defaults active! Set 'spring.devtools.add-properties' to 'false' to disable
[30m2022-08-29 21:44:53,945[0;39m [34mINFO [0;39m [[34mrestartedMain[0;39m] [32morg.springframework.boot.logging.DeferredLog[0;39m: For additional web related logging consider setting the 'logging.level.web' property to 'DEBUG'
[30m2022-08-29 21:44:56,746[0;39m [34mINFO [0;39m [[34mrestartedMain[0;39m] [32morg.springframework.data.repository.config.RepositoryConfigurationDelegate[0;39m: Bootstrapping Spring Data JPA repositories in DEFERRED mode.
[30m2022-08-29 21:44:56,995[0;39m [34mINFO [0;39m [[34mrestartedMain[0;39m] [32morg.springframework.data.repository.config.RepositoryConfigurationDelegate[0;39m: Finished Spring Data repository scanning in 226ms. Found 5 JPA repository interfaces.
[30m2022-08-29 21:44:57,983[0;39m [34mINFO [0;39m [[34mrestartedMain[0;39m] [32morg.springframework.context.support.PostProcessorRegistrationDelegate$BeanPostProcessorChecker[0;39m: Bean 'org.springframework.security.access.expression.method.DefaultMethodSecurityExpressionHandler@62c23cc7' of type [org.springframework.security.access.expression.method.DefaultMethodSecurityExpressionHandler] is not eligible for getting processed by all BeanPostProcessors (for example: not eligible for auto-proxying)
[30m2022-08-29 21:44:57,993[0;39m [34mINFO [0;39m [[34mrestartedMain[0;39m] [32morg.springframework.context.support.PostProcessorRegistrationDelegate$BeanPostProcessorChecker[0;39m: Bean 'methodSecurityMetadataSource' of type [org.springframework.security.access.method.DelegatingMethodSecurityMetadataSource] is not eligible for getting processed by all BeanPostProcessors (for example: not eligible for auto-proxying)
[30m2022-08-29 21:44:59,054[0;39m [34mINFO [0;39m [[34mrestartedMain[0;39m] [32morg.springframework.boot.web.embedded.tomcat.TomcatWebServer[0;39m: Tomcat initialized with port(s): 8081 (http)
[30m2022-08-29 21:44:59,204[0;39m [34mINFO [0;39m [[34mrestartedMain[0;39m] [32morg.apache.juli.logging.DirectJDKLog[0;39m: Initializing ProtocolHandler ["http-nio-8081"]
[30m2022-08-29 21:44:59,237[0;39m [34mINFO [0;39m [[34mrestartedMain[0;39m] [32morg.apache.juli.logging.DirectJDKLog[0;39m: Starting service [Tomcat]
[30m2022-08-29 21:44:59,244[0;39m [34mINFO [0;39m [[34mrestartedMain[0;39m] [32morg.apache.juli.logging.DirectJDKLog[0;39m: Starting Servlet engine: [Apache Tomcat/9.0.37]
[30m2022-08-29 21:44:59,634[0;39m [34mINFO [0;39m [[34mrestartedMain[0;39m] [32morg.apache.juli.logging.DirectJDKLog[0;39m: Initializing Spring embedded WebApplicationContext
[30m2022-08-29 21:44:59,635[0;39m [34mINFO [0;39m [[34mrestartedMain[0;39m] [32morg.springframework.boot.web.servlet.context.ServletWebServerApplicationContext[0;39m: Root WebApplicationContext: initialization completed in 5688 ms
[30m2022-08-29 21:44:59,946[0;39m [39mDEBUG[0;39m [[34mrestartedMain[0;39m] [32morg.springframework.web.filter.GenericFilterBean[0;39m: Filter 'jwtAuthenticationFilter' configured for use
[30m2022-08-29 21:45:00,284[0;39m [34mINFO [0;39m [[34mrestartedMain[0;39m] [32morg.springframework.scheduling.concurrent.ExecutorConfigurationSupport[0;39m: Initializing ExecutorService 'applicationTaskExecutor'
[30m2022-08-29 21:45:00,412[0;39m [34mINFO [0;39m [[34mtask-1[0;39m] [32morg.hibernate.jpa.internal.util.LogHelper[0;39m: HHH000204: Processing PersistenceUnitInfo [name: default]
[30m2022-08-29 21:45:00,575[0;39m [31mWARN [0;39m [[34mrestartedMain[0;39m] [32morg.springframework.boot.autoconfigure.orm.jpa.JpaBaseConfiguration$JpaWebConfiguration[0;39m: spring.jpa.open-in-view is enabled by default. Therefore, database queries may be performed during view rendering. Explicitly configure spring.jpa.open-in-view to disable this warning
[30m2022-08-29 21:45:00,632[0;39m [34mINFO [0;39m [[34mtask-1[0;39m] [32morg.hibernate.Version[0;39m: HHH000412: Hibernate ORM core version 5.4.20.Final
[30m2022-08-29 21:45:01,187[0;39m [34mINFO [0;39m [[34mtask-1[0;39m] [32morg.hibernate.annotations.common.reflection.java.JavaReflectionManager[0;39m: HCANN000001: Hibernate Commons Annotations {5.1.0.Final}
[30m2022-08-29 21:45:01,277[0;39m [34mINFO [0;39m [[34mrestartedMain[0;39m] [32morg.springframework.security.web.DefaultSecurityFilterChain[0;39m: Creating filter chain: any request, [org.springframework.security.web.context.request.async.WebAsyncManagerIntegrationFilter@492069a8, org.springframework.security.web.context.SecurityContextPersistenceFilter@284c8537, org.springframework.security.web.header.HeaderWriterFilter@778fe2ff, org.springframework.security.web.authentication.logout.LogoutFilter@38deddfe, com.exam.config.JwtAuthenticationFilter@4aac5700, org.springframework.security.web.savedrequest.RequestCacheAwareFilter@591eefaf, org.springframework.security.web.servletapi.SecurityContextHolderAwareRequestFilter@25497508, org.springframework.security.web.authentication.AnonymousAuthenticationFilter@3135d0b3, org.springframework.security.web.session.SessionManagementFilter@34cf5242, org.springframework.security.web.access.ExceptionTranslationFilter@64bce327, org.springframework.security.web.access.intercept.FilterSecurityInterceptor@762ee7bd]
[30m2022-08-29 21:45:01,566[0;39m [34mINFO [0;39m [[34mtask-1[0;39m] [32mcom.zaxxer.hikari.HikariDataSource[0;39m: HikariPool-1 - Starting...
[30m2022-08-29 21:45:02,653[0;39m [34mINFO [0;39m [[34mtask-1[0;39m] [32mcom.zaxxer.hikari.HikariDataSource[0;39m: HikariPool-1 - Start completed.
[30m2022-08-29 21:45:02,692[0;39m [34mINFO [0;39m [[34mtask-1[0;39m] [32morg.hibernate.dialect.Dialect[0;39m: HHH000400: Using dialect: org.hibernate.dialect.MySQL8Dialect
[30m2022-08-29 21:45:05,256[0;39m [34mINFO [0;39m [[34mtask-1[0;39m] [32morg.hibernate.engine.transaction.jta.platform.internal.JtaPlatformInitiator[0;39m: HHH000490: Using JtaPlatform implementation: [org.hibernate.engine.transaction.jta.platform.internal.NoJtaPlatform]
[30m2022-08-29 21:45:05,288[0;39m [34mINFO [0;39m [[34mtask-1[0;39m] [32morg.springframework.orm.jpa.AbstractEntityManagerFactoryBean[0;39m: Initialized JPA EntityManagerFactory for persistence unit 'default'
[30m2022-08-29 21:45:05,325[0;39m [34mINFO [0;39m [[34mtask-2[0;39m] [32morg.springframework.boot.devtools.autoconfigure.OptionalLiveReloadServer[0;39m: LiveReload server is running on port 35729
[30m2022-08-29 21:45:05,483[0;39m [34mINFO [0;39m [[34mrestartedMain[0;39m] [32morg.apache.juli.logging.DirectJDKLog[0;39m: Starting ProtocolHandler ["http-nio-8081"]
[30m2022-08-29 21:45:05,591[0;39m [34mINFO [0;39m [[34mrestartedMain[0;39m] [32morg.springframework.boot.web.embedded.tomcat.TomcatWebServer[0;39m: Tomcat started on port(s): 8081 (http) with context path ''
[30m2022-08-29 21:45:05,838[0;39m [34mINFO [0;39m [[34mrestartedMain[0;39m] [32morg.springframework.boot.web.embedded.tomcat.TomcatWebServer[0;39m: Tomcat initialized with port(s): 8082 (http)
[30m2022-08-29 21:45:05,840[0;39m [34mINFO [0;39m [[34mrestartedMain[0;39m] [32morg.apache.juli.logging.DirectJDKLog[0;39m: Initializing ProtocolHandler ["http-nio-8082"]
[30m2022-08-29 21:45:05,841[0;39m [34mINFO [0;39m [[34mrestartedMain[0;39m] [32morg.apache.juli.logging.DirectJDKLog[0;39m: Starting service [Tomcat]
[30m2022-08-29 21:45:05,842[0;39m [34mINFO [0;39m [[34mrestartedMain[0;39m] [32morg.apache.juli.logging.DirectJDKLog[0;39m: Starting Servlet engine: [Apache Tomcat/9.0.37]
[30m2022-08-29 21:45:05,908[0;39m [34mINFO [0;39m [[34mrestartedMain[0;39m] [32morg.apache.juli.logging.DirectJDKLog[0;39m: Initializing Spring embedded WebApplicationContext
[30m2022-08-29 21:45:05,909[0;39m [34mINFO [0;39m [[34mrestartedMain[0;39m] [32morg.springframework.boot.web.servlet.context.ServletWebServerApplicationContext[0;39m: Root WebApplicationContext: initialization completed in 312 ms
[30m2022-08-29 21:45:05,940[0;39m [34mINFO [0;39m [[34mrestartedMain[0;39m] [32morg.springframework.boot.actuate.endpoint.web.EndpointLinksResolver[0;39m: Exposing 13 endpoint(s) beneath base path '/actuator'
[30m2022-08-29 21:45:06,018[0;39m [34mINFO [0;39m [[34mrestartedMain[0;39m] [32morg.apache.juli.logging.DirectJDKLog[0;39m: Starting ProtocolHandler ["http-nio-8082"]
[30m2022-08-29 21:45:06,029[0;39m [34mINFO [0;39m [[34mrestartedMain[0;39m] [32morg.springframework.boot.web.embedded.tomcat.TomcatWebServer[0;39m: Tomcat started on port(s): 8082 (http) with context path ''
[30m2022-08-29 21:45:06,032[0;39m [34mINFO [0;39m [[34mrestartedMain[0;39m] [32morg.springframework.data.repository.config.DeferredRepositoryInitializationListener[0;39m: Triggering deferred initialization of Spring Data repositories…
[30m2022-08-29 21:45:06,871[0;39m [34mINFO [0;39m [[34mrestartedMain[0;39m] [32morg.springframework.data.repository.config.DeferredRepositoryInitializationListener[0;39m: Spring Data repositories initialized!
[30m2022-08-29 21:45:06,877[0;39m [34mINFO [0;39m [[34mrestartedMain[0;39m] [32morg.springframework.data.repository.config.DeferredRepositoryInitializationListener[0;39m: Triggering deferred initialization of Spring Data repositories…
[30m2022-08-29 21:45:06,878[0;39m [34mINFO [0;39m [[34mrestartedMain[0;39m] [32morg.springframework.data.repository.config.DeferredRepositoryInitializationListener[0;39m: Spring Data repositories initialized!
[30m2022-08-29 21:45:06,897[0;39m [34mINFO [0;39m [[34mrestartedMain[0;39m] [32morg.springframework.boot.StartupInfoLogger[0;39m: Started ExamserverApplication in 14.243 seconds (JVM running for 16.435)
[30m2022-08-29 22:31:19,530[0;39m [34mINFO [0;39m [[34mSpringContextShutdownHook[0;39m] [32morg.springframework.orm.jpa.AbstractEntityManagerFactoryBean[0;39m: Closing JPA EntityManagerFactory for persistence unit 'default'
[30m2022-08-29 22:31:19,873[0;39m [34mINFO [0;39m [[34mSpringContextShutdownHook[0;39m] [32morg.springframework.scheduling.concurrent.ExecutorConfigurationSupport[0;39m: Shutting down ExecutorService 'applicationTaskExecutor'
[30m2022-08-29 22:31:19,984[0;39m [34mINFO [0;39m [[34mSpringContextShutdownHook[0;39m] [32mcom.zaxxer.hikari.HikariDataSource[0;39m: HikariPool-1 - Shutdown initiated...
[30m2022-08-29 22:31:20,155[0;39m [34mINFO [0;39m [[34mSpringContextShutdownHook[0;39m] [32mcom.zaxxer.hikari.HikariDataSource[0;39m: HikariPool-1 - Shutdown completed.
