[30m2022-07-13 07:37:58,972[0;39m [34mINFO [0;39m [[34mbackground-preinit[0;39m] [32morg.hibernate.validator.internal.util.Version[0;39m: HV000001: Hibernate Validator 6.1.5.Final
[30m2022-07-13 07:37:59,220[0;39m [34mINFO [0;39m [[34mrestartedMain[0;39m] [32morg.springframework.boot.StartupInfoLogger[0;39m: Starting ExamserverApplication on DESKTOP-MS58NDA with PID 8304 (F:\quizzical-backend\target\classes started by Priyanka in F:\quizzical-backend)
[30m2022-07-13 07:37:59,222[0;39m [39mDEBUG[0;39m [[34mrestartedMain[0;39m] [32morg.springframework.boot.StartupInfoLogger[0;39m: Running with Spring Boot v2.3.3.RELEASE, Spring v5.2.8.RELEASE
[30m2022-07-13 07:37:59,224[0;39m [34mINFO [0;39m [[34mrestartedMain[0;39m] [32morg.springframework.boot.SpringApplication[0;39m: The following profiles are active: dev
[30m2022-07-13 07:37:59,389[0;39m [34mINFO [0;39m [[34mrestartedMain[0;39m] [32morg.springframework.boot.logging.DeferredLog[0;39m: Devtools property defaults active! Set 'spring.devtools.add-properties' to 'false' to disable
[30m2022-07-13 07:37:59,390[0;39m [34mINFO [0;39m [[34mrestartedMain[0;39m] [32morg.springframework.boot.logging.DeferredLog[0;39m: For additional web related logging consider setting the 'logging.level.web' property to 'DEBUG'
[30m2022-07-13 07:38:02,466[0;39m [34mINFO [0;39m [[34mrestartedMain[0;39m] [32morg.springframework.data.repository.config.RepositoryConfigurationDelegate[0;39m: Bootstrapping Spring Data JPA repositories in DEFERRED mode.
[30m2022-07-13 07:38:02,632[0;39m [34mINFO [0;39m [[34mrestartedMain[0;39m] [32morg.springframework.data.repository.config.RepositoryConfigurationDelegate[0;39m: Finished Spring Data repository scanning in 148ms. Found 5 JPA repository interfaces.
[30m2022-07-13 07:38:04,114[0;39m [34mINFO [0;39m [[34mrestartedMain[0;39m] [32morg.springframework.context.support.PostProcessorRegistrationDelegate$BeanPostProcessorChecker[0;39m: Bean 'org.springframework.security.access.expression.method.DefaultMethodSecurityExpressionHandler@3e6d5a7e' of type [org.springframework.security.access.expression.method.DefaultMethodSecurityExpressionHandler] is not eligible for getting processed by all BeanPostProcessors (for example: not eligible for auto-proxying)
[30m2022-07-13 07:38:04,126[0;39m [34mINFO [0;39m [[34mrestartedMain[0;39m] [32morg.springframework.context.support.PostProcessorRegistrationDelegate$BeanPostProcessorChecker[0;39m: Bean 'methodSecurityMetadataSource' of type [org.springframework.security.access.method.DelegatingMethodSecurityMetadataSource] is not eligible for getting processed by all BeanPostProcessors (for example: not eligible for auto-proxying)
[30m2022-07-13 07:38:05,066[0;39m [34mINFO [0;39m [[34mrestartedMain[0;39m] [32morg.springframework.boot.web.embedded.tomcat.TomcatWebServer[0;39m: Tomcat initialized with port(s): 8081 (http)
[30m2022-07-13 07:38:05,099[0;39m [34mINFO [0;39m [[34mrestartedMain[0;39m] [32morg.apache.juli.logging.DirectJDKLog[0;39m: Initializing ProtocolHandler ["http-nio-8081"]
[30m2022-07-13 07:38:05,100[0;39m [34mINFO [0;39m [[34mrestartedMain[0;39m] [32morg.apache.juli.logging.DirectJDKLog[0;39m: Starting service [Tomcat]
[30m2022-07-13 07:38:05,102[0;39m [34mINFO [0;39m [[34mrestartedMain[0;39m] [32morg.apache.juli.logging.DirectJDKLog[0;39m: Starting Servlet engine: [Apache Tomcat/9.0.37]
[30m2022-07-13 07:38:05,512[0;39m [34mINFO [0;39m [[34mrestartedMain[0;39m] [32morg.apache.juli.logging.DirectJDKLog[0;39m: Initializing Spring embedded WebApplicationContext
[30m2022-07-13 07:38:05,518[0;39m [34mINFO [0;39m [[34mrestartedMain[0;39m] [32morg.springframework.boot.web.servlet.context.ServletWebServerApplicationContext[0;39m: Root WebApplicationContext: initialization completed in 6126 ms
[30m2022-07-13 07:38:05,894[0;39m [39mDEBUG[0;39m [[34mrestartedMain[0;39m] [32morg.springframework.web.filter.GenericFilterBean[0;39m: Filter 'jwtAuthenticationFilter' configured for use
[30m2022-07-13 07:38:06,140[0;39m [34mINFO [0;39m [[34mrestartedMain[0;39m] [32morg.springframework.scheduling.concurrent.ExecutorConfigurationSupport[0;39m: Initializing ExecutorService 'applicationTaskExecutor'
[30m2022-07-13 07:38:06,278[0;39m [34mINFO [0;39m [[34mtask-1[0;39m] [32morg.hibernate.jpa.internal.util.LogHelper[0;39m: HHH000204: Processing PersistenceUnitInfo [name: default]
[30m2022-07-13 07:38:06,430[0;39m [31mWARN [0;39m [[34mrestartedMain[0;39m] [32morg.springframework.boot.autoconfigure.orm.jpa.JpaBaseConfiguration$JpaWebConfiguration[0;39m: spring.jpa.open-in-view is enabled by default. Therefore, database queries may be performed during view rendering. Explicitly configure spring.jpa.open-in-view to disable this warning
[30m2022-07-13 07:38:06,498[0;39m [34mINFO [0;39m [[34mtask-1[0;39m] [32morg.hibernate.Version[0;39m: HHH000412: Hibernate ORM core version 5.4.20.Final
[30m2022-07-13 07:38:07,085[0;39m [34mINFO [0;39m [[34mtask-1[0;39m] [32morg.hibernate.annotations.common.reflection.java.JavaReflectionManager[0;39m: HCANN000001: Hibernate Commons Annotations {5.1.0.Final}
[30m2022-07-13 07:38:07,186[0;39m [34mINFO [0;39m [[34mrestartedMain[0;39m] [32morg.springframework.security.web.DefaultSecurityFilterChain[0;39m: Creating filter chain: any request, [org.springframework.security.web.context.request.async.WebAsyncManagerIntegrationFilter@776870d, org.springframework.security.web.context.SecurityContextPersistenceFilter@23159a44, org.springframework.security.web.header.HeaderWriterFilter@77afd1f8, org.springframework.security.web.authentication.logout.LogoutFilter@b10a29, com.exam.config.JwtAuthenticationFilter@7e62d443, org.springframework.security.web.savedrequest.RequestCacheAwareFilter@5ea8e26b, org.springframework.security.web.servletapi.SecurityContextHolderAwareRequestFilter@1ff0ce7f, org.springframework.security.web.authentication.AnonymousAuthenticationFilter@cb01ffd, org.springframework.security.web.session.SessionManagementFilter@4620aeac, org.springframework.security.web.access.ExceptionTranslationFilter@7b39d9d0, org.springframework.security.web.access.intercept.FilterSecurityInterceptor@38b7be7b]
[30m2022-07-13 07:38:07,495[0;39m [34mINFO [0;39m [[34mtask-1[0;39m] [32mcom.zaxxer.hikari.HikariDataSource[0;39m: HikariPool-1 - Starting...
[30m2022-07-13 07:38:09,127[0;39m [34mINFO [0;39m [[34mtask-1[0;39m] [32mcom.zaxxer.hikari.HikariDataSource[0;39m: HikariPool-1 - Start completed.
[30m2022-07-13 07:38:09,212[0;39m [34mINFO [0;39m [[34mtask-1[0;39m] [32morg.hibernate.dialect.Dialect[0;39m: HHH000400: Using dialect: org.hibernate.dialect.MySQL8Dialect
[30m2022-07-13 07:38:12,440[0;39m [34mINFO [0;39m [[34mtask-1[0;39m] [32morg.hibernate.engine.transaction.jta.platform.internal.JtaPlatformInitiator[0;39m: HHH000490: Using JtaPlatform implementation: [org.hibernate.engine.transaction.jta.platform.internal.NoJtaPlatform]
[30m2022-07-13 07:38:12,487[0;39m [34mINFO [0;39m [[34mtask-1[0;39m] [32morg.springframework.orm.jpa.AbstractEntityManagerFactoryBean[0;39m: Initialized JPA EntityManagerFactory for persistence unit 'default'
[30m2022-07-13 07:38:12,536[0;39m [34mINFO [0;39m [[34mtask-2[0;39m] [32morg.springframework.boot.devtools.autoconfigure.OptionalLiveReloadServer[0;39m: LiveReload server is running on port 35729
[30m2022-07-13 07:38:12,680[0;39m [34mINFO [0;39m [[34mrestartedMain[0;39m] [32morg.apache.juli.logging.DirectJDKLog[0;39m: Starting ProtocolHandler ["http-nio-8081"]
[30m2022-07-13 07:38:12,779[0;39m [34mINFO [0;39m [[34mrestartedMain[0;39m] [32morg.springframework.boot.web.embedded.tomcat.TomcatWebServer[0;39m: Tomcat started on port(s): 8081 (http) with context path ''
[30m2022-07-13 07:38:13,791[0;39m [34mINFO [0;39m [[34mrestartedMain[0;39m] [32morg.springframework.boot.web.embedded.tomcat.TomcatWebServer[0;39m: Tomcat initialized with port(s): 9000 (http)
[30m2022-07-13 07:38:13,795[0;39m [34mINFO [0;39m [[34mrestartedMain[0;39m] [32morg.apache.juli.logging.DirectJDKLog[0;39m: Initializing ProtocolHandler ["http-nio-9000"]
[30m2022-07-13 07:38:13,798[0;39m [34mINFO [0;39m [[34mrestartedMain[0;39m] [32morg.apache.juli.logging.DirectJDKLog[0;39m: Starting service [Tomcat]
[30m2022-07-13 07:38:13,799[0;39m [34mINFO [0;39m [[34mrestartedMain[0;39m] [32morg.apache.juli.logging.DirectJDKLog[0;39m: Starting Servlet engine: [Apache Tomcat/9.0.37]
[30m2022-07-13 07:38:13,887[0;39m [34mINFO [0;39m [[34mrestartedMain[0;39m] [32morg.apache.juli.logging.DirectJDKLog[0;39m: Initializing Spring embedded WebApplicationContext
[30m2022-07-13 07:38:13,889[0;39m [34mINFO [0;39m [[34mrestartedMain[0;39m] [32morg.springframework.boot.web.servlet.context.ServletWebServerApplicationContext[0;39m: Root WebApplicationContext: initialization completed in 1098 ms
[30m2022-07-13 07:38:13,926[0;39m [34mINFO [0;39m [[34mrestartedMain[0;39m] [32morg.springframework.boot.actuate.endpoint.web.EndpointLinksResolver[0;39m: Exposing 13 endpoint(s) beneath base path '/actuator'
[30m2022-07-13 07:38:14,023[0;39m [34mINFO [0;39m [[34mrestartedMain[0;39m] [32morg.apache.juli.logging.DirectJDKLog[0;39m: Starting ProtocolHandler ["http-nio-9000"]
[30m2022-07-13 07:38:14,055[0;39m [34mINFO [0;39m [[34mrestartedMain[0;39m] [32morg.springframework.boot.web.embedded.tomcat.TomcatWebServer[0;39m: Tomcat started on port(s): 9000 (http) with context path ''
[30m2022-07-13 07:38:14,060[0;39m [34mINFO [0;39m [[34mrestartedMain[0;39m] [32morg.springframework.data.repository.config.DeferredRepositoryInitializationListener[0;39m: Triggering deferred initialization of Spring Data repositories…
[30m2022-07-13 07:38:15,378[0;39m [34mINFO [0;39m [[34mrestartedMain[0;39m] [32morg.springframework.data.repository.config.DeferredRepositoryInitializationListener[0;39m: Spring Data repositories initialized!
[30m2022-07-13 07:38:15,383[0;39m [34mINFO [0;39m [[34mrestartedMain[0;39m] [32morg.springframework.data.repository.config.DeferredRepositoryInitializationListener[0;39m: Triggering deferred initialization of Spring Data repositories…
[30m2022-07-13 07:38:15,384[0;39m [34mINFO [0;39m [[34mrestartedMain[0;39m] [32morg.springframework.data.repository.config.DeferredRepositoryInitializationListener[0;39m: Spring Data repositories initialized!
[30m2022-07-13 07:38:15,411[0;39m [34mINFO [0;39m [[34mrestartedMain[0;39m] [32morg.springframework.boot.StartupInfoLogger[0;39m: Started ExamserverApplication in 17.319 seconds (JVM running for 20.152)
[30m2022-07-13 07:39:42,746[0;39m [34mINFO [0;39m [[34mhttp-nio-8081-exec-1[0;39m] [32morg.apache.juli.logging.DirectJDKLog[0;39m: Initializing Spring DispatcherServlet 'dispatcherServlet'
[30m2022-07-13 07:39:42,790[0;39m [34mINFO [0;39m [[34mhttp-nio-8081-exec-1[0;39m] [32morg.springframework.web.servlet.FrameworkServlet[0;39m: Initializing Servlet 'dispatcherServlet'
[30m2022-07-13 07:39:42,878[0;39m [34mINFO [0;39m [[34mhttp-nio-8081-exec-1[0;39m] [32morg.springframework.web.servlet.FrameworkServlet[0;39m: Completed initialization in 87 ms
[30m2022-07-13 07:39:42,964[0;39m [34mINFO [0;39m [[34mhttp-nio-8081-exec-1[0;39m] [32mcom.exam.config.JwtAuthenticationFilter[0;39m: Invalid Token
[30m2022-07-13 07:39:45,691[0;39m [34mINFO [0;39m [[34mhttp-nio-8081-exec-2[0;39m] [32mcom.exam.controller.AuthenticateController[0;39m: priyanka98 logged in.
[30m2022-07-13 07:39:46,054[0;39m [34mINFO [0;39m [[34mhttp-nio-8081-exec-3[0;39m] [32mcom.exam.config.JwtAuthenticationFilter[0;39m: Invalid Token
[30m2022-07-13 07:39:46,764[0;39m [34mINFO [0;39m [[34mhttp-nio-8081-exec-6[0;39m] [32mcom.exam.config.JwtAuthenticationFilter[0;39m: Invalid Token
[30m2022-07-13 07:39:46,837[0;39m [34mINFO [0;39m [[34mhttp-nio-8081-exec-7[0;39m] [32mcom.exam.config.JwtAuthenticationFilter[0;39m: Invalid Token
[30m2022-07-13 07:39:46,850[0;39m [34mINFO [0;39m [[34mhttp-nio-8081-exec-5[0;39m] [32mcom.exam.config.JwtAuthenticationFilter[0;39m: Invalid Token
[30m2022-07-13 07:40:01,011[0;39m [34mINFO [0;39m [[34mhttp-nio-8081-exec-10[0;39m] [32mcom.exam.config.JwtAuthenticationFilter[0;39m: Invalid Token
[30m2022-07-13 08:01:35,885[0;39m [31mWARN [0;39m [[34mHikariPool-1 housekeeper[0;39m] [32mcom.zaxxer.hikari.pool.HikariPool$HouseKeeper[0;39m: HikariPool-1 - Thread starvation or clock leap detected (housekeeper delta=56s181ms616µs200ns).
[30m2022-07-13 08:11:11,474[0;39m [34mINFO [0;39m [[34mhttp-nio-8081-exec-8[0;39m] [32mcom.exam.config.JwtAuthenticationFilter[0;39m: Invalid Token
[30m2022-07-13 08:11:11,538[0;39m [34mINFO [0;39m [[34mhttp-nio-8081-exec-9[0;39m] [32mcom.exam.config.JwtAuthenticationFilter[0;39m: Invalid Token
[30m2022-07-13 08:11:11,580[0;39m [34mINFO [0;39m [[34mhttp-nio-8081-exec-5[0;39m] [32mcom.exam.config.JwtAuthenticationFilter[0;39m: Invalid Token
[30m2022-07-13 08:11:18,622[0;39m [34mINFO [0;39m [[34mhttp-nio-8081-exec-6[0;39m] [32mcom.exam.config.JwtAuthenticationFilter[0;39m: Invalid Token
[30m2022-07-13 08:18:43,982[0;39m [34mINFO [0;39m [[34mSpringContextShutdownHook[0;39m] [32morg.springframework.orm.jpa.AbstractEntityManagerFactoryBean[0;39m: Closing JPA EntityManagerFactory for persistence unit 'default'
[30m2022-07-13 08:18:44,219[0;39m [34mINFO [0;39m [[34mSpringContextShutdownHook[0;39m] [32morg.springframework.scheduling.concurrent.ExecutorConfigurationSupport[0;39m: Shutting down ExecutorService 'applicationTaskExecutor'
[30m2022-07-13 08:18:44,312[0;39m [34mINFO [0;39m [[34mSpringContextShutdownHook[0;39m] [32mcom.zaxxer.hikari.HikariDataSource[0;39m: HikariPool-1 - Shutdown initiated...
[30m2022-07-13 08:18:44,370[0;39m [34mINFO [0;39m [[34mSpringContextShutdownHook[0;39m] [32mcom.zaxxer.hikari.HikariDataSource[0;39m: HikariPool-1 - Shutdown completed.
[30m2022-07-13 11:07:25,975[0;39m [34mINFO [0;39m [[34mbackground-preinit[0;39m] [32morg.hibernate.validator.internal.util.Version[0;39m: HV000001: Hibernate Validator 6.1.5.Final
[30m2022-07-13 11:07:26,097[0;39m [34mINFO [0;39m [[34mrestartedMain[0;39m] [32morg.springframework.boot.StartupInfoLogger[0;39m: Starting ExamserverApplication on DESKTOP-MS58NDA with PID 13700 (F:\quizzical-backend\target\classes started by Priyanka in F:\quizzical-backend)
[30m2022-07-13 11:07:26,100[0;39m [39mDEBUG[0;39m [[34mrestartedMain[0;39m] [32morg.springframework.boot.StartupInfoLogger[0;39m: Running with Spring Boot v2.3.3.RELEASE, Spring v5.2.8.RELEASE
[30m2022-07-13 11:07:26,101[0;39m [34mINFO [0;39m [[34mrestartedMain[0;39m] [32morg.springframework.boot.SpringApplication[0;39m: The following profiles are active: dev
[30m2022-07-13 11:07:26,323[0;39m [34mINFO [0;39m [[34mrestartedMain[0;39m] [32morg.springframework.boot.logging.DeferredLog[0;39m: Devtools property defaults active! Set 'spring.devtools.add-properties' to 'false' to disable
[30m2022-07-13 11:07:26,325[0;39m [34mINFO [0;39m [[34mrestartedMain[0;39m] [32morg.springframework.boot.logging.DeferredLog[0;39m: For additional web related logging consider setting the 'logging.level.web' property to 'DEBUG'
[30m2022-07-13 11:07:29,839[0;39m [34mINFO [0;39m [[34mrestartedMain[0;39m] [32morg.springframework.data.repository.config.RepositoryConfigurationDelegate[0;39m: Bootstrapping Spring Data JPA repositories in DEFERRED mode.
[30m2022-07-13 11:07:30,135[0;39m [34mINFO [0;39m [[34mrestartedMain[0;39m] [32morg.springframework.data.repository.config.RepositoryConfigurationDelegate[0;39m: Finished Spring Data repository scanning in 263ms. Found 5 JPA repository interfaces.
[30m2022-07-13 11:07:31,077[0;39m [34mINFO [0;39m [[34mrestartedMain[0;39m] [32morg.springframework.context.support.PostProcessorRegistrationDelegate$BeanPostProcessorChecker[0;39m: Bean 'org.springframework.security.access.expression.method.DefaultMethodSecurityExpressionHandler@628ec389' of type [org.springframework.security.access.expression.method.DefaultMethodSecurityExpressionHandler] is not eligible for getting processed by all BeanPostProcessors (for example: not eligible for auto-proxying)
[30m2022-07-13 11:07:31,141[0;39m [34mINFO [0;39m [[34mrestartedMain[0;39m] [32morg.springframework.context.support.PostProcessorRegistrationDelegate$BeanPostProcessorChecker[0;39m: Bean 'methodSecurityMetadataSource' of type [org.springframework.security.access.method.DelegatingMethodSecurityMetadataSource] is not eligible for getting processed by all BeanPostProcessors (for example: not eligible for auto-proxying)
[30m2022-07-13 11:07:32,276[0;39m [34mINFO [0;39m [[34mrestartedMain[0;39m] [32morg.springframework.boot.web.embedded.tomcat.TomcatWebServer[0;39m: Tomcat initialized with port(s): 8081 (http)
[30m2022-07-13 11:07:32,307[0;39m [34mINFO [0;39m [[34mrestartedMain[0;39m] [32morg.apache.juli.logging.DirectJDKLog[0;39m: Initializing ProtocolHandler ["http-nio-8081"]
[30m2022-07-13 11:07:32,308[0;39m [34mINFO [0;39m [[34mrestartedMain[0;39m] [32morg.apache.juli.logging.DirectJDKLog[0;39m: Starting service [Tomcat]
[30m2022-07-13 11:07:32,309[0;39m [34mINFO [0;39m [[34mrestartedMain[0;39m] [32morg.apache.juli.logging.DirectJDKLog[0;39m: Starting Servlet engine: [Apache Tomcat/9.0.37]
[30m2022-07-13 11:07:32,627[0;39m [34mINFO [0;39m [[34mrestartedMain[0;39m] [32morg.apache.juli.logging.DirectJDKLog[0;39m: Initializing Spring embedded WebApplicationContext
[30m2022-07-13 11:07:32,629[0;39m [34mINFO [0;39m [[34mrestartedMain[0;39m] [32morg.springframework.boot.web.servlet.context.ServletWebServerApplicationContext[0;39m: Root WebApplicationContext: initialization completed in 6302 ms
[30m2022-07-13 11:07:33,432[0;39m [39mDEBUG[0;39m [[34mrestartedMain[0;39m] [32morg.springframework.web.filter.GenericFilterBean[0;39m: Filter 'jwtAuthenticationFilter' configured for use
[30m2022-07-13 11:07:34,179[0;39m [34mINFO [0;39m [[34mrestartedMain[0;39m] [32morg.springframework.scheduling.concurrent.ExecutorConfigurationSupport[0;39m: Initializing ExecutorService 'applicationTaskExecutor'
[30m2022-07-13 11:07:34,322[0;39m [34mINFO [0;39m [[34mtask-1[0;39m] [32morg.hibernate.jpa.internal.util.LogHelper[0;39m: HHH000204: Processing PersistenceUnitInfo [name: default]
[30m2022-07-13 11:07:34,506[0;39m [31mWARN [0;39m [[34mrestartedMain[0;39m] [32morg.springframework.boot.autoconfigure.orm.jpa.JpaBaseConfiguration$JpaWebConfiguration[0;39m: spring.jpa.open-in-view is enabled by default. Therefore, database queries may be performed during view rendering. Explicitly configure spring.jpa.open-in-view to disable this warning
[30m2022-07-13 11:07:34,841[0;39m [34mINFO [0;39m [[34mtask-1[0;39m] [32morg.hibernate.Version[0;39m: HHH000412: Hibernate ORM core version 5.4.20.Final
[30m2022-07-13 11:07:35,532[0;39m [34mINFO [0;39m [[34mtask-1[0;39m] [32morg.hibernate.annotations.common.reflection.java.JavaReflectionManager[0;39m: HCANN000001: Hibernate Commons Annotations {5.1.0.Final}
[30m2022-07-13 11:07:35,621[0;39m [34mINFO [0;39m [[34mrestartedMain[0;39m] [32morg.springframework.security.web.DefaultSecurityFilterChain[0;39m: Creating filter chain: any request, [org.springframework.security.web.context.request.async.WebAsyncManagerIntegrationFilter@1fb2bb43, org.springframework.security.web.context.SecurityContextPersistenceFilter@3d41e19a, org.springframework.security.web.header.HeaderWriterFilter@3715947d, org.springframework.security.web.authentication.logout.LogoutFilter@55cd5311, com.exam.config.JwtAuthenticationFilter@4a7c50ba, org.springframework.security.web.savedrequest.RequestCacheAwareFilter@34afdacc, org.springframework.security.web.servletapi.SecurityContextHolderAwareRequestFilter@2df009e1, org.springframework.security.web.authentication.AnonymousAuthenticationFilter@189c9321, org.springframework.security.web.session.SessionManagementFilter@7e484500, org.springframework.security.web.access.ExceptionTranslationFilter@413f81bb, org.springframework.security.web.access.intercept.FilterSecurityInterceptor@3e0befca]
[30m2022-07-13 11:07:36,075[0;39m [34mINFO [0;39m [[34mtask-1[0;39m] [32mcom.zaxxer.hikari.HikariDataSource[0;39m: HikariPool-1 - Starting...
[30m2022-07-13 11:07:38,086[0;39m [34mINFO [0;39m [[34mtask-1[0;39m] [32mcom.zaxxer.hikari.HikariDataSource[0;39m: HikariPool-1 - Start completed.
[30m2022-07-13 11:07:38,156[0;39m [34mINFO [0;39m [[34mtask-1[0;39m] [32morg.hibernate.dialect.Dialect[0;39m: HHH000400: Using dialect: org.hibernate.dialect.MySQL8Dialect
[30m2022-07-13 11:07:42,899[0;39m [34mINFO [0;39m [[34mtask-1[0;39m] [32morg.hibernate.engine.transaction.jta.platform.internal.JtaPlatformInitiator[0;39m: HHH000490: Using JtaPlatform implementation: [org.hibernate.engine.transaction.jta.platform.internal.NoJtaPlatform]
[30m2022-07-13 11:07:42,939[0;39m [34mINFO [0;39m [[34mtask-1[0;39m] [32morg.springframework.orm.jpa.AbstractEntityManagerFactoryBean[0;39m: Initialized JPA EntityManagerFactory for persistence unit 'default'
[30m2022-07-13 11:07:42,982[0;39m [34mINFO [0;39m [[34mtask-2[0;39m] [32morg.springframework.boot.devtools.autoconfigure.OptionalLiveReloadServer[0;39m: LiveReload server is running on port 35729
[30m2022-07-13 11:07:43,233[0;39m [34mINFO [0;39m [[34mrestartedMain[0;39m] [32morg.apache.juli.logging.DirectJDKLog[0;39m: Starting ProtocolHandler ["http-nio-8081"]
[30m2022-07-13 11:07:43,445[0;39m [34mINFO [0;39m [[34mrestartedMain[0;39m] [32morg.springframework.boot.web.embedded.tomcat.TomcatWebServer[0;39m: Tomcat started on port(s): 8081 (http) with context path ''
[30m2022-07-13 11:07:43,979[0;39m [34mINFO [0;39m [[34mrestartedMain[0;39m] [32morg.springframework.boot.web.embedded.tomcat.TomcatWebServer[0;39m: Tomcat initialized with port(s): 9000 (http)
[30m2022-07-13 11:07:43,983[0;39m [34mINFO [0;39m [[34mrestartedMain[0;39m] [32morg.apache.juli.logging.DirectJDKLog[0;39m: Initializing ProtocolHandler ["http-nio-9000"]
[30m2022-07-13 11:07:43,990[0;39m [34mINFO [0;39m [[34mrestartedMain[0;39m] [32morg.apache.juli.logging.DirectJDKLog[0;39m: Starting service [Tomcat]
[30m2022-07-13 11:07:43,992[0;39m [34mINFO [0;39m [[34mrestartedMain[0;39m] [32morg.apache.juli.logging.DirectJDKLog[0;39m: Starting Servlet engine: [Apache Tomcat/9.0.37]
[30m2022-07-13 11:07:44,575[0;39m [34mINFO [0;39m [[34mrestartedMain[0;39m] [32morg.apache.juli.logging.DirectJDKLog[0;39m: Initializing Spring embedded WebApplicationContext
[30m2022-07-13 11:07:44,577[0;39m [34mINFO [0;39m [[34mrestartedMain[0;39m] [32morg.springframework.boot.web.servlet.context.ServletWebServerApplicationContext[0;39m: Root WebApplicationContext: initialization completed in 1092 ms
[30m2022-07-13 11:07:45,155[0;39m [34mINFO [0;39m [[34mrestartedMain[0;39m] [32morg.springframework.boot.actuate.endpoint.web.EndpointLinksResolver[0;39m: Exposing 13 endpoint(s) beneath base path '/actuator'
[30m2022-07-13 11:07:45,318[0;39m [34mINFO [0;39m [[34mrestartedMain[0;39m] [32morg.apache.juli.logging.DirectJDKLog[0;39m: Starting ProtocolHandler ["http-nio-9000"]
[30m2022-07-13 11:07:45,335[0;39m [34mINFO [0;39m [[34mrestartedMain[0;39m] [32morg.springframework.boot.web.embedded.tomcat.TomcatWebServer[0;39m: Tomcat started on port(s): 9000 (http) with context path ''
[30m2022-07-13 11:07:45,349[0;39m [34mINFO [0;39m [[34mrestartedMain[0;39m] [32morg.springframework.data.repository.config.DeferredRepositoryInitializationListener[0;39m: Triggering deferred initialization of Spring Data repositories…
[30m2022-07-13 11:07:47,025[0;39m [34mINFO [0;39m [[34mrestartedMain[0;39m] [32morg.springframework.data.repository.config.DeferredRepositoryInitializationListener[0;39m: Spring Data repositories initialized!
[30m2022-07-13 11:07:47,038[0;39m [34mINFO [0;39m [[34mrestartedMain[0;39m] [32morg.springframework.data.repository.config.DeferredRepositoryInitializationListener[0;39m: Triggering deferred initialization of Spring Data repositories…
[30m2022-07-13 11:07:47,044[0;39m [34mINFO [0;39m [[34mrestartedMain[0;39m] [32morg.springframework.data.repository.config.DeferredRepositoryInitializationListener[0;39m: Spring Data repositories initialized!
[30m2022-07-13 11:07:47,103[0;39m [34mINFO [0;39m [[34mrestartedMain[0;39m] [32morg.springframework.boot.StartupInfoLogger[0;39m: Started ExamserverApplication in 22.427 seconds (JVM running for 25.344)
[30m2022-07-13 13:15:54,281[0;39m [34mINFO [0;39m [[34mhttp-nio-8081-exec-1[0;39m] [32morg.apache.juli.logging.DirectJDKLog[0;39m: Initializing Spring DispatcherServlet 'dispatcherServlet'
[30m2022-07-13 13:15:54,358[0;39m [34mINFO [0;39m [[34mhttp-nio-8081-exec-1[0;39m] [32morg.springframework.web.servlet.FrameworkServlet[0;39m: Initializing Servlet 'dispatcherServlet'
[30m2022-07-13 13:15:54,646[0;39m [34mINFO [0;39m [[34mhttp-nio-8081-exec-1[0;39m] [32morg.springframework.web.servlet.FrameworkServlet[0;39m: Completed initialization in 288 ms
[30m2022-07-13 13:15:54,889[0;39m [34mINFO [0;39m [[34mhttp-nio-8081-exec-1[0;39m] [32mcom.exam.config.JwtAuthenticationFilter[0;39m: Invalid Token
[30m2022-07-13 13:15:59,814[0;39m [34mINFO [0;39m [[34mhttp-nio-8081-exec-1[0;39m] [32mcom.exam.controller.AuthenticateController[0;39m: priyanka98 logged in.
[30m2022-07-13 13:16:00,433[0;39m [34mINFO [0;39m [[34mhttp-nio-8081-exec-2[0;39m] [32mcom.exam.config.JwtAuthenticationFilter[0;39m: Invalid Token
[30m2022-07-13 13:16:01,238[0;39m [34mINFO [0;39m [[34mhttp-nio-8081-exec-4[0;39m] [32mcom.exam.config.JwtAuthenticationFilter[0;39m: Invalid Token
[30m2022-07-13 13:16:01,266[0;39m [34mINFO [0;39m [[34mhttp-nio-8081-exec-5[0;39m] [32mcom.exam.config.JwtAuthenticationFilter[0;39m: Invalid Token
[30m2022-07-13 13:16:01,282[0;39m [34mINFO [0;39m [[34mhttp-nio-8081-exec-6[0;39m] [32mcom.exam.config.JwtAuthenticationFilter[0;39m: Invalid Token
[30m2022-07-13 13:17:46,111[0;39m [34mINFO [0;39m [[34mhttp-nio-8081-exec-1[0;39m] [32mcom.exam.config.JwtAuthenticationFilter[0;39m: Invalid Token
[30m2022-07-13 13:17:52,908[0;39m [34mINFO [0;39m [[34mhttp-nio-8081-exec-4[0;39m] [32mcom.exam.config.JwtAuthenticationFilter[0;39m: Invalid Token
[30m2022-07-13 13:18:15,837[0;39m [34mINFO [0;39m [[34mhttp-nio-8081-exec-8[0;39m] [32mcom.exam.controller.AuthenticateController[0;39m: jeet97 logged in.
[30m2022-07-13 13:18:16,042[0;39m [34mINFO [0;39m [[34mhttp-nio-8081-exec-1[0;39m] [32mcom.exam.config.JwtAuthenticationFilter[0;39m: Invalid Token
[30m2022-07-13 13:18:19,875[0;39m [34mINFO [0;39m [[34mhttp-nio-8081-exec-6[0;39m] [32mcom.exam.config.JwtAuthenticationFilter[0;39m: Invalid Token
[30m2022-07-13 13:18:24,265[0;39m [34mINFO [0;39m [[34mhttp-nio-8081-exec-10[0;39m] [32mcom.exam.config.JwtAuthenticationFilter[0;39m: Invalid Token
[30m2022-07-13 13:18:35,679[0;39m [34mINFO [0;39m [[34mhttp-nio-8081-exec-1[0;39m] [32mcom.exam.config.JwtAuthenticationFilter[0;39m: Invalid Token
[30m2022-07-13 13:30:40,925[0;39m [34mINFO [0;39m [[34mhttp-nio-8081-exec-5[0;39m] [32mcom.exam.config.JwtAuthenticationFilter[0;39m: Invalid Token
[30m2022-07-13 13:30:41,379[0;39m [1;31mERROR[0;39m [[34mhttp-nio-8081-exec-6[0;39m] [32morg.apache.juli.logging.DirectJDKLog[0;39m: Servlet.service() for servlet [dispatcherServlet] in context with path [] threw exception [Request processing failed; nested exception is java.util.NoSuchElementException: No value present] with root cause
java.util.NoSuchElementException: No value present
	at java.base/java.util.Optional.get(Optional.java:143)
	at com.exam.service.impl.QuizServiceImpl.getQuiz(QuizServiceImpl.java:37)
	at com.exam.controller.QuestionController.getQuestionOfQuiz(QuestionController.java:42)
	at java.base/jdk.internal.reflect.NativeMethodAccessorImpl.invoke0(Native Method)
	at java.base/jdk.internal.reflect.NativeMethodAccessorImpl.invoke(NativeMethodAccessorImpl.java:77)
	at java.base/jdk.internal.reflect.DelegatingMethodAccessorImpl.invoke(DelegatingMethodAccessorImpl.java:43)
	at java.base/java.lang.reflect.Method.invoke(Method.java:568)
	at org.springframework.web.method.support.InvocableHandlerMethod.doInvoke(InvocableHandlerMethod.java:190)
	at org.springframework.web.method.support.InvocableHandlerMethod.invokeForRequest(InvocableHandlerMethod.java:138)
	at org.springframework.web.servlet.mvc.method.annotation.ServletInvocableHandlerMethod.invokeAndHandle(ServletInvocableHandlerMethod.java:105)
	at org.springframework.web.servlet.mvc.method.annotation.RequestMappingHandlerAdapter.invokeHandlerMethod(RequestMappingHandlerAdapter.java:878)
	at org.springframework.web.servlet.mvc.method.annotation.RequestMappingHandlerAdapter.handleInternal(RequestMappingHandlerAdapter.java:792)
	at org.springframework.web.servlet.mvc.method.AbstractHandlerMethodAdapter.handle(AbstractHandlerMethodAdapter.java:87)
	at org.springframework.web.servlet.DispatcherServlet.doDispatch(DispatcherServlet.java:1040)
	at org.springframework.web.servlet.DispatcherServlet.doService(DispatcherServlet.java:943)
	at org.springframework.web.servlet.FrameworkServlet.processRequest(FrameworkServlet.java:1006)
	at org.springframework.web.servlet.FrameworkServlet.doGet(FrameworkServlet.java:898)
	at javax.servlet.http.HttpServlet.service(HttpServlet.java:626)
	at org.springframework.web.servlet.FrameworkServlet.service(FrameworkServlet.java:883)
	at javax.servlet.http.HttpServlet.service(HttpServlet.java:733)
	at org.apache.catalina.core.ApplicationFilterChain.internalDoFilter(ApplicationFilterChain.java:231)
	at org.apache.catalina.core.ApplicationFilterChain.doFilter(ApplicationFilterChain.java:166)
	at org.apache.tomcat.websocket.server.WsFilter.doFilter(WsFilter.java:53)
	at org.apache.catalina.core.ApplicationFilterChain.internalDoFilter(ApplicationFilterChain.java:193)
	at org.apache.catalina.core.ApplicationFilterChain.doFilter(ApplicationFilterChain.java:166)
	at org.springframework.web.filter.OncePerRequestFilter.doFilter(OncePerRequestFilter.java:113)
	at org.apache.catalina.core.ApplicationFilterChain.internalDoFilter(ApplicationFilterChain.java:193)
	at org.apache.catalina.core.ApplicationFilterChain.doFilter(ApplicationFilterChain.java:166)
	at org.springframework.security.web.FilterChainProxy$VirtualFilterChain.doFilter(FilterChainProxy.java:320)
	at org.springframework.security.web.access.intercept.FilterSecurityInterceptor.invoke(FilterSecurityInterceptor.java:126)
	at org.springframework.security.web.access.intercept.FilterSecurityInterceptor.doFilter(FilterSecurityInterceptor.java:90)
	at org.springframework.security.web.FilterChainProxy$VirtualFilterChain.doFilter(FilterChainProxy.java:334)
	at org.springframework.security.web.access.ExceptionTranslationFilter.doFilter(ExceptionTranslationFilter.java:118)
	at org.springframework.security.web.FilterChainProxy$VirtualFilterChain.doFilter(FilterChainProxy.java:334)
	at org.springframework.security.web.session.SessionManagementFilter.doFilter(SessionManagementFilter.java:137)
	at org.springframework.security.web.FilterChainProxy$VirtualFilterChain.doFilter(FilterChainProxy.java:334)
	at org.springframework.security.web.authentication.AnonymousAuthenticationFilter.doFilter(AnonymousAuthenticationFilter.java:111)
	at org.springframework.security.web.FilterChainProxy$VirtualFilterChain.doFilter(FilterChainProxy.java:334)
	at org.springframework.security.web.servletapi.SecurityContextHolderAwareRequestFilter.doFilter(SecurityContextHolderAwareRequestFilter.java:158)
	at org.springframework.security.web.FilterChainProxy$VirtualFilterChain.doFilter(FilterChainProxy.java:334)
	at org.springframework.security.web.savedrequest.RequestCacheAwareFilter.doFilter(RequestCacheAwareFilter.java:63)
	at org.springframework.security.web.FilterChainProxy$VirtualFilterChain.doFilter(FilterChainProxy.java:334)
	at com.exam.config.JwtAuthenticationFilter.doFilterInternal(JwtAuthenticationFilter.java:72)
	at org.springframework.web.filter.OncePerRequestFilter.doFilter(OncePerRequestFilter.java:119)
	at org.springframework.security.web.FilterChainProxy$VirtualFilterChain.doFilter(FilterChainProxy.java:334)
	at org.springframework.security.web.authentication.logout.LogoutFilter.doFilter(LogoutFilter.java:116)
	at org.springframework.security.web.FilterChainProxy$VirtualFilterChain.doFilter(FilterChainProxy.java:334)
	at org.springframework.security.web.header.HeaderWriterFilter.doHeadersAfter(HeaderWriterFilter.java:92)
	at org.springframework.security.web.header.HeaderWriterFilter.doFilterInternal(HeaderWriterFilter.java:77)
	at org.springframework.web.filter.OncePerRequestFilter.doFilter(OncePerRequestFilter.java:119)
	at org.springframework.security.web.FilterChainProxy$VirtualFilterChain.doFilter(FilterChainProxy.java:334)
	at org.springframework.security.web.context.SecurityContextPersistenceFilter.doFilter(SecurityContextPersistenceFilter.java:105)
	at org.springframework.security.web.FilterChainProxy$VirtualFilterChain.doFilter(FilterChainProxy.java:334)
	at org.springframework.security.web.context.request.async.WebAsyncManagerIntegrationFilter.doFilterInternal(WebAsyncManagerIntegrationFilter.java:56)
	at org.springframework.web.filter.OncePerRequestFilter.doFilter(OncePerRequestFilter.java:119)
	at org.springframework.security.web.FilterChainProxy$VirtualFilterChain.doFilter(FilterChainProxy.java:334)
	at org.springframework.security.web.FilterChainProxy.doFilterInternal(FilterChainProxy.java:215)
	at org.springframework.security.web.FilterChainProxy.doFilter(FilterChainProxy.java:178)
	at org.springframework.web.filter.DelegatingFilterProxy.invokeDelegate(DelegatingFilterProxy.java:358)
	at org.springframework.web.filter.DelegatingFilterProxy.doFilter(DelegatingFilterProxy.java:271)
	at org.apache.catalina.core.ApplicationFilterChain.internalDoFilter(ApplicationFilterChain.java:193)
	at org.apache.catalina.core.ApplicationFilterChain.doFilter(ApplicationFilterChain.java:166)
	at org.springframework.web.filter.RequestContextFilter.doFilterInternal(RequestContextFilter.java:100)
	at org.springframework.web.filter.OncePerRequestFilter.doFilter(OncePerRequestFilter.java:119)
	at org.apache.catalina.core.ApplicationFilterChain.internalDoFilter(ApplicationFilterChain.java:193)
	at org.apache.catalina.core.ApplicationFilterChain.doFilter(ApplicationFilterChain.java:166)
	at org.springframework.web.filter.FormContentFilter.doFilterInternal(FormContentFilter.java:93)
	at org.springframework.web.filter.OncePerRequestFilter.doFilter(OncePerRequestFilter.java:119)
	at org.apache.catalina.core.ApplicationFilterChain.internalDoFilter(ApplicationFilterChain.java:193)
	at org.apache.catalina.core.ApplicationFilterChain.doFilter(ApplicationFilterChain.java:166)
	at org.springframework.boot.actuate.metrics.web.servlet.WebMvcMetricsFilter.doFilterInternal(WebMvcMetricsFilter.java:93)
	at org.springframework.web.filter.OncePerRequestFilter.doFilter(OncePerRequestFilter.java:119)
	at org.apache.catalina.core.ApplicationFilterChain.internalDoFilter(ApplicationFilterChain.java:193)
	at org.apache.catalina.core.ApplicationFilterChain.doFilter(ApplicationFilterChain.java:166)
	at org.springframework.web.filter.CharacterEncodingFilter.doFilterInternal(CharacterEncodingFilter.java:201)
	at org.springframework.web.filter.OncePerRequestFilter.doFilter(OncePerRequestFilter.java:119)
	at org.apache.catalina.core.ApplicationFilterChain.internalDoFilter(ApplicationFilterChain.java:193)
	at org.apache.catalina.core.ApplicationFilterChain.doFilter(ApplicationFilterChain.java:166)
	at org.apache.catalina.core.StandardWrapperValve.invoke(StandardWrapperValve.java:202)
	at org.apache.catalina.core.StandardContextValve.invoke(StandardContextValve.java:96)
	at org.apache.catalina.authenticator.AuthenticatorBase.invoke(AuthenticatorBase.java:541)
	at org.apache.catalina.core.StandardHostValve.invoke(StandardHostValve.java:139)
	at org.apache.catalina.valves.ErrorReportValve.invoke(ErrorReportValve.java:92)
	at org.apache.catalina.core.StandardEngineValve.invoke(StandardEngineValve.java:74)
	at org.apache.catalina.connector.CoyoteAdapter.service(CoyoteAdapter.java:343)
	at org.apache.coyote.http11.Http11Processor.service(Http11Processor.java:373)
	at org.apache.coyote.AbstractProcessorLight.process(AbstractProcessorLight.java:65)
	at org.apache.coyote.AbstractProtocol$ConnectionHandler.process(AbstractProtocol.java:868)
	at org.apache.tomcat.util.net.NioEndpoint$SocketProcessor.doRun(NioEndpoint.java:1589)
	at org.apache.tomcat.util.net.SocketProcessorBase.run(SocketProcessorBase.java:49)
	at java.base/java.util.concurrent.ThreadPoolExecutor.runWorker(ThreadPoolExecutor.java:1136)
	at java.base/java.util.concurrent.ThreadPoolExecutor$Worker.run(ThreadPoolExecutor.java:635)
	at org.apache.tomcat.util.threads.TaskThread$WrappingRunnable.run(TaskThread.java:61)
	at java.base/java.lang.Thread.run(Thread.java:833)
[30m2022-07-13 13:30:51,634[0;39m [1;31mERROR[0;39m [[34mhttp-nio-8081-exec-4[0;39m] [32morg.apache.juli.logging.DirectJDKLog[0;39m: Servlet.service() for servlet [dispatcherServlet] in context with path [] threw exception [Request processing failed; nested exception is java.util.NoSuchElementException: No value present] with root cause
java.util.NoSuchElementException: No value present
	at java.base/java.util.Optional.get(Optional.java:143)
	at com.exam.service.impl.QuizServiceImpl.getQuiz(QuizServiceImpl.java:37)
	at com.exam.controller.QuestionController.getQuestionOfQuiz(QuestionController.java:42)
	at java.base/jdk.internal.reflect.NativeMethodAccessorImpl.invoke0(Native Method)
	at java.base/jdk.internal.reflect.NativeMethodAccessorImpl.invoke(NativeMethodAccessorImpl.java:77)
	at java.base/jdk.internal.reflect.DelegatingMethodAccessorImpl.invoke(DelegatingMethodAccessorImpl.java:43)
	at java.base/java.lang.reflect.Method.invoke(Method.java:568)
	at org.springframework.web.method.support.InvocableHandlerMethod.doInvoke(InvocableHandlerMethod.java:190)
	at org.springframework.web.method.support.InvocableHandlerMethod.invokeForRequest(InvocableHandlerMethod.java:138)
	at org.springframework.web.servlet.mvc.method.annotation.ServletInvocableHandlerMethod.invokeAndHandle(ServletInvocableHandlerMethod.java:105)
	at org.springframework.web.servlet.mvc.method.annotation.RequestMappingHandlerAdapter.invokeHandlerMethod(RequestMappingHandlerAdapter.java:878)
	at org.springframework.web.servlet.mvc.method.annotation.RequestMappingHandlerAdapter.handleInternal(RequestMappingHandlerAdapter.java:792)
	at org.springframework.web.servlet.mvc.method.AbstractHandlerMethodAdapter.handle(AbstractHandlerMethodAdapter.java:87)
	at org.springframework.web.servlet.DispatcherServlet.doDispatch(DispatcherServlet.java:1040)
	at org.springframework.web.servlet.DispatcherServlet.doService(DispatcherServlet.java:943)
	at org.springframework.web.servlet.FrameworkServlet.processRequest(FrameworkServlet.java:1006)
	at org.springframework.web.servlet.FrameworkServlet.doGet(FrameworkServlet.java:898)
	at javax.servlet.http.HttpServlet.service(HttpServlet.java:626)
	at org.springframework.web.servlet.FrameworkServlet.service(FrameworkServlet.java:883)
	at javax.servlet.http.HttpServlet.service(HttpServlet.java:733)
	at org.apache.catalina.core.ApplicationFilterChain.internalDoFilter(ApplicationFilterChain.java:231)
	at org.apache.catalina.core.ApplicationFilterChain.doFilter(ApplicationFilterChain.java:166)
	at org.apache.tomcat.websocket.server.WsFilter.doFilter(WsFilter.java:53)
	at org.apache.catalina.core.ApplicationFilterChain.internalDoFilter(ApplicationFilterChain.java:193)
	at org.apache.catalina.core.ApplicationFilterChain.doFilter(ApplicationFilterChain.java:166)
	at org.springframework.web.filter.OncePerRequestFilter.doFilter(OncePerRequestFilter.java:113)
	at org.apache.catalina.core.ApplicationFilterChain.internalDoFilter(ApplicationFilterChain.java:193)
	at org.apache.catalina.core.ApplicationFilterChain.doFilter(ApplicationFilterChain.java:166)
	at org.springframework.security.web.FilterChainProxy$VirtualFilterChain.doFilter(FilterChainProxy.java:320)
	at org.springframework.security.web.access.intercept.FilterSecurityInterceptor.invoke(FilterSecurityInterceptor.java:126)
	at org.springframework.security.web.access.intercept.FilterSecurityInterceptor.doFilter(FilterSecurityInterceptor.java:90)
	at org.springframework.security.web.FilterChainProxy$VirtualFilterChain.doFilter(FilterChainProxy.java:334)
	at org.springframework.security.web.access.ExceptionTranslationFilter.doFilter(ExceptionTranslationFilter.java:118)
	at org.springframework.security.web.FilterChainProxy$VirtualFilterChain.doFilter(FilterChainProxy.java:334)
	at org.springframework.security.web.session.SessionManagementFilter.doFilter(SessionManagementFilter.java:137)
	at org.springframework.security.web.FilterChainProxy$VirtualFilterChain.doFilter(FilterChainProxy.java:334)
	at org.springframework.security.web.authentication.AnonymousAuthenticationFilter.doFilter(AnonymousAuthenticationFilter.java:111)
	at org.springframework.security.web.FilterChainProxy$VirtualFilterChain.doFilter(FilterChainProxy.java:334)
	at org.springframework.security.web.servletapi.SecurityContextHolderAwareRequestFilter.doFilter(SecurityContextHolderAwareRequestFilter.java:158)
	at org.springframework.security.web.FilterChainProxy$VirtualFilterChain.doFilter(FilterChainProxy.java:334)
	at org.springframework.security.web.savedrequest.RequestCacheAwareFilter.doFilter(RequestCacheAwareFilter.java:63)
	at org.springframework.security.web.FilterChainProxy$VirtualFilterChain.doFilter(FilterChainProxy.java:334)
	at com.exam.config.JwtAuthenticationFilter.doFilterInternal(JwtAuthenticationFilter.java:72)
	at org.springframework.web.filter.OncePerRequestFilter.doFilter(OncePerRequestFilter.java:119)
	at org.springframework.security.web.FilterChainProxy$VirtualFilterChain.doFilter(FilterChainProxy.java:334)
	at org.springframework.security.web.authentication.logout.LogoutFilter.doFilter(LogoutFilter.java:116)
	at org.springframework.security.web.FilterChainProxy$VirtualFilterChain.doFilter(FilterChainProxy.java:334)
	at org.springframework.security.web.header.HeaderWriterFilter.doHeadersAfter(HeaderWriterFilter.java:92)
	at org.springframework.security.web.header.HeaderWriterFilter.doFilterInternal(HeaderWriterFilter.java:77)
	at org.springframework.web.filter.OncePerRequestFilter.doFilter(OncePerRequestFilter.java:119)
	at org.springframework.security.web.FilterChainProxy$VirtualFilterChain.doFilter(FilterChainProxy.java:334)
	at org.springframework.security.web.context.SecurityContextPersistenceFilter.doFilter(SecurityContextPersistenceFilter.java:105)
	at org.springframework.security.web.FilterChainProxy$VirtualFilterChain.doFilter(FilterChainProxy.java:334)
	at org.springframework.security.web.context.request.async.WebAsyncManagerIntegrationFilter.doFilterInternal(WebAsyncManagerIntegrationFilter.java:56)
	at org.springframework.web.filter.OncePerRequestFilter.doFilter(OncePerRequestFilter.java:119)
	at org.springframework.security.web.FilterChainProxy$VirtualFilterChain.doFilter(FilterChainProxy.java:334)
	at org.springframework.security.web.FilterChainProxy.doFilterInternal(FilterChainProxy.java:215)
	at org.springframework.security.web.FilterChainProxy.doFilter(FilterChainProxy.java:178)
	at org.springframework.web.filter.DelegatingFilterProxy.invokeDelegate(DelegatingFilterProxy.java:358)
	at org.springframework.web.filter.DelegatingFilterProxy.doFilter(DelegatingFilterProxy.java:271)
	at org.apache.catalina.core.ApplicationFilterChain.internalDoFilter(ApplicationFilterChain.java:193)
	at org.apache.catalina.core.ApplicationFilterChain.doFilter(ApplicationFilterChain.java:166)
	at org.springframework.web.filter.RequestContextFilter.doFilterInternal(RequestContextFilter.java:100)
	at org.springframework.web.filter.OncePerRequestFilter.doFilter(OncePerRequestFilter.java:119)
	at org.apache.catalina.core.ApplicationFilterChain.internalDoFilter(ApplicationFilterChain.java:193)
	at org.apache.catalina.core.ApplicationFilterChain.doFilter(ApplicationFilterChain.java:166)
	at org.springframework.web.filter.FormContentFilter.doFilterInternal(FormContentFilter.java:93)
	at org.springframework.web.filter.OncePerRequestFilter.doFilter(OncePerRequestFilter.java:119)
	at org.apache.catalina.core.ApplicationFilterChain.internalDoFilter(ApplicationFilterChain.java:193)
	at org.apache.catalina.core.ApplicationFilterChain.doFilter(ApplicationFilterChain.java:166)
	at org.springframework.boot.actuate.metrics.web.servlet.WebMvcMetricsFilter.doFilterInternal(WebMvcMetricsFilter.java:93)
	at org.springframework.web.filter.OncePerRequestFilter.doFilter(OncePerRequestFilter.java:119)
	at org.apache.catalina.core.ApplicationFilterChain.internalDoFilter(ApplicationFilterChain.java:193)
	at org.apache.catalina.core.ApplicationFilterChain.doFilter(ApplicationFilterChain.java:166)
	at org.springframework.web.filter.CharacterEncodingFilter.doFilterInternal(CharacterEncodingFilter.java:201)
	at org.springframework.web.filter.OncePerRequestFilter.doFilter(OncePerRequestFilter.java:119)
	at org.apache.catalina.core.ApplicationFilterChain.internalDoFilter(ApplicationFilterChain.java:193)
	at org.apache.catalina.core.ApplicationFilterChain.doFilter(ApplicationFilterChain.java:166)
	at org.apache.catalina.core.StandardWrapperValve.invoke(StandardWrapperValve.java:202)
	at org.apache.catalina.core.StandardContextValve.invoke(StandardContextValve.java:96)
	at org.apache.catalina.authenticator.AuthenticatorBase.invoke(AuthenticatorBase.java:541)
	at org.apache.catalina.core.StandardHostValve.invoke(StandardHostValve.java:139)
	at org.apache.catalina.valves.ErrorReportValve.invoke(ErrorReportValve.java:92)
	at org.apache.catalina.core.StandardEngineValve.invoke(StandardEngineValve.java:74)
	at org.apache.catalina.connector.CoyoteAdapter.service(CoyoteAdapter.java:343)
	at org.apache.coyote.http11.Http11Processor.service(Http11Processor.java:373)
	at org.apache.coyote.AbstractProcessorLight.process(AbstractProcessorLight.java:65)
	at org.apache.coyote.AbstractProtocol$ConnectionHandler.process(AbstractProtocol.java:868)
	at org.apache.tomcat.util.net.NioEndpoint$SocketProcessor.doRun(NioEndpoint.java:1589)
	at org.apache.tomcat.util.net.SocketProcessorBase.run(SocketProcessorBase.java:49)
	at java.base/java.util.concurrent.ThreadPoolExecutor.runWorker(ThreadPoolExecutor.java:1136)
	at java.base/java.util.concurrent.ThreadPoolExecutor$Worker.run(ThreadPoolExecutor.java:635)
	at org.apache.tomcat.util.threads.TaskThread$WrappingRunnable.run(TaskThread.java:61)
	at java.base/java.lang.Thread.run(Thread.java:833)
[30m2022-07-13 14:41:13,218[0;39m [31mWARN [0;39m [[34mHikariPool-1 housekeeper[0;39m] [32mcom.zaxxer.hikari.pool.HikariPool$HouseKeeper[0;39m: HikariPool-1 - Thread starvation or clock leap detected (housekeeper delta=1h5m1s867ms16µs900ns).
[30m2022-07-13 18:27:25,401[0;39m [31mWARN [0;39m [[34mHikariPool-1 housekeeper[0;39m] [32mcom.zaxxer.hikari.pool.HikariPool$HouseKeeper[0;39m: HikariPool-1 - Thread starvation or clock leap detected (housekeeper delta=3h34m14s706ms746µs700ns).
[30m2022-07-13 18:28:31,503[0;39m [34mINFO [0;39m [[34mSpringContextShutdownHook[0;39m] [32morg.springframework.orm.jpa.AbstractEntityManagerFactoryBean[0;39m: Closing JPA EntityManagerFactory for persistence unit 'default'
[30m2022-07-13 18:28:31,539[0;39m [34mINFO [0;39m [[34mSpringContextShutdownHook[0;39m] [32morg.springframework.scheduling.concurrent.ExecutorConfigurationSupport[0;39m: Shutting down ExecutorService 'applicationTaskExecutor'
[30m2022-07-13 18:28:31,558[0;39m [34mINFO [0;39m [[34mSpringContextShutdownHook[0;39m] [32mcom.zaxxer.hikari.HikariDataSource[0;39m: HikariPool-1 - Shutdown initiated...
[30m2022-07-13 18:28:31,605[0;39m [34mINFO [0;39m [[34mSpringContextShutdownHook[0;39m] [32mcom.zaxxer.hikari.HikariDataSource[0;39m: HikariPool-1 - Shutdown completed.
