[30m2022-07-18 09:50:29,906[0;39m [34mINFO [0;39m [[34mmain[0;39m] [32morg.springframework.test.context.support.AbstractTestContextBootstrapper[0;39m: Neither @ContextConfiguration nor @ContextHierarchy found for test class [com.exam.ExamserverApplicationTests], using SpringBootContextLoader
[30m2022-07-18 09:50:29,930[0;39m [34mINFO [0;39m [[34mmain[0;39m] [32morg.springframework.test.context.support.AbstractContextLoader[0;39m: Could not detect default resource locations for test class [com.exam.ExamserverApplicationTests]: no resource found for suffixes {-context.xml, Context.groovy}.
[30m2022-07-18 09:50:29,934[0;39m [34mINFO [0;39m [[34mmain[0;39m] [32morg.springframework.test.context.support.AnnotationConfigContextLoaderUtils[0;39m: Could not detect default configuration classes for test class [com.exam.ExamserverApplicationTests]: ExamserverApplicationTests does not declare any static, non-private, non-final, nested classes annotated with @Configuration.
[30m2022-07-18 09:50:30,430[0;39m [34mINFO [0;39m [[34mmain[0;39m] [32morg.springframework.boot.test.context.SpringBootTestContextBootstrapper[0;39m: Found @SpringBootConfiguration com.exam.ExamserverApplication for test class com.exam.ExamserverApplicationTests
[30m2022-07-18 09:50:30,731[0;39m [34mINFO [0;39m [[34mmain[0;39m] [32morg.springframework.test.context.support.AbstractTestContextBootstrapper[0;39m: Loaded default TestExecutionListener class names from location [META-INF/spring.factories]: [org.springframework.boot.test.mock.mockito.MockitoTestExecutionListener, org.springframework.boot.test.mock.mockito.ResetMocksTestExecutionListener, org.springframework.boot.test.autoconfigure.restdocs.RestDocsTestExecutionListener, org.springframework.boot.test.autoconfigure.web.client.MockRestServiceServerResetTestExecutionListener, org.springframework.boot.test.autoconfigure.web.servlet.MockMvcPrintOnlyOnFailureTestExecutionListener, org.springframework.boot.test.autoconfigure.web.servlet.WebDriverTestExecutionListener, org.springframework.boot.test.autoconfigure.webservices.client.MockWebServiceServerTestExecutionListener, org.springframework.test.context.web.ServletTestExecutionListener, org.springframework.test.context.support.DirtiesContextBeforeModesTestExecutionListener, org.springframework.test.context.support.DependencyInjectionTestExecutionListener, org.springframework.test.context.support.DirtiesContextTestExecutionListener, org.springframework.test.context.transaction.TransactionalTestExecutionListener, org.springframework.test.context.jdbc.SqlScriptsTestExecutionListener, org.springframework.test.context.event.EventPublishingTestExecutionListener]
[30m2022-07-18 09:50:30,794[0;39m [34mINFO [0;39m [[34mmain[0;39m] [32morg.springframework.test.context.support.AbstractTestContextBootstrapper[0;39m: Using TestExecutionListeners: [org.springframework.test.context.web.ServletTestExecutionListener@6f152006, org.springframework.test.context.support.DirtiesContextBeforeModesTestExecutionListener@3a393455, org.springframework.boot.test.mock.mockito.MockitoTestExecutionListener@13518f37, org.springframework.boot.test.autoconfigure.SpringBootDependencyInjectionTestExecutionListener@7cbc3762, org.springframework.test.context.support.DirtiesContextTestExecutionListener@3a6f2de3, org.springframework.test.context.transaction.TransactionalTestExecutionListener@49872d67, org.springframework.test.context.jdbc.SqlScriptsTestExecutionListener@56303b57, org.springframework.test.context.event.EventPublishingTestExecutionListener@4b2a01d4, org.springframework.boot.test.mock.mockito.ResetMocksTestExecutionListener@8692d67, org.springframework.boot.test.autoconfigure.restdocs.RestDocsTestExecutionListener@78f5c518, org.springframework.boot.test.autoconfigure.web.client.MockRestServiceServerResetTestExecutionListener@2f48b3d2, org.springframework.boot.test.autoconfigure.web.servlet.MockMvcPrintOnlyOnFailureTestExecutionListener@34f7234e, org.springframework.boot.test.autoconfigure.web.servlet.WebDriverTestExecutionListener@753432a2, org.springframework.boot.test.autoconfigure.webservices.client.MockWebServiceServerTestExecutionListener@23bff419]
[30m2022-07-18 09:50:31,626[0;39m [34mINFO [0;39m [[34mbackground-preinit[0;39m] [32morg.hibernate.validator.internal.util.Version[0;39m: HV000001: Hibernate Validator 6.1.5.Final
[30m2022-07-18 09:50:31,663[0;39m [34mINFO [0;39m [[34mmain[0;39m] [32morg.springframework.boot.StartupInfoLogger[0;39m: Starting ExamserverApplicationTests on DESKTOP-MS58NDA with PID 8488 (started by Priyanka in F:\quizzical-backend)
[30m2022-07-18 09:50:31,667[0;39m [39mDEBUG[0;39m [[34mmain[0;39m] [32morg.springframework.boot.StartupInfoLogger[0;39m: Running with Spring Boot v2.3.3.RELEASE, Spring v5.2.8.RELEASE
[30m2022-07-18 09:50:31,670[0;39m [34mINFO [0;39m [[34mmain[0;39m] [32morg.springframework.boot.SpringApplication[0;39m: The following profiles are active: dev
[30m2022-07-18 09:50:34,714[0;39m [34mINFO [0;39m [[34mmain[0;39m] [32morg.springframework.data.repository.config.RepositoryConfigurationDelegate[0;39m: Bootstrapping Spring Data JPA repositories in DEFERRED mode.
[30m2022-07-18 09:50:35,018[0;39m [34mINFO [0;39m [[34mmain[0;39m] [32morg.springframework.data.repository.config.RepositoryConfigurationDelegate[0;39m: Finished Spring Data repository scanning in 277ms. Found 5 JPA repository interfaces.
[30m2022-07-18 09:50:37,366[0;39m [34mINFO [0;39m [[34mmain[0;39m] [32morg.springframework.context.support.PostProcessorRegistrationDelegate$BeanPostProcessorChecker[0;39m: Bean 'org.springframework.security.access.expression.method.DefaultMethodSecurityExpressionHandler@3dec3f87' of type [org.springframework.security.access.expression.method.DefaultMethodSecurityExpressionHandler] is not eligible for getting processed by all BeanPostProcessors (for example: not eligible for auto-proxying)
[30m2022-07-18 09:50:37,400[0;39m [34mINFO [0;39m [[34mmain[0;39m] [32morg.springframework.context.support.PostProcessorRegistrationDelegate$BeanPostProcessorChecker[0;39m: Bean 'methodSecurityMetadataSource' of type [org.springframework.security.access.method.DelegatingMethodSecurityMetadataSource] is not eligible for getting processed by all BeanPostProcessors (for example: not eligible for auto-proxying)
[30m2022-07-18 09:50:37,991[0;39m [34mINFO [0;39m [[34mmain[0;39m] [32morg.springframework.scheduling.concurrent.ExecutorConfigurationSupport[0;39m: Initializing ExecutorService 'applicationTaskExecutor'
[30m2022-07-18 09:50:38,191[0;39m [34mINFO [0;39m [[34mtask-1[0;39m] [32morg.hibernate.jpa.internal.util.LogHelper[0;39m: HHH000204: Processing PersistenceUnitInfo [name: default]
[30m2022-07-18 09:50:38,522[0;39m [31mWARN [0;39m [[34mmain[0;39m] [32morg.springframework.boot.autoconfigure.orm.jpa.JpaBaseConfiguration$JpaWebConfiguration[0;39m: spring.jpa.open-in-view is enabled by default. Therefore, database queries may be performed during view rendering. Explicitly configure spring.jpa.open-in-view to disable this warning
[30m2022-07-18 09:50:38,557[0;39m [34mINFO [0;39m [[34mtask-1[0;39m] [32morg.hibernate.Version[0;39m: HHH000412: Hibernate ORM core version 5.4.20.Final
[30m2022-07-18 09:50:38,682[0;39m [34mINFO [0;39m [[34mtask-1[0;39m] [32morg.hibernate.annotations.common.reflection.java.JavaReflectionManager[0;39m: HCANN000001: Hibernate Commons Annotations {5.1.0.Final}
[30m2022-07-18 09:50:39,361[0;39m [34mINFO [0;39m [[34mtask-1[0;39m] [32mcom.zaxxer.hikari.HikariDataSource[0;39m: HikariPool-1 - Starting...
[30m2022-07-18 09:50:40,122[0;39m [34mINFO [0;39m [[34mmain[0;39m] [32morg.springframework.security.web.DefaultSecurityFilterChain[0;39m: Creating filter chain: any request, [org.springframework.security.web.context.request.async.WebAsyncManagerIntegrationFilter@5f5c187d, org.springframework.security.web.context.SecurityContextPersistenceFilter@782cc5fa, org.springframework.security.web.header.HeaderWriterFilter@395281c2, org.springframework.security.web.authentication.logout.LogoutFilter@329b331f, com.exam.config.JwtAuthenticationFilter@d969452, org.springframework.security.web.savedrequest.RequestCacheAwareFilter@6f2d3391, org.springframework.security.web.servletapi.SecurityContextHolderAwareRequestFilter@3ef0e576, org.springframework.security.web.authentication.AnonymousAuthenticationFilter@464400b3, org.springframework.security.web.session.SessionManagementFilter@78eafad, org.springframework.security.web.access.ExceptionTranslationFilter@6dcf7b6a, org.springframework.security.web.access.intercept.FilterSecurityInterceptor@3bab95ca]
[30m2022-07-18 09:50:41,261[0;39m [34mINFO [0;39m [[34mtask-1[0;39m] [32mcom.zaxxer.hikari.HikariDataSource[0;39m: HikariPool-1 - Start completed.
[30m2022-07-18 09:50:41,327[0;39m [34mINFO [0;39m [[34mtask-1[0;39m] [32morg.hibernate.dialect.Dialect[0;39m: HHH000400: Using dialect: org.hibernate.dialect.MySQL8Dialect
[30m2022-07-18 09:50:44,312[0;39m [34mINFO [0;39m [[34mtask-1[0;39m] [32morg.hibernate.tuple.PojoInstantiator[0;39m: HHH000182: No default (no-argument) constructor for class: com.exam.model.User (class must be instantiated by Interceptor)
[30m2022-07-18 09:50:45,195[0;39m [34mINFO [0;39m [[34mtask-1[0;39m] [32morg.hibernate.engine.transaction.jta.platform.internal.JtaPlatformInitiator[0;39m: HHH000490: Using JtaPlatform implementation: [org.hibernate.engine.transaction.jta.platform.internal.NoJtaPlatform]
[30m2022-07-18 09:50:45,214[0;39m [34mINFO [0;39m [[34mtask-1[0;39m] [32morg.springframework.orm.jpa.AbstractEntityManagerFactoryBean[0;39m: Initialized JPA EntityManagerFactory for persistence unit 'default'
[30m2022-07-18 09:50:45,499[0;39m [34mINFO [0;39m [[34mmain[0;39m] [32morg.springframework.data.repository.config.DeferredRepositoryInitializationListener[0;39m: Triggering deferred initialization of Spring Data repositories…
[30m2022-07-18 09:50:46,566[0;39m [34mINFO [0;39m [[34mmain[0;39m] [32morg.springframework.data.repository.config.DeferredRepositoryInitializationListener[0;39m: Spring Data repositories initialized!
[30m2022-07-18 09:50:46,637[0;39m [34mINFO [0;39m [[34mmain[0;39m] [32morg.springframework.boot.StartupInfoLogger[0;39m: Started ExamserverApplicationTests in 15.702 seconds (JVM running for 19.528)
[30m2022-07-18 09:50:47,071[0;39m [31mWARN [0;39m [[34mmain[0;39m] [32morg.springframework.test.context.TestContextManager[0;39m: Caught exception while invoking 'afterTestMethod' callback on TestExecutionListener [org.springframework.boot.test.mock.mockito.ResetMocksTestExecutionListener@8692d67] for test method [public void com.exam.ExamserverApplicationTests.getUserTest() throws com.exam.exception.UserNotFoundException] and test instance [com.exam.ExamserverApplicationTests@2568611c]
org.mockito.exceptions.misusing.UnfinishedStubbingException: 
Unfinished stubbing detected here:
-> at com.exam.ExamserverApplicationTests.getUserTest(ExamserverApplicationTests.java:37)

E.g. thenReturn() may be missing.
Examples of correct stubbing:
    when(mock.isOk()).thenReturn(true);
    when(mock.isOk()).thenThrow(exception);
    doThrow(exception).when(mock).someVoidMethod();
Hints:
 1. missing thenReturn()
 2. you are trying to stub a final method, which is not supported
 3. you are stubbing the behaviour of another mock inside before 'thenReturn' instruction is completed

	at org.springframework.boot.test.mock.mockito.ResetMocksTestExecutionListener.resetMocks(ResetMocksTestExecutionListener.java:82)
	at org.springframework.boot.test.mock.mockito.ResetMocksTestExecutionListener.resetMocks(ResetMocksTestExecutionListener.java:69)
	at org.springframework.boot.test.mock.mockito.ResetMocksTestExecutionListener.afterTestMethod(ResetMocksTestExecutionListener.java:63)
	at org.springframework.test.context.TestContextManager.afterTestMethod(TestContextManager.java:441)
	at org.springframework.test.context.junit.jupiter.SpringExtension.afterEach(SpringExtension.java:140)
	at org.junit.jupiter.engine.descriptor.TestMethodTestDescriptor.lambda$invokeAfterEachCallbacks$11(TestMethodTestDescriptor.java:255)
	at org.junit.jupiter.engine.descriptor.TestMethodTestDescriptor.lambda$invokeAllAfterMethodsOrCallbacks$12(TestMethodTestDescriptor.java:271)
	at org.junit.platform.engine.support.hierarchical.ThrowableCollector.execute(ThrowableCollector.java:73)
	at org.junit.jupiter.engine.descriptor.TestMethodTestDescriptor.lambda$invokeAllAfterMethodsOrCallbacks$13(TestMethodTestDescriptor.java:271)
	at java.base/java.util.ArrayList.forEach(ArrayList.java:1511)
	at org.junit.jupiter.engine.descriptor.TestMethodTestDescriptor.invokeAllAfterMethodsOrCallbacks(TestMethodTestDescriptor.java:270)
	at org.junit.jupiter.engine.descriptor.TestMethodTestDescriptor.invokeAfterEachCallbacks(TestMethodTestDescriptor.java:254)
	at org.junit.jupiter.engine.descriptor.TestMethodTestDescriptor.execute(TestMethodTestDescriptor.java:143)
	at org.junit.jupiter.engine.descriptor.TestMethodTestDescriptor.execute(TestMethodTestDescriptor.java:71)
	at org.junit.platform.engine.support.hierarchical.NodeTestTask.lambda$executeRecursively$5(NodeTestTask.java:135)
	at org.junit.platform.engine.support.hierarchical.ThrowableCollector.execute(ThrowableCollector.java:73)
	at org.junit.platform.engine.support.hierarchical.NodeTestTask.lambda$executeRecursively$7(NodeTestTask.java:125)
	at org.junit.platform.engine.support.hierarchical.Node.around(Node.java:135)
	at org.junit.platform.engine.support.hierarchical.NodeTestTask.lambda$executeRecursively$8(NodeTestTask.java:123)
	at org.junit.platform.engine.support.hierarchical.ThrowableCollector.execute(ThrowableCollector.java:73)
	at org.junit.platform.engine.support.hierarchical.NodeTestTask.executeRecursively(NodeTestTask.java:122)
	at org.junit.platform.engine.support.hierarchical.NodeTestTask.execute(NodeTestTask.java:80)
	at java.base/java.util.ArrayList.forEach(ArrayList.java:1511)
	at org.junit.platform.engine.support.hierarchical.SameThreadHierarchicalTestExecutorService.invokeAll(SameThreadHierarchicalTestExecutorService.java:38)
	at org.junit.platform.engine.support.hierarchical.NodeTestTask.lambda$executeRecursively$5(NodeTestTask.java:139)
	at org.junit.platform.engine.support.hierarchical.ThrowableCollector.execute(ThrowableCollector.java:73)
	at org.junit.platform.engine.support.hierarchical.NodeTestTask.lambda$executeRecursively$7(NodeTestTask.java:125)
	at org.junit.platform.engine.support.hierarchical.Node.around(Node.java:135)
	at org.junit.platform.engine.support.hierarchical.NodeTestTask.lambda$executeRecursively$8(NodeTestTask.java:123)
	at org.junit.platform.engine.support.hierarchical.ThrowableCollector.execute(ThrowableCollector.java:73)
	at org.junit.platform.engine.support.hierarchical.NodeTestTask.executeRecursively(NodeTestTask.java:122)
	at org.junit.platform.engine.support.hierarchical.NodeTestTask.execute(NodeTestTask.java:80)
	at java.base/java.util.ArrayList.forEach(ArrayList.java:1511)
	at org.junit.platform.engine.support.hierarchical.SameThreadHierarchicalTestExecutorService.invokeAll(SameThreadHierarchicalTestExecutorService.java:38)
	at org.junit.platform.engine.support.hierarchical.NodeTestTask.lambda$executeRecursively$5(NodeTestTask.java:139)
	at org.junit.platform.engine.support.hierarchical.ThrowableCollector.execute(ThrowableCollector.java:73)
	at org.junit.platform.engine.support.hierarchical.NodeTestTask.lambda$executeRecursively$7(NodeTestTask.java:125)
	at org.junit.platform.engine.support.hierarchical.Node.around(Node.java:135)
	at org.junit.platform.engine.support.hierarchical.NodeTestTask.lambda$executeRecursively$8(NodeTestTask.java:123)
	at org.junit.platform.engine.support.hierarchical.ThrowableCollector.execute(ThrowableCollector.java:73)
	at org.junit.platform.engine.support.hierarchical.NodeTestTask.executeRecursively(NodeTestTask.java:122)
	at org.junit.platform.engine.support.hierarchical.NodeTestTask.execute(NodeTestTask.java:80)
	at org.junit.platform.engine.support.hierarchical.SameThreadHierarchicalTestExecutorService.submit(SameThreadHierarchicalTestExecutorService.java:32)
	at org.junit.platform.engine.support.hierarchical.HierarchicalTestExecutor.execute(HierarchicalTestExecutor.java:57)
	at org.junit.platform.engine.support.hierarchical.HierarchicalTestEngine.execute(HierarchicalTestEngine.java:51)
	at org.junit.platform.launcher.core.DefaultLauncher.execute(DefaultLauncher.java:248)
	at org.junit.platform.launcher.core.DefaultLauncher.lambda$execute$5(DefaultLauncher.java:211)
	at org.junit.platform.launcher.core.DefaultLauncher.withInterceptedStreams(DefaultLauncher.java:226)
	at org.junit.platform.launcher.core.DefaultLauncher.execute(DefaultLauncher.java:199)
	at org.junit.platform.launcher.core.DefaultLauncher.execute(DefaultLauncher.java:132)
	at com.intellij.junit5.JUnit5IdeaTestRunner.startRunnerWithArgs(JUnit5IdeaTestRunner.java:71)
	at com.intellij.rt.junit.IdeaTestRunner$Repeater$1.execute(IdeaTestRunner.java:38)
	at com.intellij.rt.execution.junit.TestsRepeater.repeat(TestsRepeater.java:11)
	at com.intellij.rt.junit.IdeaTestRunner$Repeater.startRunnerWithArgs(IdeaTestRunner.java:35)
	at com.intellij.rt.junit.JUnitStarter.prepareStreamsAndStart(JUnitStarter.java:235)
	at com.intellij.rt.junit.JUnitStarter.main(JUnitStarter.java:54)
[30m2022-07-18 09:50:47,180[0;39m [34mINFO [0;39m [[34mSpringContextShutdownHook[0;39m] [32morg.springframework.orm.jpa.AbstractEntityManagerFactoryBean[0;39m: Closing JPA EntityManagerFactory for persistence unit 'default'
[30m2022-07-18 09:50:47,187[0;39m [34mINFO [0;39m [[34mSpringContextShutdownHook[0;39m] [32morg.springframework.scheduling.concurrent.ExecutorConfigurationSupport[0;39m: Shutting down ExecutorService 'applicationTaskExecutor'
[30m2022-07-18 09:50:47,201[0;39m [34mINFO [0;39m [[34mSpringContextShutdownHook[0;39m] [32mcom.zaxxer.hikari.HikariDataSource[0;39m: HikariPool-1 - Shutdown initiated...
[30m2022-07-18 09:50:47,263[0;39m [34mINFO [0;39m [[34mSpringContextShutdownHook[0;39m] [32mcom.zaxxer.hikari.HikariDataSource[0;39m: HikariPool-1 - Shutdown completed.
[30m2022-07-18 10:32:21,943[0;39m [34mINFO [0;39m [[34mmain[0;39m] [32morg.springframework.test.context.support.AbstractTestContextBootstrapper[0;39m: Neither @ContextConfiguration nor @ContextHierarchy found for test class [com.exam.service.UserServiceTest], using SpringBootContextLoader
[30m2022-07-18 10:32:21,958[0;39m [34mINFO [0;39m [[34mmain[0;39m] [32morg.springframework.test.context.support.AbstractContextLoader[0;39m: Could not detect default resource locations for test class [com.exam.service.UserServiceTest]: no resource found for suffixes {-context.xml, Context.groovy}.
[30m2022-07-18 10:32:21,974[0;39m [34mINFO [0;39m [[34mmain[0;39m] [32morg.springframework.test.context.support.AnnotationConfigContextLoaderUtils[0;39m: Could not detect default configuration classes for test class [com.exam.service.UserServiceTest]: UserServiceTest does not declare any static, non-private, non-final, nested classes annotated with @Configuration.
[30m2022-07-18 10:32:22,396[0;39m [34mINFO [0;39m [[34mmain[0;39m] [32morg.springframework.boot.test.context.SpringBootTestContextBootstrapper[0;39m: Found @SpringBootConfiguration com.exam.ExamserverApplication for test class com.exam.service.UserServiceTest
[30m2022-07-18 10:32:22,677[0;39m [34mINFO [0;39m [[34mmain[0;39m] [32morg.springframework.test.context.support.AbstractTestContextBootstrapper[0;39m: Loaded default TestExecutionListener class names from location [META-INF/spring.factories]: [org.springframework.boot.test.mock.mockito.MockitoTestExecutionListener, org.springframework.boot.test.mock.mockito.ResetMocksTestExecutionListener, org.springframework.boot.test.autoconfigure.restdocs.RestDocsTestExecutionListener, org.springframework.boot.test.autoconfigure.web.client.MockRestServiceServerResetTestExecutionListener, org.springframework.boot.test.autoconfigure.web.servlet.MockMvcPrintOnlyOnFailureTestExecutionListener, org.springframework.boot.test.autoconfigure.web.servlet.WebDriverTestExecutionListener, org.springframework.boot.test.autoconfigure.webservices.client.MockWebServiceServerTestExecutionListener, org.springframework.test.context.web.ServletTestExecutionListener, org.springframework.test.context.support.DirtiesContextBeforeModesTestExecutionListener, org.springframework.test.context.support.DependencyInjectionTestExecutionListener, org.springframework.test.context.support.DirtiesContextTestExecutionListener, org.springframework.test.context.transaction.TransactionalTestExecutionListener, org.springframework.test.context.jdbc.SqlScriptsTestExecutionListener, org.springframework.test.context.event.EventPublishingTestExecutionListener]
[30m2022-07-18 10:32:22,739[0;39m [34mINFO [0;39m [[34mmain[0;39m] [32morg.springframework.test.context.support.AbstractTestContextBootstrapper[0;39m: Using TestExecutionListeners: [org.springframework.test.context.web.ServletTestExecutionListener@18bc345, org.springframework.test.context.support.DirtiesContextBeforeModesTestExecutionListener@42f8285e, org.springframework.boot.test.mock.mockito.MockitoTestExecutionListener@26bab2f1, org.springframework.boot.test.autoconfigure.SpringBootDependencyInjectionTestExecutionListener@3724af13, org.springframework.test.context.support.DirtiesContextTestExecutionListener@68ead359, org.springframework.test.context.transaction.TransactionalTestExecutionListener@6b53bcc2, org.springframework.test.context.jdbc.SqlScriptsTestExecutionListener@180da663, org.springframework.test.context.event.EventPublishingTestExecutionListener@a43ce46, org.springframework.boot.test.mock.mockito.ResetMocksTestExecutionListener@340da44c, org.springframework.boot.test.autoconfigure.restdocs.RestDocsTestExecutionListener@424ebba3, org.springframework.boot.test.autoconfigure.web.client.MockRestServiceServerResetTestExecutionListener@37052337, org.springframework.boot.test.autoconfigure.web.servlet.MockMvcPrintOnlyOnFailureTestExecutionListener@2320fa6f, org.springframework.boot.test.autoconfigure.web.servlet.WebDriverTestExecutionListener@7a560583, org.springframework.boot.test.autoconfigure.webservices.client.MockWebServiceServerTestExecutionListener@4d722ac9]
[30m2022-07-18 10:32:23,756[0;39m [34mINFO [0;39m [[34mbackground-preinit[0;39m] [32morg.hibernate.validator.internal.util.Version[0;39m: HV000001: Hibernate Validator 6.1.5.Final
[30m2022-07-18 10:32:23,794[0;39m [34mINFO [0;39m [[34mmain[0;39m] [32morg.springframework.boot.StartupInfoLogger[0;39m: Starting UserServiceTest on DESKTOP-MS58NDA with PID 10156 (started by Priyanka in F:\quizzical-backend)
[30m2022-07-18 10:32:23,794[0;39m [39mDEBUG[0;39m [[34mmain[0;39m] [32morg.springframework.boot.StartupInfoLogger[0;39m: Running with Spring Boot v2.3.3.RELEASE, Spring v5.2.8.RELEASE
[30m2022-07-18 10:32:23,794[0;39m [34mINFO [0;39m [[34mmain[0;39m] [32morg.springframework.boot.SpringApplication[0;39m: The following profiles are active: dev
[30m2022-07-18 10:32:26,553[0;39m [34mINFO [0;39m [[34mmain[0;39m] [32morg.springframework.data.repository.config.RepositoryConfigurationDelegate[0;39m: Bootstrapping Spring Data JPA repositories in DEFERRED mode.
[30m2022-07-18 10:32:26,788[0;39m [34mINFO [0;39m [[34mmain[0;39m] [32morg.springframework.data.repository.config.RepositoryConfigurationDelegate[0;39m: Finished Spring Data repository scanning in 186ms. Found 5 JPA repository interfaces.
[30m2022-07-18 10:32:28,772[0;39m [34mINFO [0;39m [[34mmain[0;39m] [32morg.springframework.context.support.PostProcessorRegistrationDelegate$BeanPostProcessorChecker[0;39m: Bean 'org.springframework.security.access.expression.method.DefaultMethodSecurityExpressionHandler@2997ddfc' of type [org.springframework.security.access.expression.method.DefaultMethodSecurityExpressionHandler] is not eligible for getting processed by all BeanPostProcessors (for example: not eligible for auto-proxying)
[30m2022-07-18 10:32:28,787[0;39m [34mINFO [0;39m [[34mmain[0;39m] [32morg.springframework.context.support.PostProcessorRegistrationDelegate$BeanPostProcessorChecker[0;39m: Bean 'methodSecurityMetadataSource' of type [org.springframework.security.access.method.DelegatingMethodSecurityMetadataSource] is not eligible for getting processed by all BeanPostProcessors (for example: not eligible for auto-proxying)
[30m2022-07-18 10:32:29,272[0;39m [34mINFO [0;39m [[34mmain[0;39m] [32morg.springframework.scheduling.concurrent.ExecutorConfigurationSupport[0;39m: Initializing ExecutorService 'applicationTaskExecutor'
[30m2022-07-18 10:32:29,415[0;39m [34mINFO [0;39m [[34mtask-1[0;39m] [32morg.hibernate.jpa.internal.util.LogHelper[0;39m: HHH000204: Processing PersistenceUnitInfo [name: default]
[30m2022-07-18 10:32:29,598[0;39m [31mWARN [0;39m [[34mmain[0;39m] [32morg.springframework.boot.autoconfigure.orm.jpa.JpaBaseConfiguration$JpaWebConfiguration[0;39m: spring.jpa.open-in-view is enabled by default. Therefore, database queries may be performed during view rendering. Explicitly configure spring.jpa.open-in-view to disable this warning
[30m2022-07-18 10:32:29,652[0;39m [34mINFO [0;39m [[34mtask-1[0;39m] [32morg.hibernate.Version[0;39m: HHH000412: Hibernate ORM core version 5.4.20.Final
[30m2022-07-18 10:32:29,745[0;39m [34mINFO [0;39m [[34mtask-1[0;39m] [32morg.hibernate.annotations.common.reflection.java.JavaReflectionManager[0;39m: HCANN000001: Hibernate Commons Annotations {5.1.0.Final}
[30m2022-07-18 10:32:30,237[0;39m [34mINFO [0;39m [[34mtask-1[0;39m] [32mcom.zaxxer.hikari.HikariDataSource[0;39m: HikariPool-1 - Starting...
[30m2022-07-18 10:32:30,813[0;39m [34mINFO [0;39m [[34mmain[0;39m] [32morg.springframework.security.web.DefaultSecurityFilterChain[0;39m: Creating filter chain: any request, [org.springframework.security.web.context.request.async.WebAsyncManagerIntegrationFilter@260d48f5, org.springframework.security.web.context.SecurityContextPersistenceFilter@1410d645, org.springframework.security.web.header.HeaderWriterFilter@7df4709e, org.springframework.security.web.authentication.logout.LogoutFilter@194b9783, com.exam.config.JwtAuthenticationFilter@388f1258, org.springframework.security.web.savedrequest.RequestCacheAwareFilter@1a0d313, org.springframework.security.web.servletapi.SecurityContextHolderAwareRequestFilter@631bc9f4, org.springframework.security.web.authentication.AnonymousAuthenticationFilter@148ab138, org.springframework.security.web.session.SessionManagementFilter@4fa0ee7e, org.springframework.security.web.access.ExceptionTranslationFilter@da34eb0, org.springframework.security.web.access.intercept.FilterSecurityInterceptor@4bdb04c8]
[30m2022-07-18 10:32:31,705[0;39m [34mINFO [0;39m [[34mtask-1[0;39m] [32mcom.zaxxer.hikari.HikariDataSource[0;39m: HikariPool-1 - Start completed.
[30m2022-07-18 10:32:31,759[0;39m [34mINFO [0;39m [[34mtask-1[0;39m] [32morg.hibernate.dialect.Dialect[0;39m: HHH000400: Using dialect: org.hibernate.dialect.MySQL8Dialect
[30m2022-07-18 10:32:33,242[0;39m [34mINFO [0;39m [[34mtask-1[0;39m] [32morg.hibernate.tuple.PojoInstantiator[0;39m: HHH000182: No default (no-argument) constructor for class: com.exam.model.User (class must be instantiated by Interceptor)
[30m2022-07-18 10:32:33,886[0;39m [34mINFO [0;39m [[34mtask-1[0;39m] [32morg.hibernate.engine.transaction.jta.platform.internal.JtaPlatformInitiator[0;39m: HHH000490: Using JtaPlatform implementation: [org.hibernate.engine.transaction.jta.platform.internal.NoJtaPlatform]
[30m2022-07-18 10:32:33,933[0;39m [34mINFO [0;39m [[34mtask-1[0;39m] [32morg.springframework.orm.jpa.AbstractEntityManagerFactoryBean[0;39m: Initialized JPA EntityManagerFactory for persistence unit 'default'
[30m2022-07-18 10:32:34,245[0;39m [34mINFO [0;39m [[34mmain[0;39m] [32morg.springframework.data.repository.config.DeferredRepositoryInitializationListener[0;39m: Triggering deferred initialization of Spring Data repositories…
[30m2022-07-18 10:32:35,151[0;39m [34mINFO [0;39m [[34mmain[0;39m] [32morg.springframework.data.repository.config.DeferredRepositoryInitializationListener[0;39m: Spring Data repositories initialized!
[30m2022-07-18 10:32:35,183[0;39m [34mINFO [0;39m [[34mmain[0;39m] [32morg.springframework.boot.StartupInfoLogger[0;39m: Started UserServiceTest in 12.349 seconds (JVM running for 15.733)
[30m2022-07-18 10:32:35,448[0;39m [34mINFO [0;39m [[34mSpringContextShutdownHook[0;39m] [32morg.springframework.orm.jpa.AbstractEntityManagerFactoryBean[0;39m: Closing JPA EntityManagerFactory for persistence unit 'default'
[30m2022-07-18 10:32:35,448[0;39m [34mINFO [0;39m [[34mSpringContextShutdownHook[0;39m] [32morg.springframework.scheduling.concurrent.ExecutorConfigurationSupport[0;39m: Shutting down ExecutorService 'applicationTaskExecutor'
[30m2022-07-18 10:32:35,448[0;39m [34mINFO [0;39m [[34mSpringContextShutdownHook[0;39m] [32mcom.zaxxer.hikari.HikariDataSource[0;39m: HikariPool-1 - Shutdown initiated...
[30m2022-07-18 10:32:35,479[0;39m [34mINFO [0;39m [[34mSpringContextShutdownHook[0;39m] [32mcom.zaxxer.hikari.HikariDataSource[0;39m: HikariPool-1 - Shutdown completed.
[30m2022-07-18 19:10:44,940[0;39m [34mINFO [0;39m [[34mmain[0;39m] [32morg.springframework.test.context.support.AbstractTestContextBootstrapper[0;39m: Neither @ContextConfiguration nor @ContextHierarchy found for test class [com.exam.service.UserServiceTest], using SpringBootContextLoader
[30m2022-07-18 19:10:44,996[0;39m [34mINFO [0;39m [[34mmain[0;39m] [32morg.springframework.test.context.support.AbstractContextLoader[0;39m: Could not detect default resource locations for test class [com.exam.service.UserServiceTest]: no resource found for suffixes {-context.xml, Context.groovy}.
[30m2022-07-18 19:10:45,000[0;39m [34mINFO [0;39m [[34mmain[0;39m] [32morg.springframework.test.context.support.AnnotationConfigContextLoaderUtils[0;39m: Could not detect default configuration classes for test class [com.exam.service.UserServiceTest]: UserServiceTest does not declare any static, non-private, non-final, nested classes annotated with @Configuration.
[30m2022-07-18 19:10:45,335[0;39m [34mINFO [0;39m [[34mmain[0;39m] [32morg.springframework.boot.test.context.SpringBootTestContextBootstrapper[0;39m: Found @SpringBootConfiguration com.exam.ExamserverApplication for test class com.exam.service.UserServiceTest
[30m2022-07-18 19:10:45,616[0;39m [34mINFO [0;39m [[34mmain[0;39m] [32morg.springframework.test.context.support.AbstractTestContextBootstrapper[0;39m: Loaded default TestExecutionListener class names from location [META-INF/spring.factories]: [org.springframework.boot.test.mock.mockito.MockitoTestExecutionListener, org.springframework.boot.test.mock.mockito.ResetMocksTestExecutionListener, org.springframework.boot.test.autoconfigure.restdocs.RestDocsTestExecutionListener, org.springframework.boot.test.autoconfigure.web.client.MockRestServiceServerResetTestExecutionListener, org.springframework.boot.test.autoconfigure.web.servlet.MockMvcPrintOnlyOnFailureTestExecutionListener, org.springframework.boot.test.autoconfigure.web.servlet.WebDriverTestExecutionListener, org.springframework.boot.test.autoconfigure.webservices.client.MockWebServiceServerTestExecutionListener, org.springframework.test.context.web.ServletTestExecutionListener, org.springframework.test.context.support.DirtiesContextBeforeModesTestExecutionListener, org.springframework.test.context.support.DependencyInjectionTestExecutionListener, org.springframework.test.context.support.DirtiesContextTestExecutionListener, org.springframework.test.context.transaction.TransactionalTestExecutionListener, org.springframework.test.context.jdbc.SqlScriptsTestExecutionListener, org.springframework.test.context.event.EventPublishingTestExecutionListener]
[30m2022-07-18 19:10:45,651[0;39m [34mINFO [0;39m [[34mmain[0;39m] [32morg.springframework.test.context.support.AbstractTestContextBootstrapper[0;39m: Using TestExecutionListeners: [org.springframework.test.context.web.ServletTestExecutionListener@42f8285e, org.springframework.test.context.support.DirtiesContextBeforeModesTestExecutionListener@26bab2f1, org.springframework.boot.test.mock.mockito.MockitoTestExecutionListener@3724af13, org.springframework.boot.test.autoconfigure.SpringBootDependencyInjectionTestExecutionListener@68ead359, org.springframework.test.context.support.DirtiesContextTestExecutionListener@6b53bcc2, org.springframework.test.context.transaction.TransactionalTestExecutionListener@180da663, org.springframework.test.context.jdbc.SqlScriptsTestExecutionListener@a43ce46, org.springframework.test.context.event.EventPublishingTestExecutionListener@340da44c, org.springframework.boot.test.mock.mockito.ResetMocksTestExecutionListener@424ebba3, org.springframework.boot.test.autoconfigure.restdocs.RestDocsTestExecutionListener@37052337, org.springframework.boot.test.autoconfigure.web.client.MockRestServiceServerResetTestExecutionListener@2320fa6f, org.springframework.boot.test.autoconfigure.web.servlet.MockMvcPrintOnlyOnFailureTestExecutionListener@7a560583, org.springframework.boot.test.autoconfigure.web.servlet.WebDriverTestExecutionListener@4d722ac9, org.springframework.boot.test.autoconfigure.webservices.client.MockWebServiceServerTestExecutionListener@53f0a4cb]
[30m2022-07-18 19:10:46,505[0;39m [34mINFO [0;39m [[34mbackground-preinit[0;39m] [32morg.hibernate.validator.internal.util.Version[0;39m: HV000001: Hibernate Validator 6.1.5.Final
[30m2022-07-18 19:10:46,535[0;39m [34mINFO [0;39m [[34mmain[0;39m] [32morg.springframework.boot.StartupInfoLogger[0;39m: Starting UserServiceTest on DESKTOP-MS58NDA with PID 1056 (started by Priyanka in F:\quizzical-backend)
[30m2022-07-18 19:10:46,537[0;39m [39mDEBUG[0;39m [[34mmain[0;39m] [32morg.springframework.boot.StartupInfoLogger[0;39m: Running with Spring Boot v2.3.3.RELEASE, Spring v5.2.8.RELEASE
[30m2022-07-18 19:10:46,538[0;39m [34mINFO [0;39m [[34mmain[0;39m] [32morg.springframework.boot.SpringApplication[0;39m: The following profiles are active: dev
[30m2022-07-18 19:10:49,374[0;39m [34mINFO [0;39m [[34mmain[0;39m] [32morg.springframework.data.repository.config.RepositoryConfigurationDelegate[0;39m: Bootstrapping Spring Data JPA repositories in DEFERRED mode.
[30m2022-07-18 19:10:49,549[0;39m [34mINFO [0;39m [[34mmain[0;39m] [32morg.springframework.data.repository.config.RepositoryConfigurationDelegate[0;39m: Finished Spring Data repository scanning in 159ms. Found 5 JPA repository interfaces.
[30m2022-07-18 19:10:52,671[0;39m [34mINFO [0;39m [[34mmain[0;39m] [32morg.springframework.context.support.PostProcessorRegistrationDelegate$BeanPostProcessorChecker[0;39m: Bean 'org.springframework.security.access.expression.method.DefaultMethodSecurityExpressionHandler@143fefaf' of type [org.springframework.security.access.expression.method.DefaultMethodSecurityExpressionHandler] is not eligible for getting processed by all BeanPostProcessors (for example: not eligible for auto-proxying)
[30m2022-07-18 19:10:52,702[0;39m [34mINFO [0;39m [[34mmain[0;39m] [32morg.springframework.context.support.PostProcessorRegistrationDelegate$BeanPostProcessorChecker[0;39m: Bean 'methodSecurityMetadataSource' of type [org.springframework.security.access.method.DelegatingMethodSecurityMetadataSource] is not eligible for getting processed by all BeanPostProcessors (for example: not eligible for auto-proxying)
[30m2022-07-18 19:10:53,240[0;39m [34mINFO [0;39m [[34mmain[0;39m] [32morg.springframework.scheduling.concurrent.ExecutorConfigurationSupport[0;39m: Initializing ExecutorService 'applicationTaskExecutor'
[30m2022-07-18 19:10:53,400[0;39m [34mINFO [0;39m [[34mtask-1[0;39m] [32morg.hibernate.jpa.internal.util.LogHelper[0;39m: HHH000204: Processing PersistenceUnitInfo [name: default]
[30m2022-07-18 19:10:53,628[0;39m [31mWARN [0;39m [[34mmain[0;39m] [32morg.springframework.boot.autoconfigure.orm.jpa.JpaBaseConfiguration$JpaWebConfiguration[0;39m: spring.jpa.open-in-view is enabled by default. Therefore, database queries may be performed during view rendering. Explicitly configure spring.jpa.open-in-view to disable this warning
[30m2022-07-18 19:10:53,747[0;39m [34mINFO [0;39m [[34mtask-1[0;39m] [32morg.hibernate.Version[0;39m: HHH000412: Hibernate ORM core version 5.4.20.Final
[30m2022-07-18 19:10:53,875[0;39m [34mINFO [0;39m [[34mtask-1[0;39m] [32morg.hibernate.annotations.common.reflection.java.JavaReflectionManager[0;39m: HCANN000001: Hibernate Commons Annotations {5.1.0.Final}
[30m2022-07-18 19:10:54,524[0;39m [34mINFO [0;39m [[34mtask-1[0;39m] [32mcom.zaxxer.hikari.HikariDataSource[0;39m: HikariPool-1 - Starting...
[30m2022-07-18 19:10:55,097[0;39m [34mINFO [0;39m [[34mmain[0;39m] [32morg.springframework.security.web.DefaultSecurityFilterChain[0;39m: Creating filter chain: any request, [org.springframework.security.web.context.request.async.WebAsyncManagerIntegrationFilter@76b5a559, org.springframework.security.web.context.SecurityContextPersistenceFilter@5086623f, org.springframework.security.web.header.HeaderWriterFilter@7433ca19, org.springframework.security.web.authentication.logout.LogoutFilter@642c72cf, com.exam.config.JwtAuthenticationFilter@892af0e, org.springframework.security.web.savedrequest.RequestCacheAwareFilter@5d84e363, org.springframework.security.web.servletapi.SecurityContextHolderAwareRequestFilter@7df4709e, org.springframework.security.web.authentication.AnonymousAuthenticationFilter@4bdb04c8, org.springframework.security.web.session.SessionManagementFilter@6f2d3391, org.springframework.security.web.access.ExceptionTranslationFilter@41d20f06, org.springframework.security.web.access.intercept.FilterSecurityInterceptor@18b40fe6]
[30m2022-07-18 19:10:56,711[0;39m [34mINFO [0;39m [[34mtask-1[0;39m] [32mcom.zaxxer.hikari.HikariDataSource[0;39m: HikariPool-1 - Start completed.
[30m2022-07-18 19:10:56,778[0;39m [34mINFO [0;39m [[34mtask-1[0;39m] [32morg.hibernate.dialect.Dialect[0;39m: HHH000400: Using dialect: org.hibernate.dialect.MySQL8Dialect
[30m2022-07-18 19:10:59,091[0;39m [34mINFO [0;39m [[34mtask-1[0;39m] [32morg.hibernate.tuple.PojoInstantiator[0;39m: HHH000182: No default (no-argument) constructor for class: com.exam.model.User (class must be instantiated by Interceptor)
[30m2022-07-18 19:11:00,124[0;39m [34mINFO [0;39m [[34mtask-1[0;39m] [32morg.hibernate.engine.transaction.jta.platform.internal.JtaPlatformInitiator[0;39m: HHH000490: Using JtaPlatform implementation: [org.hibernate.engine.transaction.jta.platform.internal.NoJtaPlatform]
[30m2022-07-18 19:11:00,151[0;39m [34mINFO [0;39m [[34mtask-1[0;39m] [32morg.springframework.orm.jpa.AbstractEntityManagerFactoryBean[0;39m: Initialized JPA EntityManagerFactory for persistence unit 'default'
[30m2022-07-18 19:11:00,498[0;39m [34mINFO [0;39m [[34mmain[0;39m] [32morg.springframework.data.repository.config.DeferredRepositoryInitializationListener[0;39m: Triggering deferred initialization of Spring Data repositories…
[30m2022-07-18 19:11:01,592[0;39m [34mINFO [0;39m [[34mmain[0;39m] [32morg.springframework.data.repository.config.DeferredRepositoryInitializationListener[0;39m: Spring Data repositories initialized!
[30m2022-07-18 19:11:01,684[0;39m [34mINFO [0;39m [[34mmain[0;39m] [32morg.springframework.boot.StartupInfoLogger[0;39m: Started UserServiceTest in 15.885 seconds (JVM running for 18.98)
[30m2022-07-18 19:11:01,976[0;39m [34mINFO [0;39m [[34mSpringContextShutdownHook[0;39m] [32morg.springframework.orm.jpa.AbstractEntityManagerFactoryBean[0;39m: Closing JPA EntityManagerFactory for persistence unit 'default'
[30m2022-07-18 19:11:01,981[0;39m [34mINFO [0;39m [[34mSpringContextShutdownHook[0;39m] [32morg.springframework.scheduling.concurrent.ExecutorConfigurationSupport[0;39m: Shutting down ExecutorService 'applicationTaskExecutor'
[30m2022-07-18 19:11:01,981[0;39m [34mINFO [0;39m [[34mSpringContextShutdownHook[0;39m] [32mcom.zaxxer.hikari.HikariDataSource[0;39m: HikariPool-1 - Shutdown initiated...
[30m2022-07-18 19:11:02,038[0;39m [34mINFO [0;39m [[34mSpringContextShutdownHook[0;39m] [32mcom.zaxxer.hikari.HikariDataSource[0;39m: HikariPool-1 - Shutdown completed.
