[30m2022-07-12 06:32:50,174[0;39m [34mINFO [0;39m [[34mbackground-preinit[0;39m] [32morg.hibernate.validator.internal.util.Version[0;39m: HV000001: Hibernate Validator 6.1.5.Final
[30m2022-07-12 06:32:50,249[0;39m [34mINFO [0;39m [[34mrestartedMain[0;39m] [32morg.springframework.boot.StartupInfoLogger[0;39m: Starting ExamserverApplication on DESKTOP-MS58NDA with PID 10948 (F:\quizzical-backend\target\classes started by Priyanka in F:\quizzical-backend)
[30m2022-07-12 06:32:50,251[0;39m [39mDEBUG[0;39m [[34mrestartedMain[0;39m] [32morg.springframework.boot.StartupInfoLogger[0;39m: Running with Spring Boot v2.3.3.RELEASE, Spring v5.2.8.RELEASE
[30m2022-07-12 06:32:50,253[0;39m [34mINFO [0;39m [[34mrestartedMain[0;39m] [32morg.springframework.boot.SpringApplication[0;39m: The following profiles are active: dev
[30m2022-07-12 06:32:50,411[0;39m [34mINFO [0;39m [[34mrestartedMain[0;39m] [32morg.springframework.boot.logging.DeferredLog[0;39m: Devtools property defaults active! Set 'spring.devtools.add-properties' to 'false' to disable
[30m2022-07-12 06:32:50,412[0;39m [34mINFO [0;39m [[34mrestartedMain[0;39m] [32morg.springframework.boot.logging.DeferredLog[0;39m: For additional web related logging consider setting the 'logging.level.web' property to 'DEBUG'
[30m2022-07-12 06:32:52,311[0;39m [34mINFO [0;39m [[34mrestartedMain[0;39m] [32morg.springframework.data.repository.config.RepositoryConfigurationDelegate[0;39m: Bootstrapping Spring Data JPA repositories in DEFERRED mode.
[30m2022-07-12 06:32:52,453[0;39m [34mINFO [0;39m [[34mrestartedMain[0;39m] [32morg.springframework.data.repository.config.RepositoryConfigurationDelegate[0;39m: Finished Spring Data repository scanning in 126ms. Found 5 JPA repository interfaces.
[30m2022-07-12 06:32:53,288[0;39m [34mINFO [0;39m [[34mrestartedMain[0;39m] [32morg.springframework.context.support.PostProcessorRegistrationDelegate$BeanPostProcessorChecker[0;39m: Bean 'org.springframework.security.access.expression.method.DefaultMethodSecurityExpressionHandler@de0c150' of type [org.springframework.security.access.expression.method.DefaultMethodSecurityExpressionHandler] is not eligible for getting processed by all BeanPostProcessors (for example: not eligible for auto-proxying)
[30m2022-07-12 06:32:53,298[0;39m [34mINFO [0;39m [[34mrestartedMain[0;39m] [32morg.springframework.context.support.PostProcessorRegistrationDelegate$BeanPostProcessorChecker[0;39m: Bean 'methodSecurityMetadataSource' of type [org.springframework.security.access.method.DelegatingMethodSecurityMetadataSource] is not eligible for getting processed by all BeanPostProcessors (for example: not eligible for auto-proxying)
[30m2022-07-12 06:32:54,000[0;39m [34mINFO [0;39m [[34mrestartedMain[0;39m] [32morg.springframework.boot.web.embedded.tomcat.TomcatWebServer[0;39m: Tomcat initialized with port(s): 8081 (http)
[30m2022-07-12 06:32:54,018[0;39m [34mINFO [0;39m [[34mrestartedMain[0;39m] [32morg.apache.juli.logging.DirectJDKLog[0;39m: Initializing ProtocolHandler ["http-nio-8081"]
[30m2022-07-12 06:32:54,019[0;39m [34mINFO [0;39m [[34mrestartedMain[0;39m] [32morg.apache.juli.logging.DirectJDKLog[0;39m: Starting service [Tomcat]
[30m2022-07-12 06:32:54,021[0;39m [34mINFO [0;39m [[34mrestartedMain[0;39m] [32morg.apache.juli.logging.DirectJDKLog[0;39m: Starting Servlet engine: [Apache Tomcat/9.0.37]
[30m2022-07-12 06:32:54,196[0;39m [34mINFO [0;39m [[34mrestartedMain[0;39m] [32morg.apache.juli.logging.DirectJDKLog[0;39m: Initializing Spring embedded WebApplicationContext
[30m2022-07-12 06:32:54,197[0;39m [34mINFO [0;39m [[34mrestartedMain[0;39m] [32morg.springframework.boot.web.servlet.context.ServletWebServerApplicationContext[0;39m: Root WebApplicationContext: initialization completed in 3784 ms
[30m2022-07-12 06:32:54,472[0;39m [39mDEBUG[0;39m [[34mrestartedMain[0;39m] [32morg.springframework.web.filter.GenericFilterBean[0;39m: Filter 'jwtAuthenticationFilter' configured for use
[30m2022-07-12 06:32:54,682[0;39m [34mINFO [0;39m [[34mrestartedMain[0;39m] [32morg.springframework.scheduling.concurrent.ExecutorConfigurationSupport[0;39m: Initializing ExecutorService 'applicationTaskExecutor'
[30m2022-07-12 06:32:54,775[0;39m [34mINFO [0;39m [[34mtask-1[0;39m] [32morg.hibernate.jpa.internal.util.LogHelper[0;39m: HHH000204: Processing PersistenceUnitInfo [name: default]
[30m2022-07-12 06:32:54,877[0;39m [31mWARN [0;39m [[34mrestartedMain[0;39m] [32morg.springframework.boot.autoconfigure.orm.jpa.JpaBaseConfiguration$JpaWebConfiguration[0;39m: spring.jpa.open-in-view is enabled by default. Therefore, database queries may be performed during view rendering. Explicitly configure spring.jpa.open-in-view to disable this warning
[30m2022-07-12 06:32:54,919[0;39m [34mINFO [0;39m [[34mtask-1[0;39m] [32morg.hibernate.Version[0;39m: HHH000412: Hibernate ORM core version 5.4.20.Final
[30m2022-07-12 06:32:55,343[0;39m [34mINFO [0;39m [[34mtask-1[0;39m] [32morg.hibernate.annotations.common.reflection.java.JavaReflectionManager[0;39m: HCANN000001: Hibernate Commons Annotations {5.1.0.Final}
[30m2022-07-12 06:32:55,423[0;39m [34mINFO [0;39m [[34mrestartedMain[0;39m] [32morg.springframework.security.web.DefaultSecurityFilterChain[0;39m: Creating filter chain: any request, [org.springframework.security.web.context.request.async.WebAsyncManagerIntegrationFilter@55740b5b, org.springframework.security.web.context.SecurityContextPersistenceFilter@3baa0a7, org.springframework.security.web.header.HeaderWriterFilter@48936125, org.springframework.security.web.authentication.logout.LogoutFilter@3a76353c, com.exam.config.JwtAuthenticationFilter@20a64cce, org.springframework.security.web.savedrequest.RequestCacheAwareFilter@6d06d739, org.springframework.security.web.servletapi.SecurityContextHolderAwareRequestFilter@b7e91d7, org.springframework.security.web.authentication.AnonymousAuthenticationFilter@16563bbf, org.springframework.security.web.session.SessionManagementFilter@64cd7ae3, org.springframework.security.web.access.ExceptionTranslationFilter@3cdaa7ba, org.springframework.security.web.access.intercept.FilterSecurityInterceptor@7ac9d379]
[30m2022-07-12 06:32:55,666[0;39m [34mINFO [0;39m [[34mtask-1[0;39m] [32mcom.zaxxer.hikari.HikariDataSource[0;39m: HikariPool-1 - Starting...
[30m2022-07-12 06:32:56,836[0;39m [34mINFO [0;39m [[34mtask-1[0;39m] [32mcom.zaxxer.hikari.HikariDataSource[0;39m: HikariPool-1 - Start completed.
[30m2022-07-12 06:32:56,875[0;39m [34mINFO [0;39m [[34mtask-1[0;39m] [32morg.hibernate.dialect.Dialect[0;39m: HHH000400: Using dialect: org.hibernate.dialect.MySQL8Dialect
[30m2022-07-12 06:32:59,270[0;39m [34mINFO [0;39m [[34mtask-1[0;39m] [32morg.hibernate.engine.transaction.jta.platform.internal.JtaPlatformInitiator[0;39m: HHH000490: Using JtaPlatform implementation: [org.hibernate.engine.transaction.jta.platform.internal.NoJtaPlatform]
[30m2022-07-12 06:32:59,284[0;39m [34mINFO [0;39m [[34mtask-1[0;39m] [32morg.springframework.orm.jpa.AbstractEntityManagerFactoryBean[0;39m: Initialized JPA EntityManagerFactory for persistence unit 'default'
[30m2022-07-12 06:32:59,314[0;39m [34mINFO [0;39m [[34mtask-2[0;39m] [32morg.springframework.boot.devtools.autoconfigure.OptionalLiveReloadServer[0;39m: LiveReload server is running on port 35729
[30m2022-07-12 06:32:59,517[0;39m [34mINFO [0;39m [[34mrestartedMain[0;39m] [32morg.apache.juli.logging.DirectJDKLog[0;39m: Starting ProtocolHandler ["http-nio-8081"]
[30m2022-07-12 06:32:59,616[0;39m [34mINFO [0;39m [[34mrestartedMain[0;39m] [32morg.springframework.boot.web.embedded.tomcat.TomcatWebServer[0;39m: Tomcat started on port(s): 8081 (http) with context path ''
[30m2022-07-12 06:32:59,906[0;39m [34mINFO [0;39m [[34mrestartedMain[0;39m] [32morg.springframework.boot.web.embedded.tomcat.TomcatWebServer[0;39m: Tomcat initialized with port(s): 9000 (http)
[30m2022-07-12 06:32:59,909[0;39m [34mINFO [0;39m [[34mrestartedMain[0;39m] [32morg.apache.juli.logging.DirectJDKLog[0;39m: Initializing ProtocolHandler ["http-nio-9000"]
[30m2022-07-12 06:32:59,910[0;39m [34mINFO [0;39m [[34mrestartedMain[0;39m] [32morg.apache.juli.logging.DirectJDKLog[0;39m: Starting service [Tomcat]
[30m2022-07-12 06:32:59,910[0;39m [34mINFO [0;39m [[34mrestartedMain[0;39m] [32morg.apache.juli.logging.DirectJDKLog[0;39m: Starting Servlet engine: [Apache Tomcat/9.0.37]
[30m2022-07-12 06:32:59,957[0;39m [34mINFO [0;39m [[34mrestartedMain[0;39m] [32morg.apache.juli.logging.DirectJDKLog[0;39m: Initializing Spring embedded WebApplicationContext
[30m2022-07-12 06:32:59,957[0;39m [34mINFO [0;39m [[34mrestartedMain[0;39m] [32morg.springframework.boot.web.servlet.context.ServletWebServerApplicationContext[0;39m: Root WebApplicationContext: initialization completed in 329 ms
[30m2022-07-12 06:32:59,996[0;39m [34mINFO [0;39m [[34mrestartedMain[0;39m] [32morg.springframework.boot.actuate.endpoint.web.EndpointLinksResolver[0;39m: Exposing 13 endpoint(s) beneath base path '/actuator'
[30m2022-07-12 06:33:00,095[0;39m [34mINFO [0;39m [[34mrestartedMain[0;39m] [32morg.apache.juli.logging.DirectJDKLog[0;39m: Starting ProtocolHandler ["http-nio-9000"]
[30m2022-07-12 06:33:00,104[0;39m [34mINFO [0;39m [[34mrestartedMain[0;39m] [32morg.springframework.boot.web.embedded.tomcat.TomcatWebServer[0;39m: Tomcat started on port(s): 9000 (http) with context path ''
[30m2022-07-12 06:33:00,106[0;39m [34mINFO [0;39m [[34mrestartedMain[0;39m] [32morg.springframework.data.repository.config.DeferredRepositoryInitializationListener[0;39m: Triggering deferred initialization of Spring Data repositories…
[30m2022-07-12 06:33:00,858[0;39m [34mINFO [0;39m [[34mrestartedMain[0;39m] [32morg.springframework.data.repository.config.DeferredRepositoryInitializationListener[0;39m: Spring Data repositories initialized!
[30m2022-07-12 06:33:00,863[0;39m [34mINFO [0;39m [[34mrestartedMain[0;39m] [32morg.springframework.data.repository.config.DeferredRepositoryInitializationListener[0;39m: Triggering deferred initialization of Spring Data repositories…
[30m2022-07-12 06:33:00,863[0;39m [34mINFO [0;39m [[34mrestartedMain[0;39m] [32morg.springframework.data.repository.config.DeferredRepositoryInitializationListener[0;39m: Spring Data repositories initialized!
[30m2022-07-12 06:33:00,881[0;39m [34mINFO [0;39m [[34mrestartedMain[0;39m] [32morg.springframework.boot.StartupInfoLogger[0;39m: Started ExamserverApplication in 11.527 seconds (JVM running for 14.37)
[30m2022-07-12 06:33:37,490[0;39m [34mINFO [0;39m [[34mRMI TCP Connection(9)-127.0.0.1[0;39m] [32morg.apache.juli.logging.DirectJDKLog[0;39m: Initializing Spring DispatcherServlet 'dispatcherServlet'
[30m2022-07-12 06:33:37,491[0;39m [34mINFO [0;39m [[34mRMI TCP Connection(9)-127.0.0.1[0;39m] [32morg.springframework.web.servlet.FrameworkServlet[0;39m: Initializing Servlet 'dispatcherServlet'
[30m2022-07-12 06:33:37,509[0;39m [34mINFO [0;39m [[34mRMI TCP Connection(9)-127.0.0.1[0;39m] [32morg.springframework.web.servlet.FrameworkServlet[0;39m: Completed initialization in 17 ms
[30m2022-07-12 06:35:35,742[0;39m [1;31mERROR[0;39m [[34mhttp-nio-8081-exec-1[0;39m] [32mcom.exam.config.JwtAuthenticationFilter[0;39m: Invalid Token
[30m2022-07-12 06:35:39,409[0;39m [34mINFO [0;39m [[34mhttp-nio-8081-exec-2[0;39m] [32mcom.exam.controller.AuthenticateController[0;39m: priyanka98 logged in.
[30m2022-07-12 06:35:39,619[0;39m [1;31mERROR[0;39m [[34mhttp-nio-8081-exec-3[0;39m] [32mcom.exam.config.JwtAuthenticationFilter[0;39m: Invalid Token
[30m2022-07-12 06:35:39,941[0;39m [1;31mERROR[0;39m [[34mhttp-nio-8081-exec-5[0;39m] [32mcom.exam.config.JwtAuthenticationFilter[0;39m: Invalid Token
[30m2022-07-12 06:35:39,954[0;39m [1;31mERROR[0;39m [[34mhttp-nio-8081-exec-6[0;39m] [32mcom.exam.config.JwtAuthenticationFilter[0;39m: Invalid Token
[30m2022-07-12 06:35:39,961[0;39m [1;31mERROR[0;39m [[34mhttp-nio-8081-exec-7[0;39m] [32mcom.exam.config.JwtAuthenticationFilter[0;39m: Invalid Token
[30m2022-07-12 06:41:53,738[0;39m [34mINFO [0;39m [[34mThread-4[0;39m] [32morg.springframework.orm.jpa.AbstractEntityManagerFactoryBean[0;39m: Closing JPA EntityManagerFactory for persistence unit 'default'
[30m2022-07-12 06:41:53,829[0;39m [34mINFO [0;39m [[34mThread-4[0;39m] [32morg.springframework.scheduling.concurrent.ExecutorConfigurationSupport[0;39m: Shutting down ExecutorService 'applicationTaskExecutor'
[30m2022-07-12 06:41:53,848[0;39m [34mINFO [0;39m [[34mThread-4[0;39m] [32mcom.zaxxer.hikari.HikariDataSource[0;39m: HikariPool-1 - Shutdown initiated...
[30m2022-07-12 06:41:53,933[0;39m [34mINFO [0;39m [[34mThread-4[0;39m] [32mcom.zaxxer.hikari.HikariDataSource[0;39m: HikariPool-1 - Shutdown completed.
[30m2022-07-12 06:41:54,541[0;39m [34mINFO [0;39m [[34mrestartedMain[0;39m] [32morg.springframework.boot.StartupInfoLogger[0;39m: Starting ExamserverApplication on DESKTOP-MS58NDA with PID 10948 (F:\quizzical-backend\target\classes started by Priyanka in F:\quizzical-backend)
[30m2022-07-12 06:41:54,541[0;39m [39mDEBUG[0;39m [[34mrestartedMain[0;39m] [32morg.springframework.boot.StartupInfoLogger[0;39m: Running with Spring Boot v2.3.3.RELEASE, Spring v5.2.8.RELEASE
[30m2022-07-12 06:41:54,541[0;39m [34mINFO [0;39m [[34mrestartedMain[0;39m] [32morg.springframework.boot.SpringApplication[0;39m: The following profiles are active: dev
[30m2022-07-12 06:41:55,240[0;39m [34mINFO [0;39m [[34mrestartedMain[0;39m] [32morg.springframework.data.repository.config.RepositoryConfigurationDelegate[0;39m: Bootstrapping Spring Data JPA repositories in DEFERRED mode.
[30m2022-07-12 06:41:55,284[0;39m [34mINFO [0;39m [[34mrestartedMain[0;39m] [32morg.springframework.data.repository.config.RepositoryConfigurationDelegate[0;39m: Finished Spring Data repository scanning in 43ms. Found 5 JPA repository interfaces.
[30m2022-07-12 06:41:55,412[0;39m [34mINFO [0;39m [[34mrestartedMain[0;39m] [32morg.springframework.context.support.PostProcessorRegistrationDelegate$BeanPostProcessorChecker[0;39m: Bean 'org.springframework.security.access.expression.method.DefaultMethodSecurityExpressionHandler@399f7166' of type [org.springframework.security.access.expression.method.DefaultMethodSecurityExpressionHandler] is not eligible for getting processed by all BeanPostProcessors (for example: not eligible for auto-proxying)
[30m2022-07-12 06:41:55,418[0;39m [34mINFO [0;39m [[34mrestartedMain[0;39m] [32morg.springframework.context.support.PostProcessorRegistrationDelegate$BeanPostProcessorChecker[0;39m: Bean 'methodSecurityMetadataSource' of type [org.springframework.security.access.method.DelegatingMethodSecurityMetadataSource] is not eligible for getting processed by all BeanPostProcessors (for example: not eligible for auto-proxying)
[30m2022-07-12 06:41:55,612[0;39m [34mINFO [0;39m [[34mrestartedMain[0;39m] [32morg.springframework.boot.web.embedded.tomcat.TomcatWebServer[0;39m: Tomcat initialized with port(s): 8081 (http)
[30m2022-07-12 06:41:55,613[0;39m [34mINFO [0;39m [[34mrestartedMain[0;39m] [32morg.apache.juli.logging.DirectJDKLog[0;39m: Initializing ProtocolHandler ["http-nio-8081"]
[30m2022-07-12 06:41:55,614[0;39m [34mINFO [0;39m [[34mrestartedMain[0;39m] [32morg.apache.juli.logging.DirectJDKLog[0;39m: Starting service [Tomcat]
[30m2022-07-12 06:41:55,614[0;39m [34mINFO [0;39m [[34mrestartedMain[0;39m] [32morg.apache.juli.logging.DirectJDKLog[0;39m: Starting Servlet engine: [Apache Tomcat/9.0.37]
[30m2022-07-12 06:41:55,660[0;39m [34mINFO [0;39m [[34mrestartedMain[0;39m] [32morg.apache.juli.logging.DirectJDKLog[0;39m: Initializing Spring embedded WebApplicationContext
[30m2022-07-12 06:41:55,660[0;39m [34mINFO [0;39m [[34mrestartedMain[0;39m] [32morg.springframework.boot.web.servlet.context.ServletWebServerApplicationContext[0;39m: Root WebApplicationContext: initialization completed in 1112 ms
[30m2022-07-12 06:41:55,892[0;39m [39mDEBUG[0;39m [[34mrestartedMain[0;39m] [32morg.springframework.web.filter.GenericFilterBean[0;39m: Filter 'jwtAuthenticationFilter' configured for use
[30m2022-07-12 06:41:55,989[0;39m [34mINFO [0;39m [[34mrestartedMain[0;39m] [32morg.springframework.scheduling.concurrent.ExecutorConfigurationSupport[0;39m: Initializing ExecutorService 'applicationTaskExecutor'
[30m2022-07-12 06:41:56,006[0;39m [34mINFO [0;39m [[34mtask-1[0;39m] [32morg.hibernate.jpa.internal.util.LogHelper[0;39m: HHH000204: Processing PersistenceUnitInfo [name: default]
[30m2022-07-12 06:41:56,019[0;39m [34mINFO [0;39m [[34mtask-1[0;39m] [32mcom.zaxxer.hikari.HikariDataSource[0;39m: HikariPool-2 - Starting...
[30m2022-07-12 06:41:56,075[0;39m [31mWARN [0;39m [[34mrestartedMain[0;39m] [32morg.springframework.boot.autoconfigure.orm.jpa.JpaBaseConfiguration$JpaWebConfiguration[0;39m: spring.jpa.open-in-view is enabled by default. Therefore, database queries may be performed during view rendering. Explicitly configure spring.jpa.open-in-view to disable this warning
[30m2022-07-12 06:41:56,101[0;39m [34mINFO [0;39m [[34mtask-1[0;39m] [32mcom.zaxxer.hikari.HikariDataSource[0;39m: HikariPool-2 - Start completed.
[30m2022-07-12 06:41:56,102[0;39m [34mINFO [0;39m [[34mtask-1[0;39m] [32morg.hibernate.dialect.Dialect[0;39m: HHH000400: Using dialect: org.hibernate.dialect.MySQL8Dialect
[30m2022-07-12 06:41:56,289[0;39m [34mINFO [0;39m [[34mrestartedMain[0;39m] [32morg.springframework.security.web.DefaultSecurityFilterChain[0;39m: Creating filter chain: any request, [org.springframework.security.web.context.request.async.WebAsyncManagerIntegrationFilter@6f2010ce, org.springframework.security.web.context.SecurityContextPersistenceFilter@5705df16, org.springframework.security.web.header.HeaderWriterFilter@249b5c1b, org.springframework.security.web.authentication.logout.LogoutFilter@719ee003, com.exam.config.JwtAuthenticationFilter@65f474ba, org.springframework.security.web.savedrequest.RequestCacheAwareFilter@dbf907, org.springframework.security.web.servletapi.SecurityContextHolderAwareRequestFilter@7ede0683, org.springframework.security.web.authentication.AnonymousAuthenticationFilter@63b138a6, org.springframework.security.web.session.SessionManagementFilter@5a3590e9, org.springframework.security.web.access.ExceptionTranslationFilter@6fa715c4, org.springframework.security.web.access.intercept.FilterSecurityInterceptor@228ab9c9]
[30m2022-07-12 06:41:56,675[0;39m [34mINFO [0;39m [[34mtask-1[0;39m] [32morg.hibernate.engine.transaction.jta.platform.internal.JtaPlatformInitiator[0;39m: HHH000490: Using JtaPlatform implementation: [org.hibernate.engine.transaction.jta.platform.internal.NoJtaPlatform]
[30m2022-07-12 06:41:56,676[0;39m [34mINFO [0;39m [[34mtask-1[0;39m] [32morg.springframework.orm.jpa.AbstractEntityManagerFactoryBean[0;39m: Initialized JPA EntityManagerFactory for persistence unit 'default'
[30m2022-07-12 06:41:56,718[0;39m [34mINFO [0;39m [[34mtask-2[0;39m] [32morg.springframework.boot.devtools.autoconfigure.OptionalLiveReloadServer[0;39m: LiveReload server is running on port 35729
[30m2022-07-12 06:41:57,132[0;39m [34mINFO [0;39m [[34mrestartedMain[0;39m] [32morg.apache.juli.logging.DirectJDKLog[0;39m: Starting ProtocolHandler ["http-nio-8081"]
[30m2022-07-12 06:41:57,149[0;39m [34mINFO [0;39m [[34mrestartedMain[0;39m] [32morg.springframework.boot.web.embedded.tomcat.TomcatWebServer[0;39m: Tomcat started on port(s): 8081 (http) with context path ''
[30m2022-07-12 06:41:57,313[0;39m [34mINFO [0;39m [[34mrestartedMain[0;39m] [32morg.springframework.boot.web.embedded.tomcat.TomcatWebServer[0;39m: Tomcat initialized with port(s): 9000 (http)
[30m2022-07-12 06:41:57,315[0;39m [34mINFO [0;39m [[34mrestartedMain[0;39m] [32morg.apache.juli.logging.DirectJDKLog[0;39m: Initializing ProtocolHandler ["http-nio-9000"]
[30m2022-07-12 06:41:57,317[0;39m [34mINFO [0;39m [[34mrestartedMain[0;39m] [32morg.apache.juli.logging.DirectJDKLog[0;39m: Starting service [Tomcat]
[30m2022-07-12 06:41:57,319[0;39m [34mINFO [0;39m [[34mrestartedMain[0;39m] [32morg.apache.juli.logging.DirectJDKLog[0;39m: Starting Servlet engine: [Apache Tomcat/9.0.37]
[30m2022-07-12 06:41:57,368[0;39m [34mINFO [0;39m [[34mrestartedMain[0;39m] [32morg.apache.juli.logging.DirectJDKLog[0;39m: Initializing Spring embedded WebApplicationContext
[30m2022-07-12 06:41:57,369[0;39m [34mINFO [0;39m [[34mrestartedMain[0;39m] [32morg.springframework.boot.web.servlet.context.ServletWebServerApplicationContext[0;39m: Root WebApplicationContext: initialization completed in 214 ms
[30m2022-07-12 06:41:57,387[0;39m [34mINFO [0;39m [[34mrestartedMain[0;39m] [32morg.springframework.boot.actuate.endpoint.web.EndpointLinksResolver[0;39m: Exposing 13 endpoint(s) beneath base path '/actuator'
[30m2022-07-12 06:41:57,449[0;39m [34mINFO [0;39m [[34mrestartedMain[0;39m] [32morg.apache.juli.logging.DirectJDKLog[0;39m: Starting ProtocolHandler ["http-nio-9000"]
[30m2022-07-12 06:41:57,461[0;39m [34mINFO [0;39m [[34mrestartedMain[0;39m] [32morg.springframework.boot.web.embedded.tomcat.TomcatWebServer[0;39m: Tomcat started on port(s): 9000 (http) with context path ''
[30m2022-07-12 06:41:57,465[0;39m [34mINFO [0;39m [[34mrestartedMain[0;39m] [32morg.springframework.data.repository.config.DeferredRepositoryInitializationListener[0;39m: Triggering deferred initialization of Spring Data repositories…
[30m2022-07-12 06:41:57,781[0;39m [34mINFO [0;39m [[34mrestartedMain[0;39m] [32morg.springframework.data.repository.config.DeferredRepositoryInitializationListener[0;39m: Spring Data repositories initialized!
[30m2022-07-12 06:41:57,782[0;39m [34mINFO [0;39m [[34mrestartedMain[0;39m] [32morg.springframework.data.repository.config.DeferredRepositoryInitializationListener[0;39m: Triggering deferred initialization of Spring Data repositories…
[30m2022-07-12 06:41:57,782[0;39m [34mINFO [0;39m [[34mrestartedMain[0;39m] [32morg.springframework.data.repository.config.DeferredRepositoryInitializationListener[0;39m: Spring Data repositories initialized!
[30m2022-07-12 06:41:57,794[0;39m [34mINFO [0;39m [[34mrestartedMain[0;39m] [32morg.springframework.boot.StartupInfoLogger[0;39m: Started ExamserverApplication in 3.339 seconds (JVM running for 551.282)
[30m2022-07-12 06:41:57,799[0;39m [34mINFO [0;39m [[34mrestartedMain[0;39m] [32morg.springframework.boot.devtools.autoconfigure.ConditionEvaluationDeltaLoggingListener[0;39m: Condition evaluation unchanged
[30m2022-07-12 06:43:32,223[0;39m [34mINFO [0;39m [[34mhttp-nio-8081-exec-1[0;39m] [32morg.apache.juli.logging.DirectJDKLog[0;39m: Initializing Spring DispatcherServlet 'dispatcherServlet'
[30m2022-07-12 06:43:32,270[0;39m [34mINFO [0;39m [[34mhttp-nio-8081-exec-1[0;39m] [32morg.springframework.web.servlet.FrameworkServlet[0;39m: Initializing Servlet 'dispatcherServlet'
[30m2022-07-12 06:43:32,511[0;39m [34mINFO [0;39m [[34mhttp-nio-8081-exec-1[0;39m] [32morg.springframework.web.servlet.FrameworkServlet[0;39m: Completed initialization in 239 ms
[30m2022-07-12 06:43:33,553[0;39m [34mINFO [0;39m [[34mhttp-nio-8081-exec-1[0;39m] [32mcom.exam.controller.AuthenticateController[0;39m: jeet97 logged in.
[30m2022-07-12 06:43:34,115[0;39m [34mINFO [0;39m [[34mhttp-nio-8081-exec-3[0;39m] [32mcom.exam.config.JwtAuthenticationFilter[0;39m: Invalid Token
[30m2022-07-12 06:45:32,333[0;39m [34mINFO [0;39m [[34mRMI TCP Connection(29)-127.0.0.1[0;39m] [32morg.springframework.boot.admin.SpringApplicationAdminMXBeanRegistrar$SpringApplicationAdmin[0;39m: Application shutdown requested.
[30m2022-07-12 06:45:32,534[0;39m [34mINFO [0;39m [[34mRMI TCP Connection(29)-127.0.0.1[0;39m] [32morg.springframework.orm.jpa.AbstractEntityManagerFactoryBean[0;39m: Closing JPA EntityManagerFactory for persistence unit 'default'
[30m2022-07-12 06:45:32,554[0;39m [34mINFO [0;39m [[34mRMI TCP Connection(29)-127.0.0.1[0;39m] [32morg.springframework.scheduling.concurrent.ExecutorConfigurationSupport[0;39m: Shutting down ExecutorService 'applicationTaskExecutor'
[30m2022-07-12 06:45:32,556[0;39m [34mINFO [0;39m [[34mRMI TCP Connection(29)-127.0.0.1[0;39m] [32mcom.zaxxer.hikari.HikariDataSource[0;39m: HikariPool-2 - Shutdown initiated...
[30m2022-07-12 06:45:32,591[0;39m [34mINFO [0;39m [[34mRMI TCP Connection(29)-127.0.0.1[0;39m] [32mcom.zaxxer.hikari.HikariDataSource[0;39m: HikariPool-2 - Shutdown completed.
[30m2022-07-12 06:47:06,754[0;39m [34mINFO [0;39m [[34mbackground-preinit[0;39m] [32morg.hibernate.validator.internal.util.Version[0;39m: HV000001: Hibernate Validator 6.1.5.Final
[30m2022-07-12 06:47:06,932[0;39m [34mINFO [0;39m [[34mrestartedMain[0;39m] [32morg.springframework.boot.StartupInfoLogger[0;39m: Starting ExamserverApplication on DESKTOP-MS58NDA with PID 10648 (F:\quizzical-backend\target\classes started by Priyanka in F:\quizzical-backend)
[30m2022-07-12 06:47:06,933[0;39m [39mDEBUG[0;39m [[34mrestartedMain[0;39m] [32morg.springframework.boot.StartupInfoLogger[0;39m: Running with Spring Boot v2.3.3.RELEASE, Spring v5.2.8.RELEASE
[30m2022-07-12 06:47:06,934[0;39m [34mINFO [0;39m [[34mrestartedMain[0;39m] [32morg.springframework.boot.SpringApplication[0;39m: The following profiles are active: dev
[30m2022-07-12 06:47:07,154[0;39m [34mINFO [0;39m [[34mrestartedMain[0;39m] [32morg.springframework.boot.logging.DeferredLog[0;39m: Devtools property defaults active! Set 'spring.devtools.add-properties' to 'false' to disable
[30m2022-07-12 06:47:07,156[0;39m [34mINFO [0;39m [[34mrestartedMain[0;39m] [32morg.springframework.boot.logging.DeferredLog[0;39m: For additional web related logging consider setting the 'logging.level.web' property to 'DEBUG'
[30m2022-07-12 06:47:09,944[0;39m [34mINFO [0;39m [[34mrestartedMain[0;39m] [32morg.springframework.data.repository.config.RepositoryConfigurationDelegate[0;39m: Bootstrapping Spring Data JPA repositories in DEFERRED mode.
[30m2022-07-12 06:47:10,149[0;39m [34mINFO [0;39m [[34mrestartedMain[0;39m] [32morg.springframework.data.repository.config.RepositoryConfigurationDelegate[0;39m: Finished Spring Data repository scanning in 183ms. Found 5 JPA repository interfaces.
[30m2022-07-12 06:47:11,136[0;39m [34mINFO [0;39m [[34mrestartedMain[0;39m] [32morg.springframework.context.support.PostProcessorRegistrationDelegate$BeanPostProcessorChecker[0;39m: Bean 'org.springframework.security.access.expression.method.DefaultMethodSecurityExpressionHandler@6002991b' of type [org.springframework.security.access.expression.method.DefaultMethodSecurityExpressionHandler] is not eligible for getting processed by all BeanPostProcessors (for example: not eligible for auto-proxying)
[30m2022-07-12 06:47:11,150[0;39m [34mINFO [0;39m [[34mrestartedMain[0;39m] [32morg.springframework.context.support.PostProcessorRegistrationDelegate$BeanPostProcessorChecker[0;39m: Bean 'methodSecurityMetadataSource' of type [org.springframework.security.access.method.DelegatingMethodSecurityMetadataSource] is not eligible for getting processed by all BeanPostProcessors (for example: not eligible for auto-proxying)
[30m2022-07-12 06:47:12,180[0;39m [34mINFO [0;39m [[34mrestartedMain[0;39m] [32morg.springframework.boot.web.embedded.tomcat.TomcatWebServer[0;39m: Tomcat initialized with port(s): 8081 (http)
[30m2022-07-12 06:47:12,208[0;39m [34mINFO [0;39m [[34mrestartedMain[0;39m] [32morg.apache.juli.logging.DirectJDKLog[0;39m: Initializing ProtocolHandler ["http-nio-8081"]
[30m2022-07-12 06:47:12,210[0;39m [34mINFO [0;39m [[34mrestartedMain[0;39m] [32morg.apache.juli.logging.DirectJDKLog[0;39m: Starting service [Tomcat]
[30m2022-07-12 06:47:12,211[0;39m [34mINFO [0;39m [[34mrestartedMain[0;39m] [32morg.apache.juli.logging.DirectJDKLog[0;39m: Starting Servlet engine: [Apache Tomcat/9.0.37]
[30m2022-07-12 06:47:12,611[0;39m [34mINFO [0;39m [[34mrestartedMain[0;39m] [32morg.apache.juli.logging.DirectJDKLog[0;39m: Initializing Spring embedded WebApplicationContext
[30m2022-07-12 06:47:12,612[0;39m [34mINFO [0;39m [[34mrestartedMain[0;39m] [32morg.springframework.boot.web.servlet.context.ServletWebServerApplicationContext[0;39m: Root WebApplicationContext: initialization completed in 5455 ms
[30m2022-07-12 06:47:13,295[0;39m [39mDEBUG[0;39m [[34mrestartedMain[0;39m] [32morg.springframework.web.filter.GenericFilterBean[0;39m: Filter 'jwtAuthenticationFilter' configured for use
[30m2022-07-12 06:47:13,715[0;39m [34mINFO [0;39m [[34mrestartedMain[0;39m] [32morg.springframework.scheduling.concurrent.ExecutorConfigurationSupport[0;39m: Initializing ExecutorService 'applicationTaskExecutor'
[30m2022-07-12 06:47:13,840[0;39m [34mINFO [0;39m [[34mtask-1[0;39m] [32morg.hibernate.jpa.internal.util.LogHelper[0;39m: HHH000204: Processing PersistenceUnitInfo [name: default]
[30m2022-07-12 06:47:14,033[0;39m [31mWARN [0;39m [[34mrestartedMain[0;39m] [32morg.springframework.boot.autoconfigure.orm.jpa.JpaBaseConfiguration$JpaWebConfiguration[0;39m: spring.jpa.open-in-view is enabled by default. Therefore, database queries may be performed during view rendering. Explicitly configure spring.jpa.open-in-view to disable this warning
[30m2022-07-12 06:47:14,111[0;39m [34mINFO [0;39m [[34mtask-1[0;39m] [32morg.hibernate.Version[0;39m: HHH000412: Hibernate ORM core version 5.4.20.Final
[30m2022-07-12 06:47:14,702[0;39m [34mINFO [0;39m [[34mtask-1[0;39m] [32morg.hibernate.annotations.common.reflection.java.JavaReflectionManager[0;39m: HCANN000001: Hibernate Commons Annotations {5.1.0.Final}
[30m2022-07-12 06:47:14,806[0;39m [34mINFO [0;39m [[34mrestartedMain[0;39m] [32morg.springframework.security.web.DefaultSecurityFilterChain[0;39m: Creating filter chain: any request, [org.springframework.security.web.context.request.async.WebAsyncManagerIntegrationFilter@3d15e333, org.springframework.security.web.context.SecurityContextPersistenceFilter@7e484500, org.springframework.security.web.header.HeaderWriterFilter@413f81bb, org.springframework.security.web.authentication.logout.LogoutFilter@4b011bd6, com.exam.config.JwtAuthenticationFilter@354ae123, org.springframework.security.web.savedrequest.RequestCacheAwareFilter@3d41e19a, org.springframework.security.web.servletapi.SecurityContextHolderAwareRequestFilter@79766947, org.springframework.security.web.authentication.AnonymousAuthenticationFilter@9efe58a, org.springframework.security.web.session.SessionManagementFilter@29818f7d, org.springframework.security.web.access.ExceptionTranslationFilter@431006f0, org.springframework.security.web.access.intercept.FilterSecurityInterceptor@2415788f]
[30m2022-07-12 06:47:15,199[0;39m [34mINFO [0;39m [[34mtask-1[0;39m] [32mcom.zaxxer.hikari.HikariDataSource[0;39m: HikariPool-1 - Starting...
[30m2022-07-12 06:47:16,574[0;39m [34mINFO [0;39m [[34mtask-1[0;39m] [32mcom.zaxxer.hikari.HikariDataSource[0;39m: HikariPool-1 - Start completed.
[30m2022-07-12 06:47:16,615[0;39m [34mINFO [0;39m [[34mtask-1[0;39m] [32morg.hibernate.dialect.Dialect[0;39m: HHH000400: Using dialect: org.hibernate.dialect.MySQL8Dialect
[30m2022-07-12 06:47:19,246[0;39m [34mINFO [0;39m [[34mtask-1[0;39m] [32morg.hibernate.engine.transaction.jta.platform.internal.JtaPlatformInitiator[0;39m: HHH000490: Using JtaPlatform implementation: [org.hibernate.engine.transaction.jta.platform.internal.NoJtaPlatform]
[30m2022-07-12 06:47:19,298[0;39m [34mINFO [0;39m [[34mtask-1[0;39m] [32morg.springframework.orm.jpa.AbstractEntityManagerFactoryBean[0;39m: Initialized JPA EntityManagerFactory for persistence unit 'default'
[30m2022-07-12 06:47:19,337[0;39m [34mINFO [0;39m [[34mtask-2[0;39m] [32morg.springframework.boot.devtools.autoconfigure.OptionalLiveReloadServer[0;39m: LiveReload server is running on port 35729
[30m2022-07-12 06:47:19,464[0;39m [34mINFO [0;39m [[34mrestartedMain[0;39m] [32morg.apache.juli.logging.DirectJDKLog[0;39m: Starting ProtocolHandler ["http-nio-8081"]
[30m2022-07-12 06:47:19,616[0;39m [34mINFO [0;39m [[34mrestartedMain[0;39m] [32morg.springframework.boot.web.embedded.tomcat.TomcatWebServer[0;39m: Tomcat started on port(s): 8081 (http) with context path ''
[30m2022-07-12 06:47:19,936[0;39m [34mINFO [0;39m [[34mrestartedMain[0;39m] [32morg.springframework.boot.web.embedded.tomcat.TomcatWebServer[0;39m: Tomcat initialized with port(s): 9000 (http)
[30m2022-07-12 06:47:19,938[0;39m [34mINFO [0;39m [[34mrestartedMain[0;39m] [32morg.apache.juli.logging.DirectJDKLog[0;39m: Initializing ProtocolHandler ["http-nio-9000"]
[30m2022-07-12 06:47:19,940[0;39m [34mINFO [0;39m [[34mrestartedMain[0;39m] [32morg.apache.juli.logging.DirectJDKLog[0;39m: Starting service [Tomcat]
[30m2022-07-12 06:47:19,941[0;39m [34mINFO [0;39m [[34mrestartedMain[0;39m] [32morg.apache.juli.logging.DirectJDKLog[0;39m: Starting Servlet engine: [Apache Tomcat/9.0.37]
[30m2022-07-12 06:47:19,987[0;39m [34mINFO [0;39m [[34mrestartedMain[0;39m] [32morg.apache.juli.logging.DirectJDKLog[0;39m: Initializing Spring embedded WebApplicationContext
[30m2022-07-12 06:47:19,987[0;39m [34mINFO [0;39m [[34mrestartedMain[0;39m] [32morg.springframework.boot.web.servlet.context.ServletWebServerApplicationContext[0;39m: Root WebApplicationContext: initialization completed in 361 ms
[30m2022-07-12 06:47:20,016[0;39m [34mINFO [0;39m [[34mrestartedMain[0;39m] [32morg.springframework.boot.actuate.endpoint.web.EndpointLinksResolver[0;39m: Exposing 13 endpoint(s) beneath base path '/actuator'
[30m2022-07-12 06:47:20,118[0;39m [34mINFO [0;39m [[34mrestartedMain[0;39m] [32morg.apache.juli.logging.DirectJDKLog[0;39m: Starting ProtocolHandler ["http-nio-9000"]
[30m2022-07-12 06:47:20,129[0;39m [34mINFO [0;39m [[34mrestartedMain[0;39m] [32morg.springframework.boot.web.embedded.tomcat.TomcatWebServer[0;39m: Tomcat started on port(s): 9000 (http) with context path ''
[30m2022-07-12 06:47:20,132[0;39m [34mINFO [0;39m [[34mrestartedMain[0;39m] [32morg.springframework.data.repository.config.DeferredRepositoryInitializationListener[0;39m: Triggering deferred initialization of Spring Data repositories…
[30m2022-07-12 06:47:21,186[0;39m [34mINFO [0;39m [[34mrestartedMain[0;39m] [32morg.springframework.data.repository.config.DeferredRepositoryInitializationListener[0;39m: Spring Data repositories initialized!
[30m2022-07-12 06:47:21,191[0;39m [34mINFO [0;39m [[34mrestartedMain[0;39m] [32morg.springframework.data.repository.config.DeferredRepositoryInitializationListener[0;39m: Triggering deferred initialization of Spring Data repositories…
[30m2022-07-12 06:47:21,191[0;39m [34mINFO [0;39m [[34mrestartedMain[0;39m] [32morg.springframework.data.repository.config.DeferredRepositoryInitializationListener[0;39m: Spring Data repositories initialized!
[30m2022-07-12 06:47:21,208[0;39m [34mINFO [0;39m [[34mrestartedMain[0;39m] [32morg.springframework.boot.StartupInfoLogger[0;39m: Started ExamserverApplication in 15.426 seconds (JVM running for 18.129)
[30m2022-07-12 06:47:51,374[0;39m [34mINFO [0;39m [[34mhttp-nio-8081-exec-1[0;39m] [32morg.apache.juli.logging.DirectJDKLog[0;39m: Initializing Spring DispatcherServlet 'dispatcherServlet'
[30m2022-07-12 06:47:51,381[0;39m [34mINFO [0;39m [[34mhttp-nio-8081-exec-1[0;39m] [32morg.springframework.web.servlet.FrameworkServlet[0;39m: Initializing Servlet 'dispatcherServlet'
[30m2022-07-12 06:47:51,406[0;39m [34mINFO [0;39m [[34mhttp-nio-8081-exec-1[0;39m] [32morg.springframework.web.servlet.FrameworkServlet[0;39m: Completed initialization in 25 ms
[30m2022-07-12 06:47:53,382[0;39m [34mINFO [0;39m [[34mhttp-nio-8081-exec-1[0;39m] [32mcom.exam.controller.AuthenticateController[0;39m: jeet97 logged in.
[30m2022-07-12 06:49:11,808[0;39m [34mINFO [0;39m [[34mSpringContextShutdownHook[0;39m] [32morg.springframework.orm.jpa.AbstractEntityManagerFactoryBean[0;39m: Closing JPA EntityManagerFactory for persistence unit 'default'
[30m2022-07-12 06:49:11,812[0;39m [34mINFO [0;39m [[34mSpringContextShutdownHook[0;39m] [32morg.springframework.scheduling.concurrent.ExecutorConfigurationSupport[0;39m: Shutting down ExecutorService 'applicationTaskExecutor'
[30m2022-07-12 06:49:11,817[0;39m [34mINFO [0;39m [[34mSpringContextShutdownHook[0;39m] [32mcom.zaxxer.hikari.HikariDataSource[0;39m: HikariPool-1 - Shutdown initiated...
[30m2022-07-12 06:49:11,881[0;39m [34mINFO [0;39m [[34mSpringContextShutdownHook[0;39m] [32mcom.zaxxer.hikari.HikariDataSource[0;39m: HikariPool-1 - Shutdown completed.
[30m2022-07-12 19:23:32,887[0;39m [34mINFO [0;39m [[34mbackground-preinit[0;39m] [32morg.hibernate.validator.internal.util.Version[0;39m: HV000001: Hibernate Validator 6.1.5.Final
[30m2022-07-12 19:23:32,943[0;39m [34mINFO [0;39m [[34mrestartedMain[0;39m] [32morg.springframework.boot.StartupInfoLogger[0;39m: Starting ExamserverApplication on DESKTOP-MS58NDA with PID 8004 (F:\quizzical-backend\target\classes started by Priyanka in F:\quizzical-backend)
[30m2022-07-12 19:23:32,946[0;39m [39mDEBUG[0;39m [[34mrestartedMain[0;39m] [32morg.springframework.boot.StartupInfoLogger[0;39m: Running with Spring Boot v2.3.3.RELEASE, Spring v5.2.8.RELEASE
[30m2022-07-12 19:23:32,946[0;39m [34mINFO [0;39m [[34mrestartedMain[0;39m] [32morg.springframework.boot.SpringApplication[0;39m: The following profiles are active: dev
[30m2022-07-12 19:23:33,075[0;39m [34mINFO [0;39m [[34mrestartedMain[0;39m] [32morg.springframework.boot.logging.DeferredLog[0;39m: Devtools property defaults active! Set 'spring.devtools.add-properties' to 'false' to disable
[30m2022-07-12 19:23:33,075[0;39m [34mINFO [0;39m [[34mrestartedMain[0;39m] [32morg.springframework.boot.logging.DeferredLog[0;39m: For additional web related logging consider setting the 'logging.level.web' property to 'DEBUG'
[30m2022-07-12 19:23:36,239[0;39m [34mINFO [0;39m [[34mrestartedMain[0;39m] [32morg.springframework.data.repository.config.RepositoryConfigurationDelegate[0;39m: Bootstrapping Spring Data JPA repositories in DEFERRED mode.
[30m2022-07-12 19:23:36,411[0;39m [34mINFO [0;39m [[34mrestartedMain[0;39m] [32morg.springframework.data.repository.config.RepositoryConfigurationDelegate[0;39m: Finished Spring Data repository scanning in 153ms. Found 5 JPA repository interfaces.
[30m2022-07-12 19:23:37,467[0;39m [34mINFO [0;39m [[34mrestartedMain[0;39m] [32morg.springframework.context.support.PostProcessorRegistrationDelegate$BeanPostProcessorChecker[0;39m: Bean 'org.springframework.security.access.expression.method.DefaultMethodSecurityExpressionHandler@79a7fa33' of type [org.springframework.security.access.expression.method.DefaultMethodSecurityExpressionHandler] is not eligible for getting processed by all BeanPostProcessors (for example: not eligible for auto-proxying)
[30m2022-07-12 19:23:37,483[0;39m [34mINFO [0;39m [[34mrestartedMain[0;39m] [32morg.springframework.context.support.PostProcessorRegistrationDelegate$BeanPostProcessorChecker[0;39m: Bean 'methodSecurityMetadataSource' of type [org.springframework.security.access.method.DelegatingMethodSecurityMetadataSource] is not eligible for getting processed by all BeanPostProcessors (for example: not eligible for auto-proxying)
[30m2022-07-12 19:23:38,367[0;39m [34mINFO [0;39m [[34mrestartedMain[0;39m] [32morg.springframework.boot.web.embedded.tomcat.TomcatWebServer[0;39m: Tomcat initialized with port(s): 8081 (http)
[30m2022-07-12 19:23:38,389[0;39m [34mINFO [0;39m [[34mrestartedMain[0;39m] [32morg.apache.juli.logging.DirectJDKLog[0;39m: Initializing ProtocolHandler ["http-nio-8081"]
[30m2022-07-12 19:23:38,391[0;39m [34mINFO [0;39m [[34mrestartedMain[0;39m] [32morg.apache.juli.logging.DirectJDKLog[0;39m: Starting service [Tomcat]
[30m2022-07-12 19:23:38,391[0;39m [34mINFO [0;39m [[34mrestartedMain[0;39m] [32morg.apache.juli.logging.DirectJDKLog[0;39m: Starting Servlet engine: [Apache Tomcat/9.0.37]
[30m2022-07-12 19:23:38,622[0;39m [34mINFO [0;39m [[34mrestartedMain[0;39m] [32morg.apache.juli.logging.DirectJDKLog[0;39m: Initializing Spring embedded WebApplicationContext
[30m2022-07-12 19:23:38,623[0;39m [34mINFO [0;39m [[34mrestartedMain[0;39m] [32morg.springframework.boot.web.servlet.context.ServletWebServerApplicationContext[0;39m: Root WebApplicationContext: initialization completed in 5547 ms
[30m2022-07-12 19:23:38,908[0;39m [39mDEBUG[0;39m [[34mrestartedMain[0;39m] [32morg.springframework.web.filter.GenericFilterBean[0;39m: Filter 'jwtAuthenticationFilter' configured for use
[30m2022-07-12 19:23:39,165[0;39m [34mINFO [0;39m [[34mrestartedMain[0;39m] [32morg.springframework.scheduling.concurrent.ExecutorConfigurationSupport[0;39m: Initializing ExecutorService 'applicationTaskExecutor'
[30m2022-07-12 19:23:39,259[0;39m [34mINFO [0;39m [[34mtask-1[0;39m] [32morg.hibernate.jpa.internal.util.LogHelper[0;39m: HHH000204: Processing PersistenceUnitInfo [name: default]
[30m2022-07-12 19:23:39,362[0;39m [31mWARN [0;39m [[34mrestartedMain[0;39m] [32morg.springframework.boot.autoconfigure.orm.jpa.JpaBaseConfiguration$JpaWebConfiguration[0;39m: spring.jpa.open-in-view is enabled by default. Therefore, database queries may be performed during view rendering. Explicitly configure spring.jpa.open-in-view to disable this warning
[30m2022-07-12 19:23:39,405[0;39m [34mINFO [0;39m [[34mtask-1[0;39m] [32morg.hibernate.Version[0;39m: HHH000412: Hibernate ORM core version 5.4.20.Final
[30m2022-07-12 19:23:39,808[0;39m [34mINFO [0;39m [[34mtask-1[0;39m] [32morg.hibernate.annotations.common.reflection.java.JavaReflectionManager[0;39m: HCANN000001: Hibernate Commons Annotations {5.1.0.Final}
[30m2022-07-12 19:23:39,908[0;39m [34mINFO [0;39m [[34mrestartedMain[0;39m] [32morg.springframework.security.web.DefaultSecurityFilterChain[0;39m: Creating filter chain: any request, [org.springframework.security.web.context.request.async.WebAsyncManagerIntegrationFilter@79ba8671, org.springframework.security.web.context.SecurityContextPersistenceFilter@4bf825ca, org.springframework.security.web.header.HeaderWriterFilter@4056ab0b, org.springframework.security.web.authentication.logout.LogoutFilter@6d5a7815, com.exam.config.JwtAuthenticationFilter@3f7648de, org.springframework.security.web.savedrequest.RequestCacheAwareFilter@1c42476f, org.springframework.security.web.servletapi.SecurityContextHolderAwareRequestFilter@191f6a63, org.springframework.security.web.authentication.AnonymousAuthenticationFilter@66e31a9b, org.springframework.security.web.session.SessionManagementFilter@1be7b3f6, org.springframework.security.web.access.ExceptionTranslationFilter@6339f66d, org.springframework.security.web.access.intercept.FilterSecurityInterceptor@264f4ee6]
[30m2022-07-12 19:23:40,094[0;39m [34mINFO [0;39m [[34mtask-1[0;39m] [32mcom.zaxxer.hikari.HikariDataSource[0;39m: HikariPool-1 - Starting...
[30m2022-07-12 19:23:41,735[0;39m [34mINFO [0;39m [[34mtask-1[0;39m] [32mcom.zaxxer.hikari.HikariDataSource[0;39m: HikariPool-1 - Start completed.
[30m2022-07-12 19:23:41,785[0;39m [34mINFO [0;39m [[34mtask-1[0;39m] [32morg.hibernate.dialect.Dialect[0;39m: HHH000400: Using dialect: org.hibernate.dialect.MySQL8Dialect
[30m2022-07-12 19:23:44,635[0;39m [34mINFO [0;39m [[34mtask-1[0;39m] [32morg.hibernate.engine.transaction.jta.platform.internal.JtaPlatformInitiator[0;39m: HHH000490: Using JtaPlatform implementation: [org.hibernate.engine.transaction.jta.platform.internal.NoJtaPlatform]
[30m2022-07-12 19:23:44,648[0;39m [34mINFO [0;39m [[34mtask-1[0;39m] [32morg.springframework.orm.jpa.AbstractEntityManagerFactoryBean[0;39m: Initialized JPA EntityManagerFactory for persistence unit 'default'
[30m2022-07-12 19:23:44,681[0;39m [34mINFO [0;39m [[34mtask-2[0;39m] [32morg.springframework.boot.devtools.autoconfigure.OptionalLiveReloadServer[0;39m: LiveReload server is running on port 35729
[30m2022-07-12 19:23:44,848[0;39m [34mINFO [0;39m [[34mRMI TCP Connection(3)-127.0.0.1[0;39m] [32morg.apache.juli.logging.DirectJDKLog[0;39m: Initializing Spring DispatcherServlet 'dispatcherServlet'
[30m2022-07-12 19:23:44,850[0;39m [34mINFO [0;39m [[34mRMI TCP Connection(3)-127.0.0.1[0;39m] [32morg.springframework.web.servlet.FrameworkServlet[0;39m: Initializing Servlet 'dispatcherServlet'
[30m2022-07-12 19:23:44,862[0;39m [34mINFO [0;39m [[34mRMI TCP Connection(3)-127.0.0.1[0;39m] [32morg.springframework.web.servlet.FrameworkServlet[0;39m: Completed initialization in 12 ms
[30m2022-07-12 19:23:44,878[0;39m [34mINFO [0;39m [[34mrestartedMain[0;39m] [32morg.apache.juli.logging.DirectJDKLog[0;39m: Starting ProtocolHandler ["http-nio-8081"]
[30m2022-07-12 19:23:44,945[0;39m [34mINFO [0;39m [[34mrestartedMain[0;39m] [32morg.springframework.boot.web.embedded.tomcat.TomcatWebServer[0;39m: Tomcat started on port(s): 8081 (http) with context path ''
[30m2022-07-12 19:23:45,229[0;39m [34mINFO [0;39m [[34mrestartedMain[0;39m] [32morg.springframework.boot.web.embedded.tomcat.TomcatWebServer[0;39m: Tomcat initialized with port(s): 9000 (http)
[30m2022-07-12 19:23:45,231[0;39m [34mINFO [0;39m [[34mrestartedMain[0;39m] [32morg.apache.juli.logging.DirectJDKLog[0;39m: Initializing ProtocolHandler ["http-nio-9000"]
[30m2022-07-12 19:23:45,234[0;39m [34mINFO [0;39m [[34mrestartedMain[0;39m] [32morg.apache.juli.logging.DirectJDKLog[0;39m: Starting service [Tomcat]
[30m2022-07-12 19:23:45,234[0;39m [34mINFO [0;39m [[34mrestartedMain[0;39m] [32morg.apache.juli.logging.DirectJDKLog[0;39m: Starting Servlet engine: [Apache Tomcat/9.0.37]
[30m2022-07-12 19:23:45,282[0;39m [34mINFO [0;39m [[34mrestartedMain[0;39m] [32morg.apache.juli.logging.DirectJDKLog[0;39m: Initializing Spring embedded WebApplicationContext
[30m2022-07-12 19:23:45,282[0;39m [34mINFO [0;39m [[34mrestartedMain[0;39m] [32morg.springframework.boot.web.servlet.context.ServletWebServerApplicationContext[0;39m: Root WebApplicationContext: initialization completed in 327 ms
[30m2022-07-12 19:23:45,313[0;39m [34mINFO [0;39m [[34mrestartedMain[0;39m] [32morg.springframework.boot.actuate.endpoint.web.EndpointLinksResolver[0;39m: Exposing 13 endpoint(s) beneath base path '/actuator'
[30m2022-07-12 19:23:45,407[0;39m [34mINFO [0;39m [[34mrestartedMain[0;39m] [32morg.apache.juli.logging.DirectJDKLog[0;39m: Starting ProtocolHandler ["http-nio-9000"]
[30m2022-07-12 19:23:45,417[0;39m [34mINFO [0;39m [[34mrestartedMain[0;39m] [32morg.springframework.boot.web.embedded.tomcat.TomcatWebServer[0;39m: Tomcat started on port(s): 9000 (http) with context path ''
[30m2022-07-12 19:23:45,421[0;39m [34mINFO [0;39m [[34mrestartedMain[0;39m] [32morg.springframework.data.repository.config.DeferredRepositoryInitializationListener[0;39m: Triggering deferred initialization of Spring Data repositories…
[30m2022-07-12 19:23:46,318[0;39m [34mINFO [0;39m [[34mrestartedMain[0;39m] [32morg.springframework.data.repository.config.DeferredRepositoryInitializationListener[0;39m: Spring Data repositories initialized!
[30m2022-07-12 19:23:46,323[0;39m [34mINFO [0;39m [[34mrestartedMain[0;39m] [32morg.springframework.data.repository.config.DeferredRepositoryInitializationListener[0;39m: Triggering deferred initialization of Spring Data repositories…
[30m2022-07-12 19:23:46,324[0;39m [34mINFO [0;39m [[34mrestartedMain[0;39m] [32morg.springframework.data.repository.config.DeferredRepositoryInitializationListener[0;39m: Spring Data repositories initialized!
[30m2022-07-12 19:23:46,325[0;39m [34mINFO [0;39m [[34mrestartedMain[0;39m] [32morg.springframework.boot.StartupInfoLogger[0;39m: Started ExamserverApplication in 14.697 seconds (JVM running for 18.376)
[30m2022-07-12 19:23:57,438[0;39m [34mINFO [0;39m [[34mRMI TCP Connection(9)-127.0.0.1[0;39m] [32morg.springframework.boot.admin.SpringApplicationAdminMXBeanRegistrar$SpringApplicationAdmin[0;39m: Application shutdown requested.
[30m2022-07-12 19:23:57,539[0;39m [34mINFO [0;39m [[34mRMI TCP Connection(9)-127.0.0.1[0;39m] [32morg.springframework.orm.jpa.AbstractEntityManagerFactoryBean[0;39m: Closing JPA EntityManagerFactory for persistence unit 'default'
[30m2022-07-12 19:23:57,545[0;39m [34mINFO [0;39m [[34mRMI TCP Connection(9)-127.0.0.1[0;39m] [32morg.springframework.scheduling.concurrent.ExecutorConfigurationSupport[0;39m: Shutting down ExecutorService 'applicationTaskExecutor'
[30m2022-07-12 19:23:57,550[0;39m [34mINFO [0;39m [[34mRMI TCP Connection(9)-127.0.0.1[0;39m] [32mcom.zaxxer.hikari.HikariDataSource[0;39m: HikariPool-1 - Shutdown initiated...
[30m2022-07-12 19:23:57,579[0;39m [34mINFO [0;39m [[34mRMI TCP Connection(9)-127.0.0.1[0;39m] [32mcom.zaxxer.hikari.HikariDataSource[0;39m: HikariPool-1 - Shutdown completed.
